21.2588 	DEBUG 	Fullscreen settings ignored as running in pilot mode.
21.2614 	INFO 	Loaded monitor calibration from ['2024_08_07 22:29']
21.7347 	EXP 	Created window1 = Window(allowGUI=True, allowStencil=False, autoLog=True, backendConf=UNKNOWN, backgroundFit=<method-wrapper '__getattribute__' of attributeSetter object at 0x000002611F85DE20>, backgroundImage=<method-wrapper '__getattribute__' of attributeSetter object at 0x000002611F85DDC0>, bitsMode=UNKNOWN, blendMode='avg', bpc=(8, 8, 8), color=array([0, 0, 0]), colorSpace='rgb', depthBits=8, fullscr=<method-wrapper '__getattribute__' of attributeSetter object at 0x000002611F85DC10>, gamma=None, gammaErrorPolicy='raise', infoMsg=UNKNOWN, lms=UNKNOWN, monitor=<psychopy.monitors.calibTools.Monitor object at 0x000002611FB97C70>, multiSample=False, name='window1', numSamples=2, pos=[560.0, 240.0], screen=0, size=array([800, 600]), stencilBits=0, stereo=False, title='PsychoPy', units='height', useFBO=True, useRetina=False, viewOri=0.0, viewPos=None, viewScale=None, waitBlanking=True, winType='pyglet')
21.7348 	EXP 	window1: backgroundImage = ''
21.7348 	EXP 	window1: backgroundFit = 'none'
21.7351 	EXP 	window1: mouseVisible = <method-wrapper '__getattribute__' of attributeSetter object at 0x000002611F85DF40>
21.7354 	EXP 	window1: mouseVisible = <method-wrapper '__getattribute__' of attributeSetter object at 0x000002611F85DF40>
21.7400 	EXP 	window1: mouseVisible = <method-wrapper '__getattribute__' of attributeSetter object at 0x000002611F85DF40>
21.7413 	EXP 	window1: mouseVisible = <method-wrapper '__getattribute__' of attributeSetter object at 0x000002611F85DF40>
21.7518 	DEBUG 	TextBox2 loaded 1 chars with 0 blanks and 1 valid
21.7539 	DEBUG 	TextBox2 loaded 1 chars with 0 blanks and 1 valid
21.7563 	DEBUG 	TextBox2 loaded 1 chars with 0 blanks and 1 valid
21.7586 	DEBUG 	TextBox2 loaded 1 chars with 0 blanks and 1 valid
21.7608 	DEBUG 	TextBox2 loaded 1 chars with 0 blanks and 1 valid
21.7623 	DEBUG 	TextBox2 loaded 1 chars with 0 blanks and 1 valid
21.7641 	DEBUG 	TextBox2 loaded 1 chars with 0 blanks and 1 valid
21.7662 	DEBUG 	TextBox2 loaded 1 chars with 0 blanks and 1 valid
21.7674 	DEBUG 	TextBox2 loaded 1 chars with 0 blanks and 1 valid
21.7687 	DEBUG 	TextBox2 loaded 1 chars with 0 blanks and 1 valid
21.7707 	DEBUG 	TextBox2 loaded 1 chars with 0 blanks and 1 valid
21.7728 	DEBUG 	TextBox2 loaded 1 chars with 0 blanks and 1 valid
21.7747 	DEBUG 	TextBox2 loaded 1 chars with 0 blanks and 1 valid
21.7764 	DEBUG 	TextBox2 loaded 1 chars with 0 blanks and 1 valid
21.7780 	DEBUG 	TextBox2 loaded 1 chars with 0 blanks and 1 valid
21.7798 	DEBUG 	TextBox2 loaded 1 chars with 0 blanks and 1 valid
21.7817 	DEBUG 	TextBox2 loaded 1 chars with 0 blanks and 1 valid
21.7831 	DEBUG 	TextBox2 loaded 1 chars with 0 blanks and 1 valid
21.7845 	DEBUG 	TextBox2 loaded 1 chars with 0 blanks and 1 valid
21.7867 	DEBUG 	TextBox2 loaded 1 chars with 0 blanks and 1 valid
21.7884 	DEBUG 	TextBox2 loaded 1 chars with 0 blanks and 1 valid
21.7889 	DEBUG 	Uploading Texture Font fontname to graphics card
21.7905 	DEBUG 	Upload of Texture Font fontname complete
21.7933 	EXP 	window1: mouseVisible = <method-wrapper '__getattribute__' of attributeSetter object at 0x000002611F85DF40>
21.7936 	EXP 	window1: mouseVisible = <method-wrapper '__getattribute__' of attributeSetter object at 0x000002611F85DF40>
21.7950 	EXP 	window1: mouseVisible = <method-wrapper '__getattribute__' of attributeSetter object at 0x000002611F85DF40>
21.7962 	EXP 	window1: mouseVisible = <method-wrapper '__getattribute__' of attributeSetter object at 0x000002611F85DF40>
21.8036 	DEBUG 	TextBox2 loaded 1 chars with 0 blanks and 1 valid
21.8060 	DEBUG 	TextBox2 loaded 1 chars with 0 blanks and 1 valid
21.8081 	DEBUG 	TextBox2 loaded 1 chars with 0 blanks and 1 valid
21.8085 	DEBUG 	Uploading Texture Font fontname to graphics card
21.8099 	DEBUG 	Upload of Texture Font fontname complete
21.8140 	EXP 	window1: Attempting to measure frame rate of screen (0) ...
21.8140 	EXP 	window1: recordFrameIntervals = False
21.9931 	EXP 	window1: recordFrameIntervals = True
22.1769 	EXP 	Screen (0) actual frame rate measured at 60.03Hz
22.1770 	EXP 	window1: recordFrameIntervals = False
22.1772 	EXP 	window1: mouseVisible = False
22.1781 	EXP 	window1: mouseVisible = False
22.1786 	EXP 	window1: mouseVisible = False
22.1811 	EXP 	window1: mouseVisible = False
22.1832 	EXP 	window1: mouseVisible = False
22.1958 	DEBUG 	TextBox2 loaded 1 chars with 0 blanks and 1 valid
22.1983 	DEBUG 	TextBox2 loaded 1 chars with 0 blanks and 1 valid
22.2017 	DEBUG 	TextBox2 loaded 1 chars with 0 blanks and 1 valid
22.2051 	DEBUG 	TextBox2 loaded 1 chars with 0 blanks and 1 valid
22.2080 	DEBUG 	TextBox2 loaded 1 chars with 0 blanks and 1 valid
22.2105 	DEBUG 	TextBox2 loaded 1 chars with 0 blanks and 1 valid
22.2121 	DEBUG 	TextBox2 loaded 1 chars with 0 blanks and 1 valid
22.2142 	DEBUG 	TextBox2 loaded 1 chars with 0 blanks and 1 valid
22.2165 	DEBUG 	TextBox2 loaded 1 chars with 0 blanks and 1 valid
22.2184 	DEBUG 	TextBox2 loaded 1 chars with 0 blanks and 1 valid
22.2189 	DEBUG 	Uploading Texture Font fontname to graphics card
22.2202 	DEBUG 	Upload of Texture Font fontname complete
22.2229 	EXP 	window1: mouseVisible = False
22.2232 	EXP 	window1: mouseVisible = False
22.2240 	EXP 	window1: mouseVisible = False
22.2247 	EXP 	window1: mouseVisible = False
22.3011 	WARNING 	launchHubServer: If using the iohub mouse or eyetracker devices, fullScr should be True.
28.6204 	INFO 	keyboard.Keyboard is using iohub backend.
28.6205 	INFO 	keyboard.Keyboard is using iohub backend.
28.6205 	EXP 	solo_project: status = STARTED
28.6209 	EXP 	window1: mouseVisible = False
28.7410 	EXP 	Created text_2 = TextStim(__class__=<class 'psychopy.visual.text.TextStim'>, alignHoriz=method-wrapper(...), alignText='center', alignVert=method-wrapper(...), anchorHoriz='center', anchorVert='center', antialias=True, autoDraw=False, autoLog=True, bold=False, color=array([1., 1., 1.]), colorSpace='rgb', contrast=1.0, depth=0.0, draggable=False, flipHoriz=False, flipVert=False, font='Arial', fontFiles=[], height=0.05, italic=False, languageStyle='LTR', name='text_2', opacity=1.0, ori=0.0, pos=array([0., 0.]), rgb=UNKNOWN, text=str(...), units='height', win=Window(...), wrapWidth=1)
28.7412 	EXP 	window1: mouseVisible = False
28.7450 	EXP 	Created fixation = ShapeStim(__class__=<class 'psychopy.visual.shape.ShapeStim'>, anchor=('center', 'center'), autoDraw=False, autoLog=True, closeShape=True, color=method-wrapper(...), colorSpace='rgb', contrast=None, depth=0.0, draggable=False, fillColor=array([1, 1, 1]), fillColorSpace='rgb', fillRGB=array([1, 1, 1]), interpolate=True, lineColor=array([1., 1., 1.]), lineColorSpace='rgb', lineRGB=array([1, 1, 1]), lineWidth=1.0, name='fixation', opacity=1.0, ori=0.0, pos=array([0., 0.]), size=array([0.1, 0.1]), units='height', vertices=ndarray(...), win=Window(...), windingRule=None)
28.7452 	EXP 	window1: mouseVisible = False
28.7473 	EXP 	Created text = TextStim(__class__=<class 'psychopy.visual.text.TextStim'>, alignHoriz=method-wrapper(...), alignText='center', alignVert=method-wrapper(...), anchorHoriz='center', anchorVert='center', antialias=True, autoDraw=False, autoLog=True, bold=False, color=array([1., 1., 1.]), colorSpace='rgb', contrast=1.0, depth=-1.0, draggable=False, flipHoriz=False, flipVert=False, font='Arial', fontFiles=[], height=0.05, italic=False, languageStyle='LTR', name='text', opacity=1.0, ori=0.0, pos=array([0., 0.]), rgb=UNKNOWN, text='', units='height', win=Window(...), wrapWidth=1)
28.7475 	EXP 	window1: mouseVisible = False
28.7583 	EXP 	Created text_3 = TextStim(__class__=<class 'psychopy.visual.text.TextStim'>, alignHoriz=method-wrapper(...), alignText='center', alignVert=method-wrapper(...), anchorHoriz='center', anchorVert='center', antialias=True, autoDraw=False, autoLog=True, bold=False, color=array([1., 1., 1.]), colorSpace='rgb', contrast=1.0, depth=0.0, draggable=False, flipHoriz=False, flipVert=False, font='Arial', fontFiles=[], height=0.05, italic=False, languageStyle='LTR', name='text_3', opacity=1.0, ori=0.0, pos=array([0., 0.]), rgb=UNKNOWN, text=str(...), units='height', win=Window(...), wrapWidth=1)
0.0243 	EXP 	text_2: autoDraw = True
10.0276 	DEBUG 	Read excel file with openpyxl: list_3_ccrl.xlsx
10.0333 	EXP 	Imported list_3_ccrl.xlsx as conditions, 40 conditions, 3 params
10.0351 	EXP 	Created sequence: random, trialTypes=40, nReps=1, seed=None
10.0354 	EXP 	New trial (rep=0, index=0): {'stimulus': 'denficy', 'condition': 'ccrl', 'corr_resp': 'n'}
10.0506 	EXP 	text_2: autoDraw = False
10.0506 	EXP 	text: height = 0.05
10.0506 	EXP 	text: height = 0.05
10.0506 	EXP 	text: height = 0.05
10.0506 	EXP 	text: text = 'denficy'
10.0506 	EXP 	fixation: autoDraw = True
10.5188 	INFO 	Keyboard events cleared
10.5181 	EXP 	text: autoDraw = True
10.5701 	EXP 	fixation: autoDraw = False
11.5247 	EXP 	New trial (rep=0, index=1): {'stimulus': 'reconal', 'condition': 'ccrl', 'corr_resp': 'n'}
11.5300 	DATA 	Keypress: n
11.5356 	EXP 	fixation: autoDraw = False
11.5356 	EXP 	text: autoDraw = False
11.5356 	EXP 	text: height = 0.05
11.5356 	EXP 	text: height = 0.05
11.5356 	EXP 	text: height = 0.05
11.5356 	EXP 	text: text = 'reconal'
11.5356 	EXP 	fixation: autoDraw = True
12.0560 	INFO 	Keyboard events cleared
12.0554 	EXP 	fixation: autoDraw = False
12.0554 	EXP 	text: autoDraw = True
13.1982 	DATA 	Keypress: n
13.2160 	EXP 	New trial (rep=0, index=2): {'stimulus': 'posity', 'condition': 'ccrl', 'corr_resp': 'n'}
13.2378 	EXP 	fixation: autoDraw = False
13.2378 	EXP 	text: autoDraw = False
13.2378 	EXP 	text: height = 0.05
13.2378 	EXP 	text: height = 0.05
13.2378 	EXP 	text: height = 0.05
13.2378 	EXP 	text: text = 'posity'
13.2378 	EXP 	fixation: autoDraw = True
13.7388 	INFO 	Keyboard events cleared
13.7382 	EXP 	text: autoDraw = True
13.7574 	EXP 	fixation: autoDraw = False
14.6486 	EXP 	New trial (rep=0, index=3): {'stimulus': 'coverage  ', 'condition': 'control', 'corr_resp': 'y'}
14.6598 	DATA 	Keypress: n
14.6718 	EXP 	fixation: autoDraw = False
14.6718 	EXP 	text: autoDraw = False
14.6718 	EXP 	text: height = 0.05
14.6718 	EXP 	text: height = 0.05
14.6718 	EXP 	text: height = 0.05
14.6718 	EXP 	text: text = 'coverage  '
14.6718 	EXP 	fixation: autoDraw = True
15.1760 	INFO 	Keyboard events cleared
15.1754 	EXP 	fixation: autoDraw = False
15.1754 	EXP 	text: autoDraw = True
15.9367 	EXP 	New trial (rep=0, index=4): {'stimulus': 'cocewage', 'condition': 'ccrl', 'corr_resp': 'n'}
15.9441 	DATA 	Keypress: y
15.9571 	EXP 	fixation: autoDraw = False
15.9571 	EXP 	text: autoDraw = False
15.9571 	EXP 	text: height = 0.05
15.9571 	EXP 	text: height = 0.05
15.9571 	EXP 	text: height = 0.05
15.9571 	EXP 	text: text = 'cocewage'
15.9571 	EXP 	fixation: autoDraw = True
16.4586 	INFO 	Keyboard events cleared
16.4578 	EXP 	text: autoDraw = True
16.4769 	EXP 	fixation: autoDraw = False
17.5019 	EXP 	New trial (rep=0, index=5): {'stimulus': 'potugar', 'condition': 'ccrl', 'corr_resp': 'n'}
17.5096 	DATA 	Keypress: n
17.5257 	EXP 	fixation: autoDraw = False
17.5257 	EXP 	text: autoDraw = False
17.5257 	EXP 	text: height = 0.05
17.5257 	EXP 	text: height = 0.05
17.5257 	EXP 	text: height = 0.05
17.5257 	EXP 	text: text = 'potugar'
17.5257 	EXP 	fixation: autoDraw = True
18.0293 	INFO 	Keyboard events cleared
18.0287 	EXP 	fixation: autoDraw = False
18.0287 	EXP 	text: autoDraw = True
18.6698 	EXP 	New trial (rep=0, index=6): {'stimulus': 'numerical  ', 'condition': 'control', 'corr_resp': 'y'}
18.6783 	DATA 	Keypress: n
18.6938 	EXP 	fixation: autoDraw = False
18.6938 	EXP 	text: autoDraw = False
18.6938 	EXP 	text: height = 0.05
18.6938 	EXP 	text: height = 0.05
18.6938 	EXP 	text: height = 0.05
18.6938 	EXP 	text: text = 'numerical  '
18.6938 	EXP 	fixation: autoDraw = True
19.1970 	INFO 	Keyboard events cleared
19.1965 	EXP 	fixation: autoDraw = False
19.1965 	EXP 	text: autoDraw = True
19.9375 	EXP 	New trial (rep=0, index=7): {'stimulus': 'conbicer', 'condition': 'ccrl', 'corr_resp': 'n'}
19.9454 	DATA 	Keypress: y
19.9617 	EXP 	fixation: autoDraw = False
19.9617 	EXP 	text: autoDraw = False
19.9617 	EXP 	text: height = 0.05
19.9617 	EXP 	text: height = 0.05
19.9617 	EXP 	text: height = 0.05
19.9617 	EXP 	text: text = 'conbicer'
19.9617 	EXP 	fixation: autoDraw = True
20.4628 	INFO 	Keyboard events cleared
20.4622 	EXP 	text: autoDraw = True
20.4956 	EXP 	fixation: autoDraw = False
21.6754 	EXP 	New trial (rep=0, index=8): {'stimulus': 'dispute  ', 'condition': 'control', 'corr_resp': 'y'}
21.6836 	DATA 	Keypress: n
21.6968 	EXP 	fixation: autoDraw = False
21.6968 	EXP 	text: autoDraw = False
21.6968 	EXP 	text: height = 0.05
21.6968 	EXP 	text: height = 0.05
21.6968 	EXP 	text: height = 0.05
21.6968 	EXP 	text: text = 'dispute  '
21.6968 	EXP 	fixation: autoDraw = True
22.1980 	INFO 	Keyboard events cleared
22.1974 	EXP 	text: autoDraw = True
22.2164 	EXP 	fixation: autoDraw = False
23.0095 	DATA 	Keypress: y
23.0275 	EXP 	New trial (rep=0, index=9): {'stimulus': 'religion  ', 'condition': 'control', 'corr_resp': 'y'}
23.0483 	EXP 	fixation: autoDraw = False
23.0483 	EXP 	text: autoDraw = False
23.0483 	EXP 	text: height = 0.05
23.0483 	EXP 	text: height = 0.05
23.0483 	EXP 	text: height = 0.05
23.0483 	EXP 	text: text = 'religion  '
23.0483 	EXP 	fixation: autoDraw = True
23.5351 	INFO 	Keyboard events cleared
23.5345 	EXP 	text: autoDraw = True
23.5656 	EXP 	fixation: autoDraw = False
24.2456 	EXP 	New trial (rep=0, index=10): {'stimulus': 'menowy', 'condition': 'ccrl', 'corr_resp': 'n'}
24.2523 	DATA 	Keypress: y
24.2665 	EXP 	fixation: autoDraw = False
24.2665 	EXP 	text: autoDraw = False
24.2665 	EXP 	text: height = 0.05
24.2665 	EXP 	text: height = 0.05
24.2665 	EXP 	text: height = 0.05
24.2665 	EXP 	text: text = 'menowy'
24.2665 	EXP 	fixation: autoDraw = True
24.7694 	INFO 	Keyboard events cleared
24.7688 	EXP 	fixation: autoDraw = False
24.7688 	EXP 	text: autoDraw = True
25.3110 	DATA 	Keypress: n
25.3291 	EXP 	New trial (rep=0, index=11): {'stimulus': 'retire  ', 'condition': 'control', 'corr_resp': 'y'}
25.3506 	EXP 	fixation: autoDraw = False
25.3506 	EXP 	text: autoDraw = False
25.3506 	EXP 	text: height = 0.05
25.3506 	EXP 	text: height = 0.05
25.3506 	EXP 	text: height = 0.05
25.3506 	EXP 	text: text = 'retire  '
25.3506 	EXP 	fixation: autoDraw = True
25.8368 	INFO 	Keyboard events cleared
25.8363 	EXP 	text: autoDraw = True
25.8532 	EXP 	fixation: autoDraw = False
26.6117 	EXP 	New trial (rep=0, index=12): {'stimulus': 'provide  ', 'condition': 'control', 'corr_resp': 'y'}
26.6195 	DATA 	Keypress: y
26.6356 	EXP 	fixation: autoDraw = False
26.6356 	EXP 	text: autoDraw = False
26.6356 	EXP 	text: height = 0.05
26.6356 	EXP 	text: height = 0.05
26.6356 	EXP 	text: height = 0.05
26.6356 	EXP 	text: text = 'provide  '
26.6356 	EXP 	fixation: autoDraw = True
27.1230 	INFO 	Keyboard events cleared
27.1223 	EXP 	text: autoDraw = True
27.1530 	EXP 	fixation: autoDraw = False
27.7795 	EXP 	New trial (rep=0, index=13): {'stimulus': 'density  ', 'condition': 'control', 'corr_resp': 'y'}
27.7874 	DATA 	Keypress: y
27.8036 	EXP 	fixation: autoDraw = False
27.8036 	EXP 	text: autoDraw = False
27.8036 	EXP 	text: height = 0.05
27.8036 	EXP 	text: height = 0.05
27.8036 	EXP 	text: height = 0.05
27.8036 	EXP 	text: text = 'density  '
27.8036 	EXP 	fixation: autoDraw = True
28.3050 	INFO 	Keyboard events cleared
28.3044 	EXP 	text: autoDraw = True
28.3234 	EXP 	fixation: autoDraw = False
29.1505 	EXP 	New trial (rep=0, index=14): {'stimulus': 'mifikary', 'condition': 'ccrl', 'corr_resp': 'n'}
29.1585 	DATA 	Keypress: y
29.1714 	EXP 	fixation: autoDraw = False
29.1714 	EXP 	text: autoDraw = False
29.1714 	EXP 	text: height = 0.05
29.1714 	EXP 	text: height = 0.05
29.1714 	EXP 	text: height = 0.05
29.1714 	EXP 	text: text = 'mifikary'
29.1714 	EXP 	fixation: autoDraw = True
29.6753 	INFO 	Keyboard events cleared
29.6747 	EXP 	fixation: autoDraw = False
29.6747 	EXP 	text: autoDraw = True
30.3407 	DATA 	Keypress: n
30.3647 	EXP 	New trial (rep=0, index=15): {'stimulus': 'samite', 'condition': 'ccrl', 'corr_resp': 'n'}
30.3891 	EXP 	fixation: autoDraw = False
30.3891 	EXP 	text: autoDraw = False
30.3891 	EXP 	text: height = 0.05
30.3891 	EXP 	text: height = 0.05
30.3891 	EXP 	text: height = 0.05
30.3891 	EXP 	text: text = 'samite'
30.3891 	EXP 	fixation: autoDraw = True
30.8927 	INFO 	Keyboard events cleared
30.8921 	EXP 	fixation: autoDraw = False
30.8921 	EXP 	text: autoDraw = True
31.5338 	EXP 	New trial (rep=0, index=16): {'stimulus': 'rapidly  ', 'condition': 'control', 'corr_resp': 'y'}
31.5421 	DATA 	Keypress: n
31.5576 	EXP 	fixation: autoDraw = False
31.5576 	EXP 	text: autoDraw = False
31.5576 	EXP 	text: height = 0.05
31.5576 	EXP 	text: height = 0.05
31.5576 	EXP 	text: height = 0.05
31.5576 	EXP 	text: text = 'rapidly  '
31.5576 	EXP 	fixation: autoDraw = True
32.0590 	INFO 	Keyboard events cleared
32.0584 	EXP 	text: autoDraw = True
32.0775 	EXP 	fixation: autoDraw = False
32.8690 	EXP 	New trial (rep=0, index=17): {'stimulus': 'consider  ', 'condition': 'control', 'corr_resp': 'y'}
32.8785 	DATA 	Keypress: y
32.8926 	EXP 	fixation: autoDraw = False
32.8926 	EXP 	text: autoDraw = False
32.8926 	EXP 	text: height = 0.05
32.8926 	EXP 	text: height = 0.05
32.8926 	EXP 	text: height = 0.05
32.8926 	EXP 	text: text = 'consider  '
32.8926 	EXP 	fixation: autoDraw = True
33.3939 	INFO 	Keyboard events cleared
33.3932 	EXP 	text: autoDraw = True
33.4122 	EXP 	fixation: autoDraw = False
34.0534 	EXP 	New trial (rep=0, index=18): {'stimulus': 'rabigly', 'condition': 'ccrl', 'corr_resp': 'n'}
34.0618 	DATA 	Keypress: y
34.0770 	EXP 	fixation: autoDraw = False
34.0770 	EXP 	text: autoDraw = False
34.0770 	EXP 	text: height = 0.05
34.0770 	EXP 	text: height = 0.05
34.0770 	EXP 	text: height = 0.05
34.0770 	EXP 	text: text = 'rabigly'
34.0770 	EXP 	fixation: autoDraw = True
34.5782 	INFO 	Keyboard events cleared
34.5776 	EXP 	text: autoDraw = True
34.5969 	EXP 	fixation: autoDraw = False
35.2377 	EXP 	New trial (rep=0, index=19): {'stimulus': 'repifion', 'condition': 'ccrl', 'corr_resp': 'n'}
35.2457 	DATA 	Keypress: n
35.2617 	EXP 	fixation: autoDraw = False
35.2617 	EXP 	text: autoDraw = False
35.2617 	EXP 	text: height = 0.05
35.2617 	EXP 	text: height = 0.05
35.2617 	EXP 	text: height = 0.05
35.2617 	EXP 	text: text = 'repifion'
35.2617 	EXP 	fixation: autoDraw = True
35.7653 	INFO 	Keyboard events cleared
35.7647 	EXP 	fixation: autoDraw = False
35.7647 	EXP 	text: autoDraw = True
36.4227 	EXP 	New trial (rep=0, index=20): {'stimulus': 'nunewical', 'condition': 'ccrl', 'corr_resp': 'n'}
36.4306 	DATA 	Keypress: n
36.4462 	EXP 	fixation: autoDraw = False
36.4462 	EXP 	text: autoDraw = False
36.4462 	EXP 	text: height = 0.05
36.4462 	EXP 	text: height = 0.05
36.4462 	EXP 	text: height = 0.05
36.4462 	EXP 	text: text = 'nunewical'
36.4462 	EXP 	fixation: autoDraw = True
36.9474 	INFO 	Keyboard events cleared
36.9468 	EXP 	text: autoDraw = True
36.9653 	EXP 	fixation: autoDraw = False
37.4736 	EXP 	New trial (rep=0, index=21): {'stimulus': 'beloved  ', 'condition': 'control', 'corr_resp': 'y'}
37.4815 	DATA 	Keypress: n
37.4974 	EXP 	fixation: autoDraw = False
37.4974 	EXP 	text: autoDraw = False
37.4974 	EXP 	text: height = 0.05
37.4974 	EXP 	text: height = 0.05
37.4974 	EXP 	text: height = 0.05
37.4974 	EXP 	text: text = 'beloved  '
37.4974 	EXP 	fixation: autoDraw = True
37.9990 	INFO 	Keyboard events cleared
37.9984 	EXP 	text: autoDraw = True
38.0154 	EXP 	fixation: autoDraw = False
38.6581 	EXP 	New trial (rep=0, index=22): {'stimulus': 'qualify  ', 'condition': 'control', 'corr_resp': 'y'}
38.6669 	DATA 	Keypress: y
38.6821 	EXP 	fixation: autoDraw = False
38.6821 	EXP 	text: autoDraw = False
38.6821 	EXP 	text: height = 0.05
38.6821 	EXP 	text: height = 0.05
38.6821 	EXP 	text: height = 0.05
38.6821 	EXP 	text: text = 'qualify  '
38.6821 	EXP 	fixation: autoDraw = True
39.1697 	INFO 	Keyboard events cleared
39.1690 	EXP 	text: autoDraw = True
39.1991 	EXP 	fixation: autoDraw = False
39.8952 	EXP 	New trial (rep=0, index=23): {'stimulus': 'probice', 'condition': 'ccrl', 'corr_resp': 'n'}
39.9036 	DATA 	Keypress: y
39.9168 	EXP 	fixation: autoDraw = False
39.9168 	EXP 	text: autoDraw = False
39.9168 	EXP 	text: height = 0.05
39.9168 	EXP 	text: height = 0.05
39.9168 	EXP 	text: height = 0.05
39.9168 	EXP 	text: text = 'probice'
39.9168 	EXP 	fixation: autoDraw = True
40.4198 	INFO 	Keyboard events cleared
40.4192 	EXP 	fixation: autoDraw = False
40.4192 	EXP 	text: autoDraw = True
41.0471 	EXP 	New trial (rep=0, index=24): {'stimulus': 'delahe', 'condition': 'ccrl', 'corr_resp': 'n'}
41.0541 	DATA 	Keypress: n
41.0679 	EXP 	fixation: autoDraw = False
41.0679 	EXP 	text: autoDraw = False
41.0679 	EXP 	text: height = 0.05
41.0679 	EXP 	text: height = 0.05
41.0679 	EXP 	text: height = 0.05
41.0679 	EXP 	text: text = 'delahe'
41.0679 	EXP 	fixation: autoDraw = True
41.5696 	INFO 	Keyboard events cleared
41.5688 	EXP 	text: autoDraw = True
41.6017 	EXP 	fixation: autoDraw = False
42.2121 	EXP 	New trial (rep=0, index=25): {'stimulus': 'popular  ', 'condition': 'control', 'corr_resp': 'y'}
42.2199 	DATA 	Keypress: n
42.2360 	EXP 	fixation: autoDraw = False
42.2360 	EXP 	text: autoDraw = False
42.2360 	EXP 	text: height = 0.05
42.2360 	EXP 	text: height = 0.05
42.2360 	EXP 	text: height = 0.05
42.2360 	EXP 	text: text = 'popular  '
42.2360 	EXP 	fixation: autoDraw = True
42.7376 	INFO 	Keyboard events cleared
42.7369 	EXP 	text: autoDraw = True
42.7560 	EXP 	fixation: autoDraw = False
43.3661 	EXP 	New trial (rep=0, index=26): {'stimulus': 'quakity', 'condition': 'ccrl', 'corr_resp': 'n'}
43.3747 	DATA 	Keypress: y
43.3870 	EXP 	fixation: autoDraw = False
43.3870 	EXP 	text: autoDraw = False
43.3870 	EXP 	text: height = 0.05
43.3870 	EXP 	text: height = 0.05
43.3870 	EXP 	text: height = 0.05
43.3870 	EXP 	text: text = 'quakity'
43.3870 	EXP 	fixation: autoDraw = True
43.8746 	INFO 	Keyboard events cleared
43.8740 	EXP 	text: autoDraw = True
43.9045 	EXP 	fixation: autoDraw = False
44.6329 	DATA 	Keypress: n
44.6501 	EXP 	New trial (rep=0, index=27): {'stimulus': 'helicage', 'condition': 'ccrl', 'corr_resp': 'n'}
44.6719 	EXP 	fixation: autoDraw = False
44.6719 	EXP 	text: autoDraw = False
44.6719 	EXP 	text: height = 0.05
44.6719 	EXP 	text: height = 0.05
44.6719 	EXP 	text: height = 0.05
44.6719 	EXP 	text: text = 'helicage'
44.6719 	EXP 	fixation: autoDraw = True
45.1587 	INFO 	Keyboard events cleared
45.1581 	EXP 	text: autoDraw = True
45.1892 	EXP 	fixation: autoDraw = False
45.7340 	DATA 	Keypress: n
45.7520 	EXP 	New trial (rep=0, index=28): {'stimulus': 'military  ', 'condition': 'control', 'corr_resp': 'y'}
45.7733 	EXP 	fixation: autoDraw = False
45.7733 	EXP 	text: autoDraw = False
45.7733 	EXP 	text: height = 0.05
45.7733 	EXP 	text: height = 0.05
45.7733 	EXP 	text: height = 0.05
45.7733 	EXP 	text: text = 'military  '
45.7733 	EXP 	fixation: autoDraw = True
46.2607 	INFO 	Keyboard events cleared
46.2600 	EXP 	text: autoDraw = True
46.2906 	EXP 	fixation: autoDraw = False
46.9524 	EXP 	New trial (rep=0, index=29): {'stimulus': 'heritage  ', 'condition': 'control', 'corr_resp': 'y'}
46.9607 	DATA 	Keypress: y
46.9764 	EXP 	fixation: autoDraw = False
46.9764 	EXP 	text: autoDraw = False
46.9764 	EXP 	text: height = 0.05
46.9764 	EXP 	text: height = 0.05
46.9764 	EXP 	text: height = 0.05
46.9764 	EXP 	text: text = 'heritage  '
46.9764 	EXP 	fixation: autoDraw = True
47.4782 	INFO 	Keyboard events cleared
47.4776 	EXP 	text: autoDraw = True
47.5084 	EXP 	fixation: autoDraw = False
48.3687 	EXP 	New trial (rep=0, index=30): {'stimulus': 'indicate  ', 'condition': 'control', 'corr_resp': 'y'}
48.3773 	DATA 	Keypress: y
48.3926 	EXP 	fixation: autoDraw = False
48.3926 	EXP 	text: autoDraw = False
48.3926 	EXP 	text: height = 0.05
48.3926 	EXP 	text: height = 0.05
48.3926 	EXP 	text: height = 0.05
48.3926 	EXP 	text: text = 'indicate  '
48.3926 	EXP 	fixation: autoDraw = True
48.8961 	INFO 	Keyboard events cleared
48.8955 	EXP 	fixation: autoDraw = False
48.8955 	EXP 	text: autoDraw = True
49.6387 	DATA 	Keypress: y
49.6557 	EXP 	New trial (rep=0, index=31): {'stimulus': 'disluge', 'condition': 'ccrl', 'corr_resp': 'n'}
49.6773 	EXP 	fixation: autoDraw = False
49.6773 	EXP 	text: autoDraw = False
49.6773 	EXP 	text: height = 0.05
49.6773 	EXP 	text: height = 0.05
49.6773 	EXP 	text: height = 0.05
49.6773 	EXP 	text: text = 'disluge'
49.6773 	EXP 	fixation: autoDraw = True
50.1638 	INFO 	Keyboard events cleared
50.1632 	EXP 	text: autoDraw = True
50.1947 	EXP 	fixation: autoDraw = False
51.1586 	DATA 	Keypress: y
51.1883 	EXP 	New trial (rep=0, index=32): {'stimulus': 'bewoted', 'condition': 'ccrl', 'corr_resp': 'n'}
51.2125 	EXP 	fixation: autoDraw = False
51.2125 	EXP 	text: autoDraw = False
51.2125 	EXP 	text: height = 0.05
51.2125 	EXP 	text: height = 0.05
51.2125 	EXP 	text: height = 0.05
51.2125 	EXP 	text: text = 'bewoted'
51.2125 	EXP 	fixation: autoDraw = True
51.6991 	INFO 	Keyboard events cleared
51.6986 	EXP 	text: autoDraw = True
51.7296 	EXP 	fixation: autoDraw = False
52.6900 	EXP 	New trial (rep=0, index=33): {'stimulus': 'removal  ', 'condition': 'control', 'corr_resp': 'y'}
52.6981 	DATA 	Keypress: n
52.7141 	EXP 	fixation: autoDraw = False
52.7141 	EXP 	text: autoDraw = False
52.7141 	EXP 	text: height = 0.05
52.7141 	EXP 	text: height = 0.05
52.7141 	EXP 	text: height = 0.05
52.7141 	EXP 	text: text = 'removal  '
52.7141 	EXP 	fixation: autoDraw = True
53.2176 	INFO 	Keyboard events cleared
53.2170 	EXP 	fixation: autoDraw = False
53.2170 	EXP 	text: autoDraw = True
53.8586 	EXP 	New trial (rep=0, index=34): {'stimulus': 'debate  ', 'condition': 'control', 'corr_resp': 'y'}
53.8668 	DATA 	Keypress: y
53.8819 	EXP 	fixation: autoDraw = False
53.8819 	EXP 	text: autoDraw = False
53.8819 	EXP 	text: height = 0.05
53.8819 	EXP 	text: height = 0.05
53.8819 	EXP 	text: height = 0.05
53.8819 	EXP 	text: text = 'debate  '
53.8819 	EXP 	fixation: autoDraw = True
54.3834 	INFO 	Keyboard events cleared
54.3828 	EXP 	text: autoDraw = True
54.4014 	EXP 	fixation: autoDraw = False
55.3097 	EXP 	New trial (rep=0, index=35): {'stimulus': 'policy  ', 'condition': 'control', 'corr_resp': 'y'}
55.3177 	DATA 	Keypress: y
55.3336 	EXP 	fixation: autoDraw = False
55.3336 	EXP 	text: autoDraw = False
55.3336 	EXP 	text: height = 0.05
55.3336 	EXP 	text: height = 0.05
55.3336 	EXP 	text: height = 0.05
55.3336 	EXP 	text: text = 'policy  '
55.3336 	EXP 	fixation: autoDraw = True
55.8373 	INFO 	Keyboard events cleared
55.8367 	EXP 	fixation: autoDraw = False
55.8367 	EXP 	text: autoDraw = True
56.4277 	EXP 	New trial (rep=0, index=36): {'stimulus': 'recile', 'condition': 'ccrl', 'corr_resp': 'n'}
56.4361 	DATA 	Keypress: y
56.4515 	EXP 	fixation: autoDraw = False
56.4515 	EXP 	text: autoDraw = False
56.4515 	EXP 	text: height = 0.05
56.4515 	EXP 	text: height = 0.05
56.4515 	EXP 	text: height = 0.05
56.4515 	EXP 	text: text = 'recile'
56.4515 	EXP 	fixation: autoDraw = True
56.9528 	INFO 	Keyboard events cleared
56.9522 	EXP 	text: autoDraw = True
56.9711 	EXP 	fixation: autoDraw = False
57.8317 	EXP 	New trial (rep=0, index=37): {'stimulus': 'memory  ', 'condition': 'control', 'corr_resp': 'y'}
57.8392 	DATA 	Keypress: n
57.8531 	EXP 	fixation: autoDraw = False
57.8531 	EXP 	text: autoDraw = False
57.8531 	EXP 	text: height = 0.05
57.8531 	EXP 	text: height = 0.05
57.8531 	EXP 	text: height = 0.05
57.8531 	EXP 	text: text = 'memory  '
57.8531 	EXP 	fixation: autoDraw = True
58.3544 	INFO 	Keyboard events cleared
58.3538 	EXP 	text: autoDraw = True
58.3723 	EXP 	fixation: autoDraw = False
59.3651 	EXP 	New trial (rep=0, index=38): {'stimulus': 'insibate', 'condition': 'ccrl', 'corr_resp': 'n'}
59.3736 	DATA 	Keypress: y
59.3880 	EXP 	fixation: autoDraw = False
59.3880 	EXP 	text: autoDraw = False
59.3880 	EXP 	text: height = 0.05
59.3880 	EXP 	text: height = 0.05
59.3880 	EXP 	text: height = 0.05
59.3880 	EXP 	text: text = 'insibate'
59.3880 	EXP 	fixation: autoDraw = True
59.8892 	INFO 	Keyboard events cleared
59.8885 	EXP 	text: autoDraw = True
59.9075 	EXP 	fixation: autoDraw = False
60.8491 	EXP 	New trial (rep=0, index=39): {'stimulus': 'saline  ', 'condition': 'control', 'corr_resp': 'y'}
60.8569 	DATA 	Keypress: n
60.8730 	EXP 	fixation: autoDraw = False
60.8730 	EXP 	text: autoDraw = False
60.8730 	EXP 	text: height = 0.05
60.8730 	EXP 	text: height = 0.05
60.8730 	EXP 	text: height = 0.05
60.8730 	EXP 	text: text = 'saline  '
60.8730 	EXP 	fixation: autoDraw = True
61.3766 	INFO 	Keyboard events cleared
61.3760 	EXP 	fixation: autoDraw = False
61.3760 	EXP 	text: autoDraw = True
62.2040 	DATA 	Keypress: y
62.2246 	EXP 	fixation: autoDraw = False
62.2246 	EXP 	text: autoDraw = False
62.2246 	EXP 	text_3: autoDraw = True
67.2318 	EXP 	text_3: autoDraw = False
67.2389 	EXP 	solo_project: status = STOPPED
67.2638 	INFO 	saved data to 'C:\\Users\\ishas\\OneDrive\\Desktop\\Lab in Psych\\solo project\\data/taashi_3_solo_project_2024-12-01_13h42.35.226.csv'
67.2655 	INFO 	saved data to C:\Users\ishas\OneDrive\Desktop\Lab in Psych\solo project\data/taashi_3_solo_project_2024-12-01_13h42.35.226.psydat
67.3239 	EXP 	window1: mouseVisible = True
67.7838 	DEBUG 	Saving data for solo_project ExperimentHandler
