17.2956 	DEBUG 	Fullscreen settings ignored as running in pilot mode.
17.2973 	INFO 	Loaded monitor calibration from ['2024_08_07 22:29']
19.6587 	EXP 	Created window1 = Window(allowGUI=True, allowStencil=True, autoLog=True, backendConf=UNKNOWN, backgroundFit=<method-wrapper '__getattribute__' of attributeSetter object at 0x0000024DC79CC850>, backgroundImage=<method-wrapper '__getattribute__' of attributeSetter object at 0x0000024DC79CC7F0>, bitsMode=UNKNOWN, blendMode='avg', bpc=(8, 8, 8), color=array([0, 0, 0]), colorSpace='rgb', depthBits=8, fullscr=<method-wrapper '__getattribute__' of attributeSetter object at 0x0000024DC79CC5E0>, gamma=None, gammaErrorPolicy='raise', infoMsg=UNKNOWN, lms=UNKNOWN, monitor=<psychopy.monitors.calibTools.Monitor object at 0x0000024DC7CEF730>, multiSample=False, name='window1', numSamples=2, pos=[240.0, 60.0], screen=0, size=array([800, 600]), stencilBits=8, stereo=False, title='PsychoPy', units='height', useFBO=True, useRetina=False, viewOri=0.0, viewPos=None, viewScale=None, waitBlanking=True, winType='pyglet')
19.6588 	EXP 	window1: backgroundImage = ''
19.6588 	EXP 	window1: backgroundFit = 'none'
19.6591 	EXP 	window1: mouseVisible = <method-wrapper '__getattribute__' of attributeSetter object at 0x0000024DC79CC970>
19.6595 	EXP 	window1: mouseVisible = <method-wrapper '__getattribute__' of attributeSetter object at 0x0000024DC79CC970>
19.6647 	EXP 	window1: mouseVisible = <method-wrapper '__getattribute__' of attributeSetter object at 0x0000024DC79CC970>
19.6659 	EXP 	window1: mouseVisible = <method-wrapper '__getattribute__' of attributeSetter object at 0x0000024DC79CC970>
19.6883 	DEBUG 	TextBox2 loaded 1 chars with 0 blanks and 1 valid
19.6913 	DEBUG 	TextBox2 loaded 1 chars with 0 blanks and 1 valid
19.6938 	DEBUG 	TextBox2 loaded 1 chars with 0 blanks and 1 valid
19.6966 	DEBUG 	TextBox2 loaded 1 chars with 0 blanks and 1 valid
19.6992 	DEBUG 	TextBox2 loaded 1 chars with 0 blanks and 1 valid
19.7010 	DEBUG 	TextBox2 loaded 1 chars with 0 blanks and 1 valid
19.7033 	DEBUG 	TextBox2 loaded 1 chars with 0 blanks and 1 valid
19.7061 	DEBUG 	TextBox2 loaded 1 chars with 0 blanks and 1 valid
19.7077 	DEBUG 	TextBox2 loaded 1 chars with 0 blanks and 1 valid
19.7094 	DEBUG 	TextBox2 loaded 1 chars with 0 blanks and 1 valid
19.7116 	DEBUG 	TextBox2 loaded 1 chars with 0 blanks and 1 valid
19.7140 	DEBUG 	TextBox2 loaded 1 chars with 0 blanks and 1 valid
19.7162 	DEBUG 	TextBox2 loaded 1 chars with 0 blanks and 1 valid
19.7182 	DEBUG 	TextBox2 loaded 1 chars with 0 blanks and 1 valid
19.7202 	DEBUG 	TextBox2 loaded 1 chars with 0 blanks and 1 valid
19.7223 	DEBUG 	TextBox2 loaded 1 chars with 0 blanks and 1 valid
19.7243 	DEBUG 	TextBox2 loaded 1 chars with 0 blanks and 1 valid
19.7259 	DEBUG 	TextBox2 loaded 1 chars with 0 blanks and 1 valid
19.7275 	DEBUG 	TextBox2 loaded 1 chars with 0 blanks and 1 valid
19.7301 	DEBUG 	TextBox2 loaded 1 chars with 0 blanks and 1 valid
19.7317 	DEBUG 	TextBox2 loaded 1 chars with 0 blanks and 1 valid
19.8323 	DEBUG 	Uploading Texture Font fontname to graphics card
19.8357 	DEBUG 	Upload of Texture Font fontname complete
19.8409 	EXP 	window1: mouseVisible = <method-wrapper '__getattribute__' of attributeSetter object at 0x0000024DC79CC970>
19.8413 	EXP 	window1: mouseVisible = <method-wrapper '__getattribute__' of attributeSetter object at 0x0000024DC79CC970>
19.8434 	EXP 	window1: mouseVisible = <method-wrapper '__getattribute__' of attributeSetter object at 0x0000024DC79CC970>
19.8454 	EXP 	window1: mouseVisible = <method-wrapper '__getattribute__' of attributeSetter object at 0x0000024DC79CC970>
19.8621 	DEBUG 	TextBox2 loaded 1 chars with 0 blanks and 1 valid
19.8711 	DEBUG 	TextBox2 loaded 1 chars with 0 blanks and 1 valid
19.8765 	DEBUG 	TextBox2 loaded 1 chars with 0 blanks and 1 valid
19.8774 	DEBUG 	Uploading Texture Font fontname to graphics card
19.8801 	DEBUG 	Upload of Texture Font fontname complete
19.9324 	EXP 	window1: Attempting to measure frame rate of screen (0) ...
19.9325 	EXP 	window1: recordFrameIntervals = False
20.7784 	EXP 	window1: recordFrameIntervals = True
20.9449 	WARNING 	t of last frame was 99.92ms (=1/10)
21.1123 	EXP 	Screen (0) actual frame rate measured at 59.90Hz
21.1123 	EXP 	window1: recordFrameIntervals = False
21.1125 	EXP 	window1: mouseVisible = True
21.1135 	EXP 	window1: mouseVisible = True
21.1139 	EXP 	window1: mouseVisible = True
21.1160 	EXP 	window1: mouseVisible = True
21.1179 	EXP 	window1: mouseVisible = True
21.1328 	DEBUG 	TextBox2 loaded 1 chars with 0 blanks and 1 valid
21.1367 	DEBUG 	TextBox2 loaded 1 chars with 0 blanks and 1 valid
21.1414 	DEBUG 	TextBox2 loaded 1 chars with 0 blanks and 1 valid
21.1470 	DEBUG 	TextBox2 loaded 1 chars with 0 blanks and 1 valid
21.1525 	DEBUG 	TextBox2 loaded 1 chars with 0 blanks and 1 valid
21.1559 	DEBUG 	TextBox2 loaded 1 chars with 0 blanks and 1 valid
21.1576 	DEBUG 	TextBox2 loaded 1 chars with 0 blanks and 1 valid
21.1597 	DEBUG 	TextBox2 loaded 1 chars with 0 blanks and 1 valid
21.1620 	DEBUG 	TextBox2 loaded 1 chars with 0 blanks and 1 valid
21.1643 	DEBUG 	TextBox2 loaded 1 chars with 0 blanks and 1 valid
21.1647 	DEBUG 	Uploading Texture Font fontname to graphics card
21.1663 	DEBUG 	Upload of Texture Font fontname complete
21.1695 	EXP 	window1: mouseVisible = True
21.1698 	EXP 	window1: mouseVisible = True
21.1714 	EXP 	window1: mouseVisible = True
21.1727 	EXP 	window1: mouseVisible = True
21.6156 	WARNING 	launchHubServer: If using the iohub mouse or eyetracker devices, fullScr should be True.
29.7745 	INFO 	keyboard.Keyboard is using iohub backend.
29.7746 	EXP 	word_priming_task: status = STARTED
29.7753 	EXP 	window1: mouseVisible = True
29.8352 	EXP 	Created text = TextStim(__class__=<class 'psychopy.visual.text.TextStim'>, alignHoriz=method-wrapper(...), alignText='center', alignVert=method-wrapper(...), anchorHoriz='center', anchorVert='center', antialias=True, autoDraw=False, autoLog=True, bold=False, color=array([1., 1., 1.]), colorSpace='rgb', contrast=1.0, depth=0.0, draggable=False, flipHoriz=False, flipVert=False, font='Arial', fontFiles=[], height=0.05, italic=False, languageStyle='LTR', name='text', opacity=1.0, ori=0.0, pos=array([0., 0.]), rgb=UNKNOWN, text='', units='height', win=Window(...), wrapWidth=1)
29.8664 	EXP 	window1: mouseVisible = True
29.8757 	EXP 	window1: mouseVisible = True
29.8763 	EXP 	window1: mouseVisible = True
29.8794 	EXP 	window1: mouseVisible = True
29.8823 	EXP 	window1: mouseVisible = True
29.8923 	DEBUG 	TextBox2 loaded 1 chars with 0 blanks and 1 valid
29.8927 	DEBUG 	Uploading Texture Font fontname to graphics card
29.8936 	DEBUG 	Upload of Texture Font fontname complete
29.8969 	EXP 	window1: mouseVisible = True
29.8972 	EXP 	window1: mouseVisible = True
29.8986 	EXP 	window1: mouseVisible = True
29.8999 	EXP 	window1: mouseVisible = True
29.9073 	DEBUG 	TextBox2 loaded 1 chars with 0 blanks and 1 valid
29.9083 	DEBUG 	Uploading Texture Font fontname to graphics card
29.9092 	DEBUG 	Upload of Texture Font fontname complete
29.9122 	EXP 	window1: mouseVisible = True
29.9125 	EXP 	window1: mouseVisible = True
29.9139 	EXP 	window1: mouseVisible = True
29.9152 	EXP 	window1: mouseVisible = True
29.9237 	DEBUG 	TextBox2 loaded 1 chars with 0 blanks and 1 valid
29.9253 	DEBUG 	Uploading Texture Font fontname to graphics card
29.9262 	DEBUG 	Upload of Texture Font fontname complete
29.9294 	EXP 	window1: mouseVisible = True
29.9296 	EXP 	window1: mouseVisible = True
29.9310 	EXP 	window1: mouseVisible = True
29.9322 	EXP 	window1: mouseVisible = True
29.9408 	EXP 	window1: mouseVisible = True
29.9442 	EXP 	window1: mouseVisible = True
29.9972 	EXP 	Created slider = Slider(__class__=<class 'psychopy.visual.slider.Slider'>, autoDraw=False, autoLog=True, borderColor=None, color=None, colorSpace='rgb', depth=-1, fillColor=None, flip=False, font='Open Sans', granularity=0.0, labelColor=None, labelHeight=0.05, labelWrapWidth=None, labels=['Familiar', 'Unfamiliar'], lineColor=None, markerColor=None, name='slider', opacity=None, ori=0.0, pos=array([ 0. , -0.3]), readOnly=False, self=UNKNOWN, size=array([1. , 0.1]), startValue=None, style='rating', styleTweaks=[], ticks=array([1, 2, 3, 4, 5]), units='height', win=Window(...))
29.9974 	EXP 	window1: mouseVisible = True
29.9990 	EXP 	Created text_2 = TextStim(__class__=<class 'psychopy.visual.text.TextStim'>, alignHoriz=method-wrapper(...), alignText='center', alignVert=method-wrapper(...), anchorHoriz='center', anchorVert='center', antialias=True, autoDraw=False, autoLog=True, bold=False, color=array([1., 1., 1.]), colorSpace='rgb', contrast=1.0, depth=0.0, draggable=False, flipHoriz=False, flipVert=False, font='Arial', fontFiles=[], height=0.05, italic=False, languageStyle='LTR', name='text_2', opacity=1.0, ori=0.0, pos=array([0. , 0.3]), rgb=UNKNOWN, text='', units='height', win=Window(...), wrapWidth=1)
29.9993 	EXP 	window1: mouseVisible = True
29.9995 	EXP 	window1: mouseVisible = True
30.0002 	EXP 	window1: mouseVisible = True
30.0008 	EXP 	window1: mouseVisible = True
30.0059 	EXP 	window1: mouseVisible = True
30.0060 	EXP 	window1: mouseVisible = True
30.0069 	EXP 	window1: mouseVisible = True
30.0076 	EXP 	window1: mouseVisible = True
30.0135 	DEBUG 	TextBox2 loaded 1 chars with 0 blanks and 1 valid
30.0168 	DEBUG 	TextBox2 loaded 1 chars with 0 blanks and 1 valid
30.0189 	DEBUG 	TextBox2 loaded 1 chars with 0 blanks and 1 valid
30.0207 	DEBUG 	TextBox2 loaded 1 chars with 0 blanks and 1 valid
30.0220 	DEBUG 	TextBox2 loaded 1 chars with 0 blanks and 1 valid
30.0235 	DEBUG 	TextBox2 loaded 1 chars with 0 blanks and 1 valid
30.0254 	DEBUG 	TextBox2 loaded 1 chars with 0 blanks and 1 valid
30.0270 	DEBUG 	TextBox2 loaded 1 chars with 0 blanks and 1 valid
30.0284 	DEBUG 	TextBox2 loaded 1 chars with 0 blanks and 1 valid
30.0288 	DEBUG 	Uploading Texture Font fontname to graphics card
30.0303 	DEBUG 	Upload of Texture Font fontname complete
30.0324 	EXP 	window1: mouseVisible = True
30.2123 	EXP 	Created text_3 = TextStim(__class__=<class 'psychopy.visual.text.TextStim'>, alignHoriz=method-wrapper(...), alignText='center', alignVert=method-wrapper(...), anchorHoriz='center', anchorVert='center', antialias=True, autoDraw=False, autoLog=True, bold=False, color=array([1., 1., 1.]), colorSpace='rgb', contrast=1.0, depth=-2.0, draggable=False, flipHoriz=False, flipVert=False, font='Arial', fontFiles=[], height=0.05, italic=False, languageStyle='LTR', name='text_3', opacity=1.0, ori=0.0, pos=array([ 0. , -0.3]), rgb=UNKNOWN, text='Click to Submit', units='height', win=Window(...), wrapWidth=1)
0.0079 	EXP 	slider: autoLog = True
0.0079 	EXP 	slider: styleTweaks = []
0.0079 	EXP 	slider: styleTweaks = []
0.0079 	EXP 	slider: styleTweaks = []
0.0079 	EXP 	slider: styleTweaks = []
0.0079 	EXP 	slider: contrast = 1.0
0.0079 	EXP 	slider: markerPos = None
0.0079 	EXP 	slider: autoLog = True
0.0079 	EXP 	textbox: autoLog = True
0.0237 	DEBUG 	Read excel file with openpyxl: C:/Users/ishas/OneDrive/Desktop/Lab in Psych/word_priming_task/study_words.xlsx
0.0243 	EXP 	Imported C:/Users/ishas/OneDrive/Desktop/Lab in Psych/word_priming_task/study_words.xlsx as conditions, 15 conditions, 1 params
0.0266 	EXP 	Created sequence: random, trialTypes=15, nReps=1, seed=None
0.0269 	EXP 	New trial (rep=0, index=0): {'study_word': 'book'}
0.0577 	EXP 	text: height = 0.05
0.0577 	EXP 	text: height = 0.05
0.0577 	EXP 	text: height = 0.05
0.0577 	EXP 	text: text = 'book'
0.0577 	EXP 	slider: markerPos = None
0.0577 	EXP 	slider: markerPos = None
0.0577 	EXP 	text: autoDraw = True
0.0577 	EXP 	slider: autoDraw = True
1.9049 	DATA 	Mouse: Left button down, pos=(144,122)
1.9434 	EXP 	slider: markerPos = 1.2933333333333332
1.9769 	EXP 	slider: markerPos = 1.2933333333333332
2.0267 	EXP 	slider: markerPos = 1.2933333333333332
2.0388 	DATA 	Mouse:  Left button up, pos=(144,122)
2.0769 	EXP 	slider: markerPos = 1.2933333333333332
2.1019 	EXP 	New trial (rep=0, index=1): {'study_word': 'chart'}
2.1604 	EXP 	text: autoDraw = False
2.1604 	EXP 	slider: autoDraw = False
2.1604 	EXP 	text: height = 0.05
2.1604 	EXP 	text: height = 0.05
2.1604 	EXP 	text: height = 0.05
2.1604 	EXP 	text: text = 'chart'
2.1604 	EXP 	slider: markerPos = None
2.1604 	EXP 	slider: markerPos = None
2.1604 	EXP 	text: autoDraw = True
2.1604 	EXP 	slider: autoDraw = True
2.9388 	DATA 	Mouse: Left button down, pos=(144,122)
2.9778 	EXP 	slider: markerPos = 1.2933333333333332
3.0279 	EXP 	slider: markerPos = 1.2933333333333332
3.0779 	EXP 	slider: markerPos = 1.2933333333333332
3.0893 	DATA 	Mouse:  Left button up, pos=(144,122)
3.1282 	EXP 	slider: markerPos = 1.2933333333333332
3.1489 	EXP 	New trial (rep=0, index=2): {'study_word': 'pastry'}
3.1946 	EXP 	text: autoDraw = False
3.1946 	EXP 	slider: autoDraw = False
3.1946 	EXP 	text: height = 0.05
3.1946 	EXP 	text: height = 0.05
3.1946 	EXP 	text: height = 0.05
3.1946 	EXP 	text: text = 'pastry'
3.1946 	EXP 	slider: markerPos = None
3.1946 	EXP 	slider: markerPos = None
3.1946 	EXP 	text: autoDraw = True
3.1946 	EXP 	slider: autoDraw = True
4.8077 	DATA 	Mouse: Left button down, pos=(191,117)
4.8465 	EXP 	slider: markerPos = 1.6066666666666667
4.8966 	EXP 	slider: markerPos = 1.6066666666666667
4.9467 	EXP 	slider: markerPos = 1.6066666666666667
4.9810 	DATA 	Mouse:  Left button up, pos=(191,117)
4.9970 	EXP 	slider: markerPos = 1.6066666666666667
5.0469 	EXP 	slider: markerPos = 1.6066666666666667
5.0655 	EXP 	New trial (rep=0, index=3): {'study_word': 'laptop'}
5.1135 	EXP 	text: autoDraw = False
5.1135 	EXP 	slider: autoDraw = False
5.1135 	EXP 	text: height = 0.05
5.1135 	EXP 	text: height = 0.05
5.1135 	EXP 	text: height = 0.05
5.1135 	EXP 	text: text = 'laptop'
5.1135 	EXP 	slider: markerPos = None
5.1135 	EXP 	slider: markerPos = None
5.1135 	EXP 	text: autoDraw = True
5.1135 	EXP 	slider: autoDraw = True
6.7577 	DATA 	Mouse: Left button down, pos=(126,123)
6.7990 	EXP 	slider: markerPos = 1.1733333333333333
6.8488 	EXP 	slider: markerPos = 1.1733333333333333
6.8992 	EXP 	slider: markerPos = 1.1733333333333333
6.9095 	DATA 	Mouse:  Left button up, pos=(126,123)
6.9490 	EXP 	slider: markerPos = 1.1733333333333333
6.9690 	EXP 	New trial (rep=0, index=4): {'study_word': 'cushion'}
7.0153 	EXP 	text: autoDraw = False
7.0153 	EXP 	slider: autoDraw = False
7.0153 	EXP 	text: height = 0.05
7.0153 	EXP 	text: height = 0.05
7.0153 	EXP 	text: height = 0.05
7.0153 	EXP 	text: text = 'cushion'
7.0153 	EXP 	slider: markerPos = None
7.0153 	EXP 	slider: markerPos = None
7.0153 	EXP 	text: autoDraw = True
7.0153 	EXP 	slider: autoDraw = True
8.4898 	DATA 	Mouse: Left button down, pos=(162,121)
8.5336 	EXP 	slider: markerPos = 1.4133333333333333
8.5671 	EXP 	slider: markerPos = 1.4133333333333333
8.6175 	EXP 	slider: markerPos = 1.4133333333333333
8.6275 	DATA 	Mouse:  Left button up, pos=(162,121)
8.6678 	EXP 	slider: markerPos = 1.4133333333333333
8.6859 	EXP 	New trial (rep=0, index=5): {'study_word': 'keys'}
8.7340 	EXP 	text: autoDraw = False
8.7340 	EXP 	slider: autoDraw = False
8.7340 	EXP 	text: height = 0.05
8.7340 	EXP 	text: height = 0.05
8.7340 	EXP 	text: height = 0.05
8.7340 	EXP 	text: text = 'keys'
8.7340 	EXP 	slider: markerPos = None
8.7340 	EXP 	slider: markerPos = None
8.7340 	EXP 	text: autoDraw = True
8.7340 	EXP 	slider: autoDraw = True
10.2128 	DATA 	Mouse: Left button down, pos=(143,121)
10.2694 	EXP 	slider: markerPos = 1.2866666666666666
10.3194 	EXP 	slider: markerPos = 1.2866666666666666
10.3499 	DATA 	Mouse:  Left button up, pos=(143,121)
10.3691 	EXP 	slider: markerPos = 1.2866666666666666
10.4024 	EXP 	slider: markerPos = 1.2866666666666666
10.4110 	EXP 	New trial (rep=0, index=6): {'study_word': 'poster'}
10.4357 	EXP 	text: autoDraw = False
10.4357 	EXP 	slider: autoDraw = False
10.4357 	EXP 	text: height = 0.05
10.4357 	EXP 	text: height = 0.05
10.4357 	EXP 	text: height = 0.05
10.4357 	EXP 	text: text = 'poster'
10.4357 	EXP 	slider: markerPos = None
10.4357 	EXP 	slider: markerPos = None
10.4357 	EXP 	text: autoDraw = True
10.4357 	EXP 	slider: autoDraw = True
12.1952 	DATA 	Mouse: Left button down, pos=(110,126)
12.2546 	EXP 	slider: markerPos = 1.0666666666666667
12.3048 	EXP 	slider: markerPos = 1.0666666666666667
12.3155 	DATA 	Mouse:  Left button up, pos=(110,126)
12.3548 	EXP 	slider: markerPos = 1.0666666666666667
12.3734 	EXP 	New trial (rep=0, index=7): {'study_word': 'mouse'}
12.4042 	EXP 	text: autoDraw = False
12.4042 	EXP 	slider: autoDraw = False
12.4042 	EXP 	text: height = 0.05
12.4042 	EXP 	text: height = 0.05
12.4042 	EXP 	text: height = 0.05
12.4042 	EXP 	text: text = 'mouse'
12.4042 	EXP 	slider: markerPos = None
12.4042 	EXP 	slider: markerPos = None
12.4042 	EXP 	text: autoDraw = True
12.4042 	EXP 	slider: autoDraw = True
13.4334 	DATA 	Mouse: Left button down, pos=(122,124)
13.4727 	EXP 	slider: markerPos = 1.1466666666666667
13.5227 	EXP 	slider: markerPos = 1.1466666666666667
13.5729 	EXP 	slider: markerPos = 1.1466666666666667
13.5873 	DATA 	Mouse:  Left button up, pos=(122,124)
13.6228 	EXP 	slider: markerPos = 1.1466666666666667
13.6400 	EXP 	New trial (rep=0, index=8): {'study_word': 'tshirt'}
13.6725 	EXP 	text: autoDraw = False
13.6725 	EXP 	slider: autoDraw = False
13.6725 	EXP 	text: height = 0.05
13.6725 	EXP 	text: height = 0.05
13.6725 	EXP 	text: height = 0.05
13.6725 	EXP 	text: text = 'tshirt'
13.6725 	EXP 	slider: markerPos = None
13.6725 	EXP 	slider: markerPos = None
13.6725 	EXP 	text: autoDraw = True
13.6725 	EXP 	slider: autoDraw = True
14.4012 	DATA 	Mouse: Left button down, pos=(123,124)
14.4406 	EXP 	slider: markerPos = 1.1533333333333333
14.4904 	EXP 	slider: markerPos = 1.1533333333333333
14.5222 	DATA 	Mouse:  Left button up, pos=(123,124)
14.5405 	EXP 	slider: markerPos = 1.1533333333333333
14.5906 	EXP 	slider: markerPos = 1.1533333333333333
14.6088 	EXP 	New trial (rep=0, index=9): {'study_word': 'marble'}
14.6573 	EXP 	text: autoDraw = False
14.6573 	EXP 	slider: autoDraw = False
14.6573 	EXP 	text: height = 0.05
14.6573 	EXP 	text: height = 0.05
14.6573 	EXP 	text: height = 0.05
14.6573 	EXP 	text: text = 'marble'
14.6573 	EXP 	slider: markerPos = None
14.6573 	EXP 	slider: markerPos = None
14.6573 	EXP 	text: autoDraw = True
14.6573 	EXP 	slider: autoDraw = True
15.3684 	DATA 	Mouse: Left button down, pos=(123,124)
15.3911 	EXP 	slider: markerPos = 1.1533333333333333
15.4247 	EXP 	slider: markerPos = 1.1533333333333333
15.4749 	EXP 	slider: markerPos = 1.1533333333333333
15.4850 	DATA 	Mouse:  Left button up, pos=(123,124)
15.5253 	EXP 	slider: markerPos = 1.1533333333333333
15.5429 	EXP 	New trial (rep=0, index=10): {'study_word': 'phone'}
15.5746 	EXP 	text: autoDraw = False
15.5746 	EXP 	slider: autoDraw = False
15.5746 	EXP 	text: height = 0.05
15.5746 	EXP 	text: height = 0.05
15.5746 	EXP 	text: height = 0.05
15.5746 	EXP 	text: text = 'phone'
15.5746 	EXP 	slider: markerPos = None
15.5746 	EXP 	slider: markerPos = None
15.5746 	EXP 	text: autoDraw = True
15.5746 	EXP 	slider: autoDraw = True
16.2190 	DATA 	Mouse: Left button down, pos=(123,124)
16.2590 	EXP 	slider: markerPos = 1.1533333333333333
16.3091 	EXP 	slider: markerPos = 1.1533333333333333
16.3589 	EXP 	slider: markerPos = 1.1533333333333333
16.3924 	DATA 	Mouse:  Left button up, pos=(123,124)
16.4094 	EXP 	slider: markerPos = 1.1533333333333333
16.4593 	EXP 	slider: markerPos = 1.1533333333333333
16.4772 	EXP 	New trial (rep=0, index=11): {'study_word': 'cruise'}
16.5265 	EXP 	text: autoDraw = False
16.5265 	EXP 	slider: autoDraw = False
16.5265 	EXP 	text: height = 0.05
16.5265 	EXP 	text: height = 0.05
16.5265 	EXP 	text: height = 0.05
16.5265 	EXP 	text: text = 'cruise'
16.5265 	EXP 	slider: markerPos = None
16.5265 	EXP 	slider: markerPos = None
16.5265 	EXP 	text: autoDraw = True
16.5265 	EXP 	slider: autoDraw = True
17.4874 	DATA 	Mouse: Left button down, pos=(123,124)
17.5103 	EXP 	slider: markerPos = 1.1533333333333333
17.5440 	EXP 	slider: markerPos = 1.1533333333333333
17.5768 	EXP 	slider: markerPos = 1.1533333333333333
17.5919 	DATA 	Mouse:  Left button up, pos=(123,124)
17.6106 	EXP 	slider: markerPos = 1.1533333333333333
17.6435 	EXP 	slider: markerPos = 1.1533333333333333
17.6602 	EXP 	New trial (rep=0, index=12): {'study_word': 'police'}
17.6939 	EXP 	text: autoDraw = False
17.6939 	EXP 	slider: autoDraw = False
17.6939 	EXP 	text: height = 0.05
17.6939 	EXP 	text: height = 0.05
17.6939 	EXP 	text: height = 0.05
17.6939 	EXP 	text: text = 'police'
17.6939 	EXP 	slider: markerPos = None
17.6939 	EXP 	slider: markerPos = None
17.6939 	EXP 	text: autoDraw = True
17.6939 	EXP 	slider: autoDraw = True
18.2383 	DATA 	Mouse: Left button down, pos=(123,124)
18.2779 	EXP 	slider: markerPos = 1.1533333333333333
18.3282 	EXP 	slider: markerPos = 1.1533333333333333
18.3781 	EXP 	slider: markerPos = 1.1533333333333333
18.3885 	DATA 	Mouse:  Left button up, pos=(123,124)
18.4281 	EXP 	slider: markerPos = 1.1533333333333333
18.4451 	EXP 	New trial (rep=0, index=13): {'study_word': 'case'}
18.4947 	EXP 	text: autoDraw = False
18.4947 	EXP 	slider: autoDraw = False
18.4947 	EXP 	text: height = 0.05
18.4947 	EXP 	text: height = 0.05
18.4947 	EXP 	text: height = 0.05
18.4947 	EXP 	text: text = 'case'
18.4947 	EXP 	slider: markerPos = None
18.4947 	EXP 	slider: markerPos = None
18.4947 	EXP 	text: autoDraw = True
18.4947 	EXP 	slider: autoDraw = True
19.2724 	DATA 	Mouse: Left button down, pos=(123,124)
19.2952 	EXP 	slider: markerPos = 1.1533333333333333
19.3292 	EXP 	slider: markerPos = 1.1533333333333333
19.3620 	EXP 	slider: markerPos = 1.1533333333333333
19.3958 	EXP 	slider: markerPos = 1.1533333333333333
19.4261 	DATA 	Mouse:  Left button up, pos=(123,124)
19.4461 	EXP 	slider: markerPos = 1.1533333333333333
19.5125 	EXP 	slider: markerPos = 1.1533333333333333
19.5248 	EXP 	New trial (rep=0, index=14): {'study_word': 'board'}
19.5798 	EXP 	text: autoDraw = False
19.5798 	EXP 	slider: autoDraw = False
19.5798 	EXP 	text: height = 0.05
19.5798 	EXP 	text: height = 0.05
19.5798 	EXP 	text: height = 0.05
19.5798 	EXP 	text: text = 'board'
19.5798 	EXP 	slider: markerPos = None
19.5798 	EXP 	slider: markerPos = None
19.5798 	EXP 	text: autoDraw = True
19.5798 	EXP 	slider: autoDraw = True
20.4344 	DATA 	Mouse: Left button down, pos=(123,124)
20.4971 	EXP 	slider: markerPos = 1.1533333333333333
20.5474 	EXP 	slider: markerPos = 1.1533333333333333
20.5968 	EXP 	slider: markerPos = 1.1533333333333333
20.6049 	DATA 	Mouse:  Left button up, pos=(123,124)
20.6300 	EXP 	slider: markerPos = 1.1533333333333333
20.6437 	DEBUG 	Read excel file with openpyxl: C:/Users/ishas/OneDrive/Desktop/Lab in Psych/word_priming_task/test_words.xlsx
20.6453 	EXP 	Imported C:/Users/ishas/OneDrive/Desktop/Lab in Psych/word_priming_task/test_words.xlsx as conditions, 20 conditions, 3 params
20.6461 	EXP 	Created sequence: random, trialTypes=20, nReps=1, seed=None
20.6464 	EXP 	New trial (rep=0, index=0): {'test_word': 'p_s_tr_', 'reference': 'pastry', 'old_new': 'old'}
20.6635 	EXP 	text: autoDraw = False
20.6635 	EXP 	slider: autoDraw = False
20.6635 	EXP 	text_2: height = 0.05
20.6635 	EXP 	text_2: height = 0.05
20.6635 	EXP 	text_2: height = 0.05
20.6635 	EXP 	text_2: text = 'p_s_tr_'
20.6635 	EXP 	text_2: autoDraw = True
20.6635 	EXP 	textbox: autoDraw = True
20.6635 	EXP 	text_3: autoDraw = True
22.4730 	DATA 	Keypress: p
22.7054 	DATA 	Keypress: a
22.7095 	DEBUG 	TextBox2 loaded 1 chars with 0 blanks and 1 valid
22.7100 	DEBUG 	Uploading Texture Font fontname to graphics card
22.7110 	DEBUG 	Upload of Texture Font fontname complete
22.9414 	DATA 	Keypress: s
22.9465 	DEBUG 	TextBox2 loaded 1 chars with 0 blanks and 1 valid
22.9472 	DEBUG 	Uploading Texture Font fontname to graphics card
22.9484 	DEBUG 	Upload of Texture Font fontname complete
23.2754 	DATA 	Keypress: t
23.2804 	DEBUG 	TextBox2 loaded 1 chars with 0 blanks and 1 valid
23.2812 	DEBUG 	Uploading Texture Font fontname to graphics card
23.2824 	DEBUG 	Upload of Texture Font fontname complete
23.4591 	DATA 	Keypress: r
23.6922 	DATA 	Keypress: y
25.2051 	DATA 	Mouse: Left button down, pos=(372,117)
25.2323 	EXP 	New trial (rep=0, index=1): {'test_word': 'v_s_', 'reference': 'vase', 'old_new': 'new'}
25.2690 	EXP 	text_2: autoDraw = False
25.2690 	EXP 	textbox: autoDraw = False
25.2690 	EXP 	text_3: autoDraw = False
25.2690 	EXP 	text_2: height = 0.05
25.2690 	EXP 	text_2: height = 0.05
25.2690 	EXP 	text_2: height = 0.05
25.2690 	EXP 	text_2: text = 'v_s_'
25.2690 	EXP 	text_2: autoDraw = True
25.2690 	EXP 	textbox: autoDraw = True
25.2690 	EXP 	text_3: autoDraw = True
25.3626 	DATA 	Mouse:  Left button up, pos=(372,117)
28.2404 	DATA 	Keypress: v
28.2437 	DEBUG 	TextBox2 loaded 1 chars with 0 blanks and 1 valid
28.2441 	DEBUG 	Uploading Texture Font fontname to graphics card
28.2451 	DEBUG 	Upload of Texture Font fontname complete
28.3952 	DATA 	Keypress: o
28.3991 	DEBUG 	TextBox2 loaded 1 chars with 0 blanks and 1 valid
28.3996 	DEBUG 	Uploading Texture Font fontname to graphics card
28.4006 	DEBUG 	Upload of Texture Font fontname complete
28.6819 	DATA 	Keypress: w
28.6888 	DEBUG 	TextBox2 loaded 1 chars with 0 blanks and 1 valid
28.6899 	DEBUG 	Uploading Texture Font fontname to graphics card
28.6909 	DEBUG 	Upload of Texture Font fontname complete
29.1314 	DATA 	Keypress: s
29.7778 	DATA 	Mouse: Left button down, pos=(372,117)
29.8015 	EXP 	New trial (rep=0, index=2): {'test_word': 'p_li_e', 'reference': 'police', 'old_new': 'old'}
29.8243 	EXP 	text_2: autoDraw = False
29.8243 	EXP 	textbox: autoDraw = False
29.8243 	EXP 	text_3: autoDraw = False
29.8243 	EXP 	text_2: height = 0.05
29.8243 	EXP 	text_2: height = 0.05
29.8243 	EXP 	text_2: height = 0.05
29.8243 	EXP 	text_2: text = 'p_li_e'
29.8243 	EXP 	text_2: autoDraw = True
29.8243 	EXP 	textbox: autoDraw = True
29.8243 	EXP 	text_3: autoDraw = True
29.9157 	DATA 	Mouse:  Left button up, pos=(372,117)
31.0002 	DATA 	Keypress: p
31.2795 	DATA 	Keypress: o
31.6007 	DATA 	Keypress: l
31.6051 	DEBUG 	TextBox2 loaded 1 chars with 0 blanks and 1 valid
31.6059 	DEBUG 	Uploading Texture Font fontname to graphics card
31.6070 	DEBUG 	Upload of Texture Font fontname complete
31.8677 	DATA 	Keypress: i
31.8732 	DEBUG 	TextBox2 loaded 1 chars with 0 blanks and 1 valid
31.8739 	DEBUG 	Uploading Texture Font fontname to graphics card
31.8751 	DEBUG 	Upload of Texture Font fontname complete
32.1018 	DATA 	Keypress: c
32.1079 	DEBUG 	TextBox2 loaded 1 chars with 0 blanks and 1 valid
32.1086 	DEBUG 	Uploading Texture Font fontname to graphics card
32.1103 	DEBUG 	Upload of Texture Font fontname complete
32.2857 	DATA 	Keypress: e
34.6042 	DATA 	Mouse: Left button down, pos=(372,117)
34.6072 	EXP 	New trial (rep=0, index=3): {'test_word': '_r_is_', 'reference': 'cruise', 'old_new': 'old'}
34.6465 	EXP 	text_2: autoDraw = False
34.6465 	EXP 	textbox: autoDraw = False
34.6465 	EXP 	text_3: autoDraw = False
34.6465 	EXP 	text_2: height = 0.05
34.6465 	EXP 	text_2: height = 0.05
34.6465 	EXP 	text_2: height = 0.05
34.6465 	EXP 	text_2: text = '_r_is_'
34.6465 	EXP 	text_2: autoDraw = True
34.6465 	EXP 	textbox: autoDraw = True
34.6465 	EXP 	text_3: autoDraw = True
34.7023 	DATA 	Mouse:  Left button up, pos=(372,117)
37.6911 	DATA 	Keypress: c
37.9359 	DATA 	Keypress: r
38.3913 	DATA 	Keypress: u
38.3965 	DEBUG 	TextBox2 loaded 1 chars with 0 blanks and 1 valid
38.3973 	DEBUG 	Uploading Texture Font fontname to graphics card
38.3985 	DEBUG 	Upload of Texture Font fontname complete
38.9423 	DATA 	Keypress: i
39.2541 	DATA 	Keypress: s
39.5215 	DATA 	Keypress: e
40.3249 	DATA 	Mouse: Left button down, pos=(372,117)
40.3467 	EXP 	New trial (rep=0, index=4): {'test_word': 'c_m_ra', 'reference': 'camera', 'old_new': 'new'}
40.3862 	EXP 	text_2: autoDraw = False
40.3862 	EXP 	textbox: autoDraw = False
40.3862 	EXP 	text_3: autoDraw = False
40.3862 	EXP 	text_2: height = 0.05
40.3862 	EXP 	text_2: height = 0.05
40.3862 	EXP 	text_2: height = 0.05
40.3862 	EXP 	text_2: text = 'c_m_ra'
40.3862 	EXP 	text_2: autoDraw = True
40.3862 	EXP 	textbox: autoDraw = True
40.3862 	EXP 	text_3: autoDraw = True
40.4415 	DATA 	Mouse:  Left button up, pos=(372,117)
50.3732 	EXP 	New trial (rep=0, index=5): {'test_word': 'c_s_io_', 'reference': 'cushion', 'old_new': 'old'}
50.3967 	EXP 	text_2: autoDraw = False
50.3967 	EXP 	textbox: autoDraw = False
50.3967 	EXP 	text_3: autoDraw = False
50.3967 	EXP 	text_2: height = 0.05
50.3967 	EXP 	text_2: height = 0.05
50.3967 	EXP 	text_2: height = 0.05
50.3967 	EXP 	text_2: text = 'c_s_io_'
50.3967 	EXP 	text_2: autoDraw = True
50.3967 	EXP 	textbox: autoDraw = True
50.3967 	EXP 	text_3: autoDraw = True
51.9402 	DATA 	Keypress: c
52.1172 	DATA 	Keypress: u
52.3734 	DATA 	Keypress: s
52.6073 	DATA 	Keypress: h
52.9745 	DATA 	Keypress: i
53.2191 	DATA 	Keypress: o
53.7084 	DATA 	Keypress: n
53.7130 	DEBUG 	TextBox2 loaded 1 chars with 0 blanks and 1 valid
53.7136 	DEBUG 	Uploading Texture Font fontname to graphics card
53.7147 	DEBUG 	Upload of Texture Font fontname complete
54.3925 	DATA 	Mouse: Left button down, pos=(372,117)
54.3956 	EXP 	New trial (rep=0, index=6): {'test_word': '_ho_e', 'reference': 'phone', 'old_new': 'old'}
54.4351 	EXP 	text_2: autoDraw = False
54.4351 	EXP 	textbox: autoDraw = False
54.4351 	EXP 	text_3: autoDraw = False
54.4351 	EXP 	text_2: height = 0.05
54.4351 	EXP 	text_2: height = 0.05
54.4351 	EXP 	text_2: height = 0.05
54.4351 	EXP 	text_2: text = '_ho_e'
54.4351 	EXP 	text_2: autoDraw = True
54.4351 	EXP 	textbox: autoDraw = True
54.4351 	EXP 	text_3: autoDraw = True
54.4611 	DATA 	Mouse:  Left button up, pos=(372,117)
57.6462 	DATA 	Keypress: c
57.7920 	DATA 	Keypress: h
58.1131 	DATA 	Keypress: o
58.4467 	DATA 	Keypress: r
58.6147 	DATA 	Keypress: e
59.9946 	DATA 	Mouse: Left button down, pos=(372,117)
60.0182 	EXP 	New trial (rep=0, index=7): {'test_word': 'c_s_', 'reference': 'case', 'old_new': 'old'}
60.0576 	EXP 	text_2: autoDraw = False
60.0576 	EXP 	textbox: autoDraw = False
60.0576 	EXP 	text_3: autoDraw = False
60.0576 	EXP 	text_2: height = 0.05
60.0576 	EXP 	text_2: height = 0.05
60.0576 	EXP 	text_2: height = 0.05
60.0576 	EXP 	text_2: text = 'c_s_'
60.0576 	EXP 	text_2: autoDraw = True
60.0576 	EXP 	textbox: autoDraw = True
60.0576 	EXP 	text_3: autoDraw = True
60.0968 	DATA 	Mouse:  Left button up, pos=(372,117)
61.9011 	DATA 	Keypress: c
62.1156 	DATA 	Keypress: a
62.3976 	DATA 	Keypress: s
62.6296 	DATA 	Keypress: e
63.0192 	DATA 	Mouse: Left button down, pos=(372,117)
63.0222 	EXP 	New trial (rep=0, index=8): {'test_word': '_oo_', 'reference': 'book', 'old_new': 'old'}
63.0606 	EXP 	text_2: autoDraw = False
63.0606 	EXP 	textbox: autoDraw = False
63.0606 	EXP 	text_3: autoDraw = False
63.0606 	EXP 	text_2: height = 0.05
63.0606 	EXP 	text_2: height = 0.05
63.0606 	EXP 	text_2: height = 0.05
63.0606 	EXP 	text_2: text = '_oo_'
63.0606 	EXP 	text_2: autoDraw = True
63.0606 	EXP 	textbox: autoDraw = True
63.0606 	EXP 	text_3: autoDraw = True
63.1467 	DATA 	Mouse:  Left button up, pos=(372,117)
64.4205 	DATA 	Keypress: b
64.4261 	DEBUG 	TextBox2 loaded 1 chars with 0 blanks and 1 valid
64.4268 	DEBUG 	Uploading Texture Font fontname to graphics card
64.4285 	DEBUG 	Upload of Texture Font fontname complete
64.7375 	DATA 	Keypress: o
65.1046 	DATA 	Keypress: o
65.6384 	DATA 	Keypress: k
65.6441 	DEBUG 	TextBox2 loaded 1 chars with 0 blanks and 1 valid
65.6449 	DEBUG 	Uploading Texture Font fontname to graphics card
65.6463 	DEBUG 	Upload of Texture Font fontname complete
66.2893 	DATA 	Mouse: Left button down, pos=(372,117)
66.2925 	EXP 	New trial (rep=0, index=9): {'test_word': 'l_pt_p', 'reference': 'laptop', 'old_new': 'old'}
66.3312 	EXP 	text_2: autoDraw = False
66.3312 	EXP 	textbox: autoDraw = False
66.3312 	EXP 	text_3: autoDraw = False
66.3312 	EXP 	text_2: height = 0.05
66.3312 	EXP 	text_2: height = 0.05
66.3312 	EXP 	text_2: height = 0.05
66.3312 	EXP 	text_2: text = 'l_pt_p'
66.3312 	EXP 	text_2: autoDraw = True
66.3312 	EXP 	textbox: autoDraw = True
66.3312 	EXP 	text_3: autoDraw = True
66.4048 	DATA 	Mouse:  Left button up, pos=(372,117)
67.7269 	DATA 	Keypress: l
67.9202 	DATA 	Keypress: a
68.1072 	DATA 	Keypress: p
68.5080 	DATA 	Keypress: t
68.6415 	DATA 	Keypress: o
68.8524 	DATA 	Keypress: p
69.4424 	DATA 	Mouse: Left button down, pos=(372,117)
69.4460 	EXP 	New trial (rep=0, index=10): {'test_word': '_ou_e', 'reference': 'mouse', 'old_new': 'old'}
69.4847 	EXP 	text_2: autoDraw = False
69.4847 	EXP 	textbox: autoDraw = False
69.4847 	EXP 	text_3: autoDraw = False
69.4847 	EXP 	text_2: height = 0.05
69.4847 	EXP 	text_2: height = 0.05
69.4847 	EXP 	text_2: height = 0.05
69.4847 	EXP 	text_2: text = '_ou_e'
69.4847 	EXP 	text_2: autoDraw = True
69.4847 	EXP 	textbox: autoDraw = True
69.4847 	EXP 	text_3: autoDraw = True
69.5585 	DATA 	Mouse:  Left button up, pos=(372,117)
72.0516 	DATA 	Keypress: m
72.0547 	DEBUG 	TextBox2 loaded 1 chars with 0 blanks and 1 valid
72.0551 	DEBUG 	Uploading Texture Font fontname to graphics card
72.0560 	DEBUG 	Upload of Texture Font fontname complete
72.3462 	DATA 	Keypress: o
72.6788 	DATA 	Keypress: u
72.9261 	DATA 	Keypress: s
73.1801 	DATA 	Keypress: e
73.7138 	DATA 	Mouse: Left button down, pos=(372,117)
73.7171 	EXP 	New trial (rep=0, index=11): {'test_word': 'bo_t_e', 'reference': 'bottle', 'old_new': 'new'}
73.7560 	EXP 	text_2: autoDraw = False
73.7560 	EXP 	textbox: autoDraw = False
73.7560 	EXP 	text_3: autoDraw = False
73.7560 	EXP 	text_2: height = 0.05
73.7560 	EXP 	text_2: height = 0.05
73.7560 	EXP 	text_2: height = 0.05
73.7560 	EXP 	text_2: text = 'bo_t_e'
73.7560 	EXP 	text_2: autoDraw = True
73.7560 	EXP 	textbox: autoDraw = True
73.7560 	EXP 	text_3: autoDraw = True
73.8267 	DATA 	Mouse:  Left button up, pos=(372,117)
81.7895 	DATA 	Keypress: b
82.1565 	DATA 	Keypress: o
82.5360 	DATA 	Keypress: t
82.7241 	DATA 	Keypress: t
82.8918 	DATA 	Keypress: l
83.0535 	DATA 	Keypress: e
83.6780 	DATA 	Mouse: Left button down, pos=(372,117)
83.6812 	EXP 	New trial (rep=0, index=12): {'test_word': 'k_y_', 'reference': 'keys', 'old_new': 'old'}
83.7168 	EXP 	text_2: autoDraw = False
83.7168 	EXP 	textbox: autoDraw = False
83.7168 	EXP 	text_3: autoDraw = False
83.7168 	EXP 	text_2: height = 0.05
83.7168 	EXP 	text_2: height = 0.05
83.7168 	EXP 	text_2: height = 0.05
83.7168 	EXP 	text_2: text = 'k_y_'
83.7168 	EXP 	text_2: autoDraw = True
83.7168 	EXP 	textbox: autoDraw = True
83.7168 	EXP 	text_3: autoDraw = True
83.8426 	DATA 	Mouse:  Left button up, pos=(372,117)
85.1660 	DATA 	Keypress: k
85.3265 	DATA 	Keypress: e
85.6039 	DATA 	Keypress: y
85.7932 	DATA 	Keypress: s
86.2602 	DATA 	Mouse: Left button down, pos=(372,117)
86.2631 	EXP 	New trial (rep=0, index=13): {'test_word': 'p_nc_l', 'reference': 'pencil', 'old_new': 'new'}
86.2861 	EXP 	text_2: autoDraw = False
86.2861 	EXP 	textbox: autoDraw = False
86.2861 	EXP 	text_3: autoDraw = False
86.2861 	EXP 	text_2: height = 0.05
86.2861 	EXP 	text_2: height = 0.05
86.2861 	EXP 	text_2: height = 0.05
86.2861 	EXP 	text_2: text = 'p_nc_l'
86.2861 	EXP 	text_2: autoDraw = True
86.2861 	EXP 	textbox: autoDraw = True
86.2861 	EXP 	text_3: autoDraw = True
86.3573 	DATA 	Mouse:  Left button up, pos=(372,117)
96.2893 	EXP 	New trial (rep=0, index=14): {'test_word': 'ta_l_', 'reference': 'table', 'old_new': 'old'}
96.3140 	EXP 	text_2: autoDraw = False
96.3140 	EXP 	textbox: autoDraw = False
96.3140 	EXP 	text_3: autoDraw = False
96.3140 	EXP 	text_2: height = 0.05
96.3140 	EXP 	text_2: height = 0.05
96.3140 	EXP 	text_2: height = 0.05
96.3140 	EXP 	text_2: text = 'ta_l_'
96.3140 	EXP 	text_2: autoDraw = True
96.3140 	EXP 	textbox: autoDraw = True
96.3140 	EXP 	text_3: autoDraw = True
98.1380 	DATA 	Keypress: t
98.8922 	DATA 	Keypress: a
99.2357 	DATA 	Keypress: i
99.4922 	DATA 	Keypress: l
99.7587 	DATA 	Keypress: s
100.1923 	DATA 	Mouse: Left button down, pos=(372,117)
100.1954 	EXP 	New trial (rep=0, index=15): {'test_word': 'p_st_r', 'reference': 'poster', 'old_new': 'old'}
100.2346 	EXP 	text_2: autoDraw = False
100.2346 	EXP 	textbox: autoDraw = False
100.2346 	EXP 	text_3: autoDraw = False
100.2346 	EXP 	text_2: height = 0.05
100.2346 	EXP 	text_2: height = 0.05
100.2346 	EXP 	text_2: height = 0.05
100.2346 	EXP 	text_2: text = 'p_st_r'
100.2346 	EXP 	text_2: autoDraw = True
100.2346 	EXP 	textbox: autoDraw = True
100.2346 	EXP 	text_3: autoDraw = True
100.3243 	DATA 	Mouse:  Left button up, pos=(372,117)
102.4806 	DATA 	Keypress: p
102.8577 	DATA 	Keypress: o
103.0458 	DATA 	Keypress: s
103.2808 	DATA 	Keypress: t
103.4598 	DATA 	Keypress: e
103.5921 	DATA 	Keypress: r
103.9587 	DATA 	Mouse: Left button down, pos=(372,117)
103.9834 	EXP 	New trial (rep=0, index=16): {'test_word': 't_hi_t', 'reference': 'tshirt', 'old_new': 'old'}
104.0226 	EXP 	text_2: autoDraw = False
104.0226 	EXP 	textbox: autoDraw = False
104.0226 	EXP 	text_3: autoDraw = False
104.0226 	EXP 	text_2: height = 0.05
104.0226 	EXP 	text_2: height = 0.05
104.0226 	EXP 	text_2: height = 0.05
104.0226 	EXP 	text_2: text = 't_hi_t'
104.0226 	EXP 	text_2: autoDraw = True
104.0226 	EXP 	textbox: autoDraw = True
104.0226 	EXP 	text_3: autoDraw = True
104.0927 	DATA 	Mouse:  Left button up, pos=(372,117)
105.2464 	DATA 	Keypress: t
105.5274 	DATA 	Keypress: s
105.6989 	DATA 	Keypress: h
105.9430 	DATA 	Keypress: i
106.1321 	DATA 	Keypress: r
106.3329 	DATA 	Keypress: t
106.6446 	DATA 	Mouse: Left button down, pos=(372,117)
106.6687 	EXP 	New trial (rep=0, index=17): {'test_word': '_o_rd', 'reference': 'board', 'old_new': 'old'}
106.6918 	EXP 	text_2: autoDraw = False
106.6918 	EXP 	textbox: autoDraw = False
106.6918 	EXP 	text_3: autoDraw = False
106.6918 	EXP 	text_2: height = 0.05
106.6918 	EXP 	text_2: height = 0.05
106.6918 	EXP 	text_2: height = 0.05
106.6918 	EXP 	text_2: text = '_o_rd'
106.6918 	EXP 	text_2: autoDraw = True
106.6918 	EXP 	textbox: autoDraw = True
106.6918 	EXP 	text_3: autoDraw = True
106.8164 	DATA 	Mouse:  Left button up, pos=(372,117)
112.0385 	DATA 	Keypress: b
112.9191 	DATA 	Keypress: o
113.9414 	DATA 	Keypress: a
114.1752 	DATA 	Keypress: r
114.4539 	DATA 	Keypress: d
114.4596 	DEBUG 	TextBox2 loaded 1 chars with 0 blanks and 1 valid
114.4604 	DEBUG 	Uploading Texture Font fontname to graphics card
114.4615 	DEBUG 	Upload of Texture Font fontname complete
114.7359 	DATA 	Mouse: Left button down, pos=(372,117)
114.7616 	EXP 	New trial (rep=0, index=18): {'test_word': '_ha_t', 'reference': 'chart', 'old_new': 'old'}
114.8009 	EXP 	text_2: autoDraw = False
114.8009 	EXP 	textbox: autoDraw = False
114.8009 	EXP 	text_3: autoDraw = False
114.8009 	EXP 	text_2: height = 0.05
114.8009 	EXP 	text_2: height = 0.05
114.8009 	EXP 	text_2: height = 0.05
114.8009 	EXP 	text_2: text = '_ha_t'
114.8009 	EXP 	text_2: autoDraw = True
114.8009 	EXP 	textbox: autoDraw = True
114.8009 	EXP 	text_3: autoDraw = True
114.8895 	DATA 	Mouse:  Left button up, pos=(372,117)
119.3322 	DATA 	Keypress: s
119.5140 	DATA 	Keypress: h
119.6818 	DATA 	Keypress: a
120.0938 	DATA 	Keypress: f
120.0999 	DEBUG 	TextBox2 loaded 1 chars with 0 blanks and 1 valid
120.1006 	DEBUG 	Uploading Texture Font fontname to graphics card
120.1016 	DEBUG 	Upload of Texture Font fontname complete
121.0477 	DATA 	Keypress: t
121.2972 	DATA 	Mouse: Left button down, pos=(372,117)
121.2998 	EXP 	New trial (rep=0, index=19): {'test_word': '_a_bl_', 'reference': 'marble', 'old_new': 'old'}
121.3247 	EXP 	text_2: autoDraw = False
121.3247 	EXP 	textbox: autoDraw = False
121.3247 	EXP 	text_3: autoDraw = False
121.3247 	EXP 	text_2: height = 0.05
121.3247 	EXP 	text_2: height = 0.05
121.3247 	EXP 	text_2: height = 0.05
121.3247 	EXP 	text_2: text = '_a_bl_'
121.3247 	EXP 	text_2: autoDraw = True
121.3247 	EXP 	textbox: autoDraw = True
121.3247 	EXP 	text_3: autoDraw = True
121.3967 	DATA 	Mouse:  Left button up, pos=(372,117)
128.1942 	DATA 	Keypress: m
128.3900 	DATA 	Keypress: a
128.5901 	DATA 	Keypress: r
128.9383 	DATA 	Keypress: b
129.2246 	DATA 	Keypress: l
129.3577 	DATA 	Keypress: e
129.7890 	DATA 	Mouse: Left button down, pos=(372,117)
129.8184 	EXP 	text_2: autoDraw = False
129.8184 	EXP 	textbox: autoDraw = False
129.8184 	EXP 	text_3: autoDraw = False
129.8251 	EXP 	word_priming_task: status = STOPPED
129.8633 	INFO 	saved data to 'C:\\Users\\ishas\\OneDrive\\Desktop\\Lab in Psych\\word_priming_task\\data/405538_word_priming_task_2024-11-06_18h52.25.210.csv'
129.8657 	INFO 	saved data to C:\Users\ishas\OneDrive\Desktop\Lab in Psych\word_priming_task\data/405538_word_priming_task_2024-11-06_18h52.25.210.psydat
129.9407 	EXP 	window1: mouseVisible = True
130.7018 	DEBUG 	Saving data for word_priming_task ExperimentHandler
