14.3328 	DEBUG 	Fullscreen settings ignored as running in pilot mode.
14.3344 	INFO 	Loaded monitor calibration from ['2024_08_07 22:29']
14.9584 	EXP 	Created window1 = Window(allowGUI=True, allowStencil=False, autoLog=True, backendConf=UNKNOWN, backgroundFit=<method-wrapper '__getattribute__' of attributeSetter object at 0x0000018C15A0C970>, backgroundImage=<method-wrapper '__getattribute__' of attributeSetter object at 0x0000018C15A0C910>, bitsMode=UNKNOWN, blendMode='avg', bpc=(8, 8, 8), color=array([0, 0, 0]), colorSpace='rgb', depthBits=8, fullscr=<method-wrapper '__getattribute__' of attributeSetter object at 0x0000018C15A0C760>, gamma=None, gammaErrorPolicy='raise', infoMsg=UNKNOWN, lms=UNKNOWN, monitor=<psychopy.monitors.calibTools.Monitor object at 0x0000018C15CC8880>, multiSample=False, name='window1', numSamples=2, pos=[240.0, 60.0], screen=0, size=array([800, 600]), stencilBits=0, stereo=False, title='PsychoPy', units='height', useFBO=True, useRetina=False, viewOri=0.0, viewPos=None, viewScale=None, waitBlanking=True, winType='pyglet')
14.9586 	EXP 	window1: backgroundImage = ''
14.9586 	EXP 	window1: backgroundFit = 'none'
14.9593 	EXP 	window1: mouseVisible = <method-wrapper '__getattribute__' of attributeSetter object at 0x0000018C15A0CA90>
14.9598 	EXP 	window1: mouseVisible = <method-wrapper '__getattribute__' of attributeSetter object at 0x0000018C15A0CA90>
14.9651 	EXP 	window1: mouseVisible = <method-wrapper '__getattribute__' of attributeSetter object at 0x0000018C15A0CA90>
14.9663 	EXP 	window1: mouseVisible = <method-wrapper '__getattribute__' of attributeSetter object at 0x0000018C15A0CA90>
14.9848 	DEBUG 	TextBox2 loaded 1 chars with 0 blanks and 1 valid
14.9878 	DEBUG 	TextBox2 loaded 1 chars with 0 blanks and 1 valid
14.9911 	DEBUG 	TextBox2 loaded 1 chars with 0 blanks and 1 valid
14.9949 	DEBUG 	TextBox2 loaded 1 chars with 0 blanks and 1 valid
14.9986 	DEBUG 	TextBox2 loaded 1 chars with 0 blanks and 1 valid
15.0010 	DEBUG 	TextBox2 loaded 1 chars with 0 blanks and 1 valid
15.0040 	DEBUG 	TextBox2 loaded 1 chars with 0 blanks and 1 valid
15.0077 	DEBUG 	TextBox2 loaded 1 chars with 0 blanks and 1 valid
15.0102 	DEBUG 	TextBox2 loaded 1 chars with 0 blanks and 1 valid
15.0128 	DEBUG 	TextBox2 loaded 1 chars with 0 blanks and 1 valid
15.0159 	DEBUG 	TextBox2 loaded 1 chars with 0 blanks and 1 valid
15.0188 	DEBUG 	TextBox2 loaded 1 chars with 0 blanks and 1 valid
15.0218 	DEBUG 	TextBox2 loaded 1 chars with 0 blanks and 1 valid
15.0252 	DEBUG 	TextBox2 loaded 1 chars with 0 blanks and 1 valid
15.0284 	DEBUG 	TextBox2 loaded 1 chars with 0 blanks and 1 valid
15.0318 	DEBUG 	TextBox2 loaded 1 chars with 0 blanks and 1 valid
15.0349 	DEBUG 	TextBox2 loaded 1 chars with 0 blanks and 1 valid
15.0374 	DEBUG 	TextBox2 loaded 1 chars with 0 blanks and 1 valid
15.0399 	DEBUG 	TextBox2 loaded 1 chars with 0 blanks and 1 valid
15.0434 	DEBUG 	TextBox2 loaded 1 chars with 0 blanks and 1 valid
15.0463 	DEBUG 	TextBox2 loaded 1 chars with 0 blanks and 1 valid
15.0472 	DEBUG 	Uploading Texture Font fontname to graphics card
15.0514 	DEBUG 	Upload of Texture Font fontname complete
15.0571 	EXP 	window1: mouseVisible = <method-wrapper '__getattribute__' of attributeSetter object at 0x0000018C15A0CA90>
15.0576 	EXP 	window1: mouseVisible = <method-wrapper '__getattribute__' of attributeSetter object at 0x0000018C15A0CA90>
15.0601 	EXP 	window1: mouseVisible = <method-wrapper '__getattribute__' of attributeSetter object at 0x0000018C15A0CA90>
15.0622 	EXP 	window1: mouseVisible = <method-wrapper '__getattribute__' of attributeSetter object at 0x0000018C15A0CA90>
15.0735 	DEBUG 	TextBox2 loaded 1 chars with 0 blanks and 1 valid
15.0775 	DEBUG 	TextBox2 loaded 1 chars with 0 blanks and 1 valid
15.0814 	DEBUG 	TextBox2 loaded 1 chars with 0 blanks and 1 valid
15.0823 	DEBUG 	Uploading Texture Font fontname to graphics card
15.0853 	DEBUG 	Upload of Texture Font fontname complete
15.0936 	EXP 	window1: Attempting to measure frame rate of screen (0) ...
15.0937 	EXP 	window1: recordFrameIntervals = False
15.2823 	EXP 	window1: recordFrameIntervals = True
15.3714 	WARNING 	t of last frame was 21.07ms (=1/47)
15.3986 	WARNING 	t of last frame was 27.23ms (=1/36)
15.6487 	EXP 	Screen (0) actual frame rate measured at 60.93Hz
15.6488 	EXP 	window1: recordFrameIntervals = False
15.6490 	EXP 	window1: mouseVisible = False
15.6497 	EXP 	window1: mouseVisible = False
15.6500 	EXP 	window1: mouseVisible = False
15.6513 	EXP 	window1: mouseVisible = False
15.6525 	EXP 	window1: mouseVisible = False
15.6619 	DEBUG 	TextBox2 loaded 1 chars with 0 blanks and 1 valid
15.6651 	DEBUG 	TextBox2 loaded 1 chars with 0 blanks and 1 valid
15.6687 	DEBUG 	TextBox2 loaded 1 chars with 0 blanks and 1 valid
15.6741 	DEBUG 	TextBox2 loaded 1 chars with 0 blanks and 1 valid
15.6785 	DEBUG 	TextBox2 loaded 1 chars with 0 blanks and 1 valid
15.6828 	DEBUG 	TextBox2 loaded 1 chars with 0 blanks and 1 valid
15.6876 	DEBUG 	TextBox2 loaded 1 chars with 0 blanks and 1 valid
15.6942 	DEBUG 	TextBox2 loaded 1 chars with 0 blanks and 1 valid
15.7014 	DEBUG 	TextBox2 loaded 1 chars with 0 blanks and 1 valid
15.7086 	DEBUG 	TextBox2 loaded 1 chars with 0 blanks and 1 valid
15.7103 	DEBUG 	Uploading Texture Font fontname to graphics card
15.7139 	DEBUG 	Upload of Texture Font fontname complete
15.7189 	EXP 	window1: mouseVisible = False
15.7193 	EXP 	window1: mouseVisible = False
15.7207 	EXP 	window1: mouseVisible = False
15.7222 	EXP 	window1: mouseVisible = False
15.8592 	WARNING 	launchHubServer: If using the iohub mouse or eyetracker devices, fullScr should be True.
23.9614 	INFO 	keyboard.Keyboard is using iohub backend.
23.9616 	INFO 	keyboard.Keyboard is using iohub backend.
23.9616 	EXP 	delay_discounting_task: status = STARTED
23.9620 	EXP 	window1: mouseVisible = False
23.9669 	EXP 	Created fixation = ShapeStim(__class__=<class 'psychopy.visual.shape.ShapeStim'>, anchor=('center', 'center'), autoDraw=False, autoLog=True, closeShape=True, color=method-wrapper(...), colorSpace='rgb', contrast=None, depth=0.0, draggable=False, fillColor=array([1, 1, 1]), fillColorSpace='rgb', fillRGB=array([1, 1, 1]), interpolate=True, lineColor=array([1., 1., 1.]), lineColorSpace='rgb', lineRGB=array([1, 1, 1]), lineWidth=1.0, name='fixation', opacity=1.0, ori=0.0, pos=array([0., 0.]), size=array([0.05, 0.05]), units='height', vertices=ndarray(...), win=Window(...), windingRule=None)
23.9673 	EXP 	window1: mouseVisible = False
24.0085 	EXP 	Created text = TextStim(__class__=<class 'psychopy.visual.text.TextStim'>, alignHoriz=method-wrapper(...), alignText='center', alignVert=method-wrapper(...), anchorHoriz='center', anchorVert='center', antialias=True, autoDraw=False, autoLog=True, bold=False, color=array([1., 1., 1.]), colorSpace='rgb', contrast=1.0, depth=-1.0, draggable=False, flipHoriz=False, flipVert=False, font='Arial', fontFiles=[], height=0.05, italic=False, languageStyle='LTR', name='text', opacity=1.0, ori=0.0, pos=array([0., 0.]), rgb=UNKNOWN, text='', units='height', win=Window(...), wrapWidth=1)
0.0454 	DEBUG 	Read excel file with openpyxl: discounting.xlsx
0.0469 	EXP 	Imported discounting.xlsx as conditions, 7 conditions, 3 params
0.0488 	EXP 	Created sequence: random, trialTypes=7, nReps=14, seed=None
0.0495 	EXP 	New trial (rep=0, index=0): {'reward_today': 78, 'future_reward': 80, 'delay': 162}
0.3482 	EXP 	text: height = 0.05
0.3482 	EXP 	text: height = 0.05
0.3482 	EXP 	text: height = 0.05
0.3482 	EXP 	text: text = 'GBP 78 today  or  GBP 80 after 162 days'
0.3482 	EXP 	fixation: autoDraw = True
1.0157 	INFO 	Keyboard events cleared
1.0150 	EXP 	text: autoDraw = True
1.3678 	EXP 	fixation: autoDraw = False
1.9877 	EXP 	New trial (rep=0, index=1): {'reward_today': 40, 'future_reward': 55, 'delay': 62}
2.0026 	DATA 	Keypress: t
2.0163 	EXP 	fixation: autoDraw = False
2.0163 	EXP 	text: autoDraw = False
2.0163 	EXP 	text: height = 0.05
2.0163 	EXP 	text: height = 0.05
2.0163 	EXP 	text: height = 0.05
2.0163 	EXP 	text: text = 'GBP 40 today  or  GBP 55 after 62 days'
2.0163 	EXP 	fixation: autoDraw = True
3.0185 	INFO 	Keyboard events cleared
3.0178 	EXP 	text: autoDraw = True
3.0360 	EXP 	fixation: autoDraw = False
3.9474 	EXP 	New trial (rep=0, index=2): {'reward_today': 27, 'future_reward': 30, 'delay': 21}
3.9607 	DATA 	Keypress: l
3.9681 	EXP 	fixation: autoDraw = False
3.9681 	EXP 	text: autoDraw = False
3.9681 	EXP 	text: height = 0.05
3.9681 	EXP 	text: height = 0.05
3.9681 	EXP 	text: height = 0.05
3.9681 	EXP 	text: text = 'GBP 27 today  or  GBP 30 after 21 days'
3.9681 	EXP 	fixation: autoDraw = True
4.9706 	INFO 	Keyboard events cleared
4.9699 	EXP 	text: autoDraw = True
4.9880 	EXP 	fixation: autoDraw = False
5.8314 	EXP 	New trial (rep=0, index=3): {'reward_today': 67, 'future_reward': 75, 'delay': 119}
5.8449 	DATA 	Keypress: l
5.8535 	EXP 	fixation: autoDraw = False
5.8535 	EXP 	text: autoDraw = False
5.8535 	EXP 	text: height = 0.05
5.8535 	EXP 	text: height = 0.05
5.8535 	EXP 	text: height = 0.05
5.8535 	EXP 	text: text = 'GBP 67 today  or  GBP 75 after 119 days'
5.8535 	EXP 	fixation: autoDraw = True
6.8560 	INFO 	Keyboard events cleared
6.8553 	EXP 	text: autoDraw = True
6.8735 	EXP 	fixation: autoDraw = False
8.0831 	EXP 	New trial (rep=0, index=4): {'reward_today': 15, 'future_reward': 35, 'delay': 13}
8.0941 	DATA 	Keypress: t
8.1066 	EXP 	fixation: autoDraw = False
8.1066 	EXP 	text: autoDraw = False
8.1066 	EXP 	text: height = 0.05
8.1066 	EXP 	text: height = 0.05
8.1066 	EXP 	text: height = 0.05
8.1066 	EXP 	text: text = 'GBP 15 today  or  GBP 35 after 13 days'
8.1066 	EXP 	fixation: autoDraw = True
9.1086 	INFO 	Keyboard events cleared
9.1078 	EXP 	text: autoDraw = True
9.1260 	EXP 	fixation: autoDraw = False
10.0872 	EXP 	New trial (rep=0, index=5): {'reward_today': 11, 'future_reward': 30, 'delay': 7}
10.0978 	DATA 	Keypress: l
10.1089 	EXP 	fixation: autoDraw = False
10.1089 	EXP 	text: autoDraw = False
10.1089 	EXP 	text: height = 0.05
10.1089 	EXP 	text: height = 0.05
10.1089 	EXP 	text: height = 0.05
10.1089 	EXP 	text: text = 'GBP 11 today  or  GBP 30 after 7 days'
10.1089 	EXP 	fixation: autoDraw = True
11.1108 	INFO 	Keyboard events cleared
11.1101 	EXP 	text: autoDraw = True
11.1281 	EXP 	fixation: autoDraw = False
11.8217 	DATA 	Keypress: l
11.8394 	EXP 	New trial (rep=0, index=6): {'reward_today': 49, 'future_reward': 60, 'delay': 89}
11.8610 	EXP 	fixation: autoDraw = False
11.8610 	EXP 	text: autoDraw = False
11.8610 	EXP 	text: height = 0.05
11.8610 	EXP 	text: height = 0.05
11.8610 	EXP 	text: height = 0.05
11.8610 	EXP 	text: text = 'GBP 49 today  or  GBP 60 after 89 days'
11.8610 	EXP 	fixation: autoDraw = True
12.8624 	INFO 	Keyboard events cleared
12.8617 	EXP 	text: autoDraw = True
12.8825 	EXP 	fixation: autoDraw = False
13.4227 	EXP 	New trial (rep=1, index=0): {'reward_today': 67, 'future_reward': 75, 'delay': 119}
13.4334 	DATA 	Keypress: l
13.4457 	EXP 	fixation: autoDraw = False
13.4457 	EXP 	text: autoDraw = False
13.4457 	EXP 	text: height = 0.05
13.4457 	EXP 	text: height = 0.05
13.4457 	EXP 	text: height = 0.05
13.4457 	EXP 	text: text = 'GBP 67 today  or  GBP 75 after 119 days'
13.4457 	EXP 	fixation: autoDraw = True
14.4477 	INFO 	Keyboard events cleared
14.4470 	EXP 	text: autoDraw = True
14.4651 	EXP 	fixation: autoDraw = False
15.4082 	EXP 	New trial (rep=1, index=1): {'reward_today': 49, 'future_reward': 60, 'delay': 89}
15.4192 	DATA 	Keypress: t
15.4314 	EXP 	fixation: autoDraw = False
15.4314 	EXP 	text: autoDraw = False
15.4314 	EXP 	text: height = 0.05
15.4314 	EXP 	text: height = 0.05
15.4314 	EXP 	text: height = 0.05
15.4314 	EXP 	text: text = 'GBP 49 today  or  GBP 60 after 89 days'
15.4314 	EXP 	fixation: autoDraw = True
16.4329 	INFO 	Keyboard events cleared
16.4322 	EXP 	text: autoDraw = True
16.4506 	EXP 	fixation: autoDraw = False
17.2286 	EXP 	New trial (rep=1, index=2): {'reward_today': 11, 'future_reward': 30, 'delay': 7}
17.2391 	DATA 	Keypress: l
17.2502 	EXP 	fixation: autoDraw = False
17.2502 	EXP 	text: autoDraw = False
17.2502 	EXP 	text: height = 0.05
17.2502 	EXP 	text: height = 0.05
17.2502 	EXP 	text: height = 0.05
17.2502 	EXP 	text: text = 'GBP 11 today  or  GBP 30 after 7 days'
17.2502 	EXP 	fixation: autoDraw = True
18.2516 	INFO 	Keyboard events cleared
18.2509 	EXP 	text: autoDraw = True
18.2694 	EXP 	fixation: autoDraw = False
18.7629 	DATA 	Keypress: l
18.7802 	EXP 	New trial (rep=1, index=3): {'reward_today': 15, 'future_reward': 35, 'delay': 13}
18.8016 	EXP 	fixation: autoDraw = False
18.8016 	EXP 	text: autoDraw = False
18.8016 	EXP 	text: height = 0.05
18.8016 	EXP 	text: height = 0.05
18.8016 	EXP 	text: height = 0.05
18.8016 	EXP 	text: text = 'GBP 15 today  or  GBP 35 after 13 days'
18.8016 	EXP 	fixation: autoDraw = True
19.8035 	INFO 	Keyboard events cleared
19.8028 	EXP 	text: autoDraw = True
19.8210 	EXP 	fixation: autoDraw = False
20.5316 	EXP 	New trial (rep=1, index=4): {'reward_today': 40, 'future_reward': 55, 'delay': 62}
20.5419 	DATA 	Keypress: l
20.5536 	EXP 	fixation: autoDraw = False
20.5536 	EXP 	text: autoDraw = False
20.5536 	EXP 	text: height = 0.05
20.5536 	EXP 	text: height = 0.05
20.5536 	EXP 	text: height = 0.05
20.5536 	EXP 	text: text = 'GBP 40 today  or  GBP 55 after 62 days'
20.5536 	EXP 	fixation: autoDraw = True
21.5579 	INFO 	Keyboard events cleared
21.5571 	EXP 	fixation: autoDraw = False
21.5571 	EXP 	text: autoDraw = True
22.2826 	EXP 	New trial (rep=1, index=5): {'reward_today': 27, 'future_reward': 30, 'delay': 21}
22.2931 	DATA 	Keypress: l
22.3055 	EXP 	fixation: autoDraw = False
22.3055 	EXP 	text: autoDraw = False
22.3055 	EXP 	text: height = 0.05
22.3055 	EXP 	text: height = 0.05
22.3055 	EXP 	text: height = 0.05
22.3055 	EXP 	text: text = 'GBP 27 today  or  GBP 30 after 21 days'
22.3055 	EXP 	fixation: autoDraw = True
23.3071 	INFO 	Keyboard events cleared
23.3064 	EXP 	text: autoDraw = True
23.3248 	EXP 	fixation: autoDraw = False
23.9841 	EXP 	New trial (rep=1, index=6): {'reward_today': 78, 'future_reward': 80, 'delay': 162}
23.9948 	DATA 	Keypress: l
24.0075 	EXP 	fixation: autoDraw = False
24.0075 	EXP 	text: autoDraw = False
24.0075 	EXP 	text: height = 0.05
24.0075 	EXP 	text: height = 0.05
24.0075 	EXP 	text: height = 0.05
24.0075 	EXP 	text: text = 'GBP 78 today  or  GBP 80 after 162 days'
24.0075 	EXP 	fixation: autoDraw = True
25.0091 	INFO 	Keyboard events cleared
25.0084 	EXP 	text: autoDraw = True
25.0266 	EXP 	fixation: autoDraw = False
25.7692 	EXP 	New trial (rep=2, index=0): {'reward_today': 27, 'future_reward': 30, 'delay': 21}
25.7796 	DATA 	Keypress: t
25.7926 	EXP 	fixation: autoDraw = False
25.7926 	EXP 	text: autoDraw = False
25.7926 	EXP 	text: height = 0.05
25.7926 	EXP 	text: height = 0.05
25.7926 	EXP 	text: height = 0.05
25.7926 	EXP 	text: text = 'GBP 27 today  or  GBP 30 after 21 days'
25.7926 	EXP 	fixation: autoDraw = True
26.7944 	INFO 	Keyboard events cleared
26.7937 	EXP 	text: autoDraw = True
26.8119 	EXP 	fixation: autoDraw = False
27.5397 	EXP 	New trial (rep=2, index=1): {'reward_today': 78, 'future_reward': 80, 'delay': 162}
27.5500 	DATA 	Keypress: l
27.5611 	EXP 	fixation: autoDraw = False
27.5611 	EXP 	text: autoDraw = False
27.5611 	EXP 	text: height = 0.05
27.5611 	EXP 	text: height = 0.05
27.5611 	EXP 	text: height = 0.05
27.5611 	EXP 	text: text = 'GBP 78 today  or  GBP 80 after 162 days'
27.5611 	EXP 	fixation: autoDraw = True
28.5631 	INFO 	Keyboard events cleared
28.5624 	EXP 	text: autoDraw = True
28.5806 	EXP 	fixation: autoDraw = False
29.6036 	EXP 	New trial (rep=2, index=2): {'reward_today': 67, 'future_reward': 75, 'delay': 119}
29.6129 	DATA 	Keypress: t
29.6300 	EXP 	fixation: autoDraw = False
29.6300 	EXP 	text: autoDraw = False
29.6300 	EXP 	text: height = 0.05
29.6300 	EXP 	text: height = 0.05
29.6300 	EXP 	text: height = 0.05
29.6300 	EXP 	text: text = 'GBP 67 today  or  GBP 75 after 119 days'
29.6300 	EXP 	fixation: autoDraw = True
30.6177 	INFO 	Keyboard events cleared
30.6169 	EXP 	text: autoDraw = True
30.6335 	EXP 	fixation: autoDraw = False
31.3900 	EXP 	New trial (rep=2, index=3): {'reward_today': 49, 'future_reward': 60, 'delay': 89}
31.3976 	DATA 	Keypress: t
31.4160 	EXP 	fixation: autoDraw = False
31.4160 	EXP 	text: autoDraw = False
31.4160 	EXP 	text: height = 0.05
31.4160 	EXP 	text: height = 0.05
31.4160 	EXP 	text: height = 0.05
31.4160 	EXP 	text: text = 'GBP 49 today  or  GBP 60 after 89 days'
31.4160 	EXP 	fixation: autoDraw = True
32.4030 	INFO 	Keyboard events cleared
32.4022 	EXP 	text: autoDraw = True
32.4195 	EXP 	fixation: autoDraw = False
33.3270 	EXP 	New trial (rep=2, index=4): {'reward_today': 15, 'future_reward': 35, 'delay': 13}
33.3360 	DATA 	Keypress: l
33.3512 	EXP 	fixation: autoDraw = False
33.3512 	EXP 	text: autoDraw = False
33.3512 	EXP 	text: height = 0.05
33.3512 	EXP 	text: height = 0.05
33.3512 	EXP 	text: height = 0.05
33.3512 	EXP 	text: text = 'GBP 15 today  or  GBP 35 after 13 days'
33.3512 	EXP 	fixation: autoDraw = True
34.3526 	INFO 	Keyboard events cleared
34.3518 	EXP 	text: autoDraw = True
34.3702 	EXP 	fixation: autoDraw = False
35.5315 	EXP 	New trial (rep=2, index=5): {'reward_today': 40, 'future_reward': 55, 'delay': 62}
35.5426 	DATA 	Keypress: l
35.5534 	EXP 	fixation: autoDraw = False
35.5534 	EXP 	text: autoDraw = False
35.5534 	EXP 	text: height = 0.05
35.5534 	EXP 	text: height = 0.05
35.5534 	EXP 	text: height = 0.05
35.5534 	EXP 	text: text = 'GBP 40 today  or  GBP 55 after 62 days'
35.5534 	EXP 	fixation: autoDraw = True
36.5552 	INFO 	Keyboard events cleared
36.5544 	EXP 	text: autoDraw = True
36.5731 	EXP 	fixation: autoDraw = False
37.3337 	EXP 	New trial (rep=2, index=6): {'reward_today': 11, 'future_reward': 30, 'delay': 7}
37.3444 	DATA 	Keypress: l
37.3553 	EXP 	fixation: autoDraw = False
37.3553 	EXP 	text: autoDraw = False
37.3553 	EXP 	text: height = 0.05
37.3553 	EXP 	text: height = 0.05
37.3553 	EXP 	text: height = 0.05
37.3553 	EXP 	text: text = 'GBP 11 today  or  GBP 30 after 7 days'
37.3553 	EXP 	fixation: autoDraw = True
38.3570 	INFO 	Keyboard events cleared
38.3563 	EXP 	text: autoDraw = True
38.3745 	EXP 	fixation: autoDraw = False
39.2353 	EXP 	New trial (rep=3, index=0): {'reward_today': 40, 'future_reward': 55, 'delay': 62}
39.2463 	DATA 	Keypress: l
39.2573 	EXP 	fixation: autoDraw = False
39.2573 	EXP 	text: autoDraw = False
39.2573 	EXP 	text: height = 0.05
39.2573 	EXP 	text: height = 0.05
39.2573 	EXP 	text: height = 0.05
39.2573 	EXP 	text: text = 'GBP 40 today  or  GBP 55 after 62 days'
39.2573 	EXP 	fixation: autoDraw = True
40.2759 	INFO 	Keyboard events cleared
40.2751 	EXP 	fixation: autoDraw = False
40.2751 	EXP 	text: autoDraw = True
41.4047 	EXP 	New trial (rep=3, index=1): {'reward_today': 27, 'future_reward': 30, 'delay': 21}
41.4152 	DATA 	Keypress: l
41.4265 	EXP 	fixation: autoDraw = False
41.4265 	EXP 	text: autoDraw = False
41.4265 	EXP 	text: height = 0.05
41.4265 	EXP 	text: height = 0.05
41.4265 	EXP 	text: height = 0.05
41.4265 	EXP 	text: text = 'GBP 27 today  or  GBP 30 after 21 days'
41.4265 	EXP 	fixation: autoDraw = True
42.4283 	INFO 	Keyboard events cleared
42.4276 	EXP 	text: autoDraw = True
42.4457 	EXP 	fixation: autoDraw = False
44.3083 	EXP 	New trial (rep=3, index=2): {'reward_today': 11, 'future_reward': 30, 'delay': 7}
44.3186 	DATA 	Keypress: l
44.3295 	EXP 	fixation: autoDraw = False
44.3295 	EXP 	text: autoDraw = False
44.3295 	EXP 	text: height = 0.05
44.3295 	EXP 	text: height = 0.05
44.3295 	EXP 	text: height = 0.05
44.3295 	EXP 	text: text = 'GBP 11 today  or  GBP 30 after 7 days'
44.3295 	EXP 	fixation: autoDraw = True
45.3314 	INFO 	Keyboard events cleared
45.3307 	EXP 	text: autoDraw = True
45.3489 	EXP 	fixation: autoDraw = False
47.3096 	EXP 	New trial (rep=3, index=3): {'reward_today': 78, 'future_reward': 80, 'delay': 162}
47.3200 	DATA 	Keypress: l
47.3330 	EXP 	fixation: autoDraw = False
47.3330 	EXP 	text: autoDraw = False
47.3330 	EXP 	text: height = 0.05
47.3330 	EXP 	text: height = 0.05
47.3330 	EXP 	text: height = 0.05
47.3330 	EXP 	text: text = 'GBP 78 today  or  GBP 80 after 162 days'
47.3330 	EXP 	fixation: autoDraw = True
48.3364 	INFO 	Keyboard events cleared
48.3357 	EXP 	fixation: autoDraw = False
48.3357 	EXP 	text: autoDraw = True
50.3135 	EXP 	New trial (rep=3, index=4): {'reward_today': 15, 'future_reward': 35, 'delay': 13}
50.3246 	DATA 	Keypress: t
50.3363 	EXP 	fixation: autoDraw = False
50.3363 	EXP 	text: autoDraw = False
50.3363 	EXP 	text: height = 0.05
50.3363 	EXP 	text: height = 0.05
50.3363 	EXP 	text: height = 0.05
50.3363 	EXP 	text: text = 'GBP 15 today  or  GBP 35 after 13 days'
50.3363 	EXP 	fixation: autoDraw = True
51.3380 	INFO 	Keyboard events cleared
51.3373 	EXP 	text: autoDraw = True
51.3554 	EXP 	fixation: autoDraw = False
53.6831 	EXP 	New trial (rep=3, index=5): {'reward_today': 67, 'future_reward': 75, 'delay': 119}
53.6934 	DATA 	Keypress: l
53.7067 	EXP 	fixation: autoDraw = False
53.7067 	EXP 	text: autoDraw = False
53.7067 	EXP 	text: height = 0.05
53.7067 	EXP 	text: height = 0.05
53.7067 	EXP 	text: height = 0.05
53.7067 	EXP 	text: text = 'GBP 67 today  or  GBP 75 after 119 days'
53.7067 	EXP 	fixation: autoDraw = True
54.7083 	INFO 	Keyboard events cleared
54.7076 	EXP 	text: autoDraw = True
54.7258 	EXP 	fixation: autoDraw = False
55.4516 	EXP 	New trial (rep=3, index=6): {'reward_today': 49, 'future_reward': 60, 'delay': 89}
55.4622 	DATA 	Keypress: t
55.4753 	EXP 	fixation: autoDraw = False
55.4753 	EXP 	text: autoDraw = False
55.4753 	EXP 	text: height = 0.05
55.4753 	EXP 	text: height = 0.05
55.4753 	EXP 	text: height = 0.05
55.4753 	EXP 	text: text = 'GBP 49 today  or  GBP 60 after 89 days'
55.4753 	EXP 	fixation: autoDraw = True
56.4767 	INFO 	Keyboard events cleared
56.4760 	EXP 	text: autoDraw = True
56.4943 	EXP 	fixation: autoDraw = False
58.4233 	EXP 	New trial (rep=4, index=0): {'reward_today': 40, 'future_reward': 55, 'delay': 62}
58.4338 	DATA 	Keypress: l
58.4449 	EXP 	fixation: autoDraw = False
58.4449 	EXP 	text: autoDraw = False
58.4449 	EXP 	text: height = 0.05
58.4449 	EXP 	text: height = 0.05
58.4449 	EXP 	text: height = 0.05
58.4449 	EXP 	text: text = 'GBP 40 today  or  GBP 55 after 62 days'
58.4449 	EXP 	fixation: autoDraw = True
59.4468 	INFO 	Keyboard events cleared
59.4461 	EXP 	text: autoDraw = True
59.4642 	EXP 	fixation: autoDraw = False
61.0249 	EXP 	New trial (rep=4, index=1): {'reward_today': 15, 'future_reward': 35, 'delay': 13}
61.0354 	DATA 	Keypress: l
61.0480 	EXP 	fixation: autoDraw = False
61.0480 	EXP 	text: autoDraw = False
61.0480 	EXP 	text: height = 0.05
61.0480 	EXP 	text: height = 0.05
61.0480 	EXP 	text: height = 0.05
61.0480 	EXP 	text: text = 'GBP 15 today  or  GBP 35 after 13 days'
61.0480 	EXP 	fixation: autoDraw = True
62.0496 	INFO 	Keyboard events cleared
62.0489 	EXP 	text: autoDraw = True
62.0670 	EXP 	fixation: autoDraw = False
62.7935 	EXP 	New trial (rep=4, index=2): {'reward_today': 49, 'future_reward': 60, 'delay': 89}
62.8046 	DATA 	Keypress: l
62.8164 	EXP 	fixation: autoDraw = False
62.8164 	EXP 	text: autoDraw = False
62.8164 	EXP 	text: height = 0.05
62.8164 	EXP 	text: height = 0.05
62.8164 	EXP 	text: height = 0.05
62.8164 	EXP 	text: text = 'GBP 49 today  or  GBP 60 after 89 days'
62.8164 	EXP 	fixation: autoDraw = True
63.8182 	INFO 	Keyboard events cleared
63.8175 	EXP 	text: autoDraw = True
63.8359 	EXP 	fixation: autoDraw = False
66.7325 	EXP 	New trial (rep=4, index=3): {'reward_today': 11, 'future_reward': 30, 'delay': 7}
66.7428 	DATA 	Keypress: l
66.7540 	EXP 	fixation: autoDraw = False
66.7540 	EXP 	text: autoDraw = False
66.7540 	EXP 	text: height = 0.05
66.7540 	EXP 	text: height = 0.05
66.7540 	EXP 	text: height = 0.05
66.7540 	EXP 	text: text = 'GBP 11 today  or  GBP 30 after 7 days'
66.7540 	EXP 	fixation: autoDraw = True
67.7558 	INFO 	Keyboard events cleared
67.7552 	EXP 	text: autoDraw = True
67.7734 	EXP 	fixation: autoDraw = False
68.5670 	EXP 	New trial (rep=4, index=4): {'reward_today': 78, 'future_reward': 80, 'delay': 162}
68.5774 	DATA 	Keypress: l
68.5894 	EXP 	fixation: autoDraw = False
68.5894 	EXP 	text: autoDraw = False
68.5894 	EXP 	text: height = 0.05
68.5894 	EXP 	text: height = 0.05
68.5894 	EXP 	text: height = 0.05
68.5894 	EXP 	text: text = 'GBP 78 today  or  GBP 80 after 162 days'
68.5894 	EXP 	fixation: autoDraw = True
69.5913 	INFO 	Keyboard events cleared
69.5905 	EXP 	text: autoDraw = True
69.6087 	EXP 	fixation: autoDraw = False
70.5518 	EXP 	New trial (rep=4, index=5): {'reward_today': 67, 'future_reward': 75, 'delay': 119}
70.5623 	DATA 	Keypress: t
70.5749 	EXP 	fixation: autoDraw = False
70.5749 	EXP 	text: autoDraw = False
70.5749 	EXP 	text: height = 0.05
70.5749 	EXP 	text: height = 0.05
70.5749 	EXP 	text: height = 0.05
70.5749 	EXP 	text: text = 'GBP 67 today  or  GBP 75 after 119 days'
70.5749 	EXP 	fixation: autoDraw = True
71.5767 	INFO 	Keyboard events cleared
71.5760 	EXP 	text: autoDraw = True
71.5942 	EXP 	fixation: autoDraw = False
72.5075 	DATA 	Keypress: t
72.5370 	EXP 	New trial (rep=4, index=6): {'reward_today': 27, 'future_reward': 30, 'delay': 21}
72.5604 	EXP 	fixation: autoDraw = False
72.5604 	EXP 	text: autoDraw = False
72.5604 	EXP 	text: height = 0.05
72.5604 	EXP 	text: height = 0.05
72.5604 	EXP 	text: height = 0.05
72.5604 	EXP 	text: text = 'GBP 27 today  or  GBP 30 after 21 days'
72.5604 	EXP 	fixation: autoDraw = True
73.5622 	INFO 	Keyboard events cleared
73.5615 	EXP 	text: autoDraw = True
73.5797 	EXP 	fixation: autoDraw = False
74.1911 	DATA 	Keypress: l
74.2221 	EXP 	New trial (rep=5, index=0): {'reward_today': 49, 'future_reward': 60, 'delay': 89}
74.2456 	EXP 	fixation: autoDraw = False
74.2456 	EXP 	text: autoDraw = False
74.2456 	EXP 	text: height = 0.05
74.2456 	EXP 	text: height = 0.05
74.2456 	EXP 	text: height = 0.05
74.2456 	EXP 	text: text = 'GBP 49 today  or  GBP 60 after 89 days'
74.2456 	EXP 	fixation: autoDraw = True
75.2486 	INFO 	Keyboard events cleared
75.2479 	EXP 	text: autoDraw = True
75.2799 	EXP 	fixation: autoDraw = False
75.9403 	EXP 	New trial (rep=5, index=1): {'reward_today': 15, 'future_reward': 35, 'delay': 13}
75.9506 	DATA 	Keypress: l
75.9640 	EXP 	fixation: autoDraw = False
75.9640 	EXP 	text: autoDraw = False
75.9640 	EXP 	text: height = 0.05
75.9640 	EXP 	text: height = 0.05
75.9640 	EXP 	text: height = 0.05
75.9640 	EXP 	text: text = 'GBP 15 today  or  GBP 35 after 13 days'
75.9640 	EXP 	fixation: autoDraw = True
76.9664 	INFO 	Keyboard events cleared
76.9657 	EXP 	text: autoDraw = True
76.9834 	EXP 	fixation: autoDraw = False
77.8426 	EXP 	New trial (rep=5, index=2): {'reward_today': 67, 'future_reward': 75, 'delay': 119}
77.8539 	DATA 	Keypress: l
77.8663 	EXP 	fixation: autoDraw = False
77.8663 	EXP 	text: autoDraw = False
77.8663 	EXP 	text: height = 0.05
77.8663 	EXP 	text: height = 0.05
77.8663 	EXP 	text: height = 0.05
77.8663 	EXP 	text: text = 'GBP 67 today  or  GBP 75 after 119 days'
77.8663 	EXP 	fixation: autoDraw = True
78.8677 	INFO 	Keyboard events cleared
78.8670 	EXP 	text: autoDraw = True
78.8854 	EXP 	fixation: autoDraw = False
79.5966 	EXP 	New trial (rep=5, index=3): {'reward_today': 78, 'future_reward': 80, 'delay': 162}
79.6071 	DATA 	Keypress: t
79.6186 	EXP 	fixation: autoDraw = False
79.6186 	EXP 	text: autoDraw = False
79.6186 	EXP 	text: height = 0.05
79.6186 	EXP 	text: height = 0.05
79.6186 	EXP 	text: height = 0.05
79.6186 	EXP 	text: text = 'GBP 78 today  or  GBP 80 after 162 days'
79.6186 	EXP 	fixation: autoDraw = True
80.6199 	INFO 	Keyboard events cleared
80.6192 	EXP 	text: autoDraw = True
80.6375 	EXP 	fixation: autoDraw = False
81.9634 	EXP 	New trial (rep=5, index=4): {'reward_today': 27, 'future_reward': 30, 'delay': 21}
81.9721 	DATA 	Keypress: t
81.9876 	EXP 	fixation: autoDraw = False
81.9876 	EXP 	text: autoDraw = False
81.9876 	EXP 	text: height = 0.05
81.9876 	EXP 	text: height = 0.05
81.9876 	EXP 	text: height = 0.05
81.9876 	EXP 	text: text = 'GBP 27 today  or  GBP 30 after 21 days'
81.9876 	EXP 	fixation: autoDraw = True
82.9889 	INFO 	Keyboard events cleared
82.9882 	EXP 	text: autoDraw = True
83.0066 	EXP 	fixation: autoDraw = False
83.9007 	EXP 	New trial (rep=5, index=5): {'reward_today': 11, 'future_reward': 30, 'delay': 7}
83.9110 	DATA 	Keypress: l
83.9227 	EXP 	fixation: autoDraw = False
83.9227 	EXP 	text: autoDraw = False
83.9227 	EXP 	text: height = 0.05
83.9227 	EXP 	text: height = 0.05
83.9227 	EXP 	text: height = 0.05
83.9227 	EXP 	text: text = 'GBP 11 today  or  GBP 30 after 7 days'
83.9227 	EXP 	fixation: autoDraw = True
84.9244 	INFO 	Keyboard events cleared
84.9237 	EXP 	text: autoDraw = True
84.9421 	EXP 	fixation: autoDraw = False
85.5532 	EXP 	New trial (rep=5, index=6): {'reward_today': 40, 'future_reward': 55, 'delay': 62}
85.5636 	DATA 	Keypress: l
85.5746 	EXP 	fixation: autoDraw = False
85.5746 	EXP 	text: autoDraw = False
85.5746 	EXP 	text: height = 0.05
85.5746 	EXP 	text: height = 0.05
85.5746 	EXP 	text: height = 0.05
85.5746 	EXP 	text: text = 'GBP 40 today  or  GBP 55 after 62 days'
85.5746 	EXP 	fixation: autoDraw = True
86.5765 	INFO 	Keyboard events cleared
86.5758 	EXP 	text: autoDraw = True
86.5939 	EXP 	fixation: autoDraw = False
87.1717 	EXP 	New trial (rep=6, index=0): {'reward_today': 11, 'future_reward': 30, 'delay': 7}
87.1823 	DATA 	Keypress: l
87.1929 	EXP 	fixation: autoDraw = False
87.1929 	EXP 	text: autoDraw = False
87.1929 	EXP 	text: height = 0.05
87.1929 	EXP 	text: height = 0.05
87.1929 	EXP 	text: height = 0.05
87.1929 	EXP 	text: text = 'GBP 11 today  or  GBP 30 after 7 days'
87.1929 	EXP 	fixation: autoDraw = True
88.1948 	INFO 	Keyboard events cleared
88.1941 	EXP 	text: autoDraw = True
88.2123 	EXP 	fixation: autoDraw = False
88.7230 	EXP 	New trial (rep=6, index=1): {'reward_today': 40, 'future_reward': 55, 'delay': 62}
88.7332 	DATA 	Keypress: l
88.7448 	EXP 	fixation: autoDraw = False
88.7448 	EXP 	text: autoDraw = False
88.7448 	EXP 	text: height = 0.05
88.7448 	EXP 	text: height = 0.05
88.7448 	EXP 	text: height = 0.05
88.7448 	EXP 	text: text = 'GBP 40 today  or  GBP 55 after 62 days'
88.7448 	EXP 	fixation: autoDraw = True
89.7467 	INFO 	Keyboard events cleared
89.7460 	EXP 	text: autoDraw = True
89.7797 	EXP 	fixation: autoDraw = False
90.3573 	EXP 	New trial (rep=6, index=2): {'reward_today': 15, 'future_reward': 35, 'delay': 13}
90.3677 	DATA 	Keypress: l
90.3800 	EXP 	fixation: autoDraw = False
90.3800 	EXP 	text: autoDraw = False
90.3800 	EXP 	text: height = 0.05
90.3800 	EXP 	text: height = 0.05
90.3800 	EXP 	text: height = 0.05
90.3800 	EXP 	text: text = 'GBP 15 today  or  GBP 35 after 13 days'
90.3800 	EXP 	fixation: autoDraw = True
91.3816 	INFO 	Keyboard events cleared
91.3809 	EXP 	text: autoDraw = True
91.3992 	EXP 	fixation: autoDraw = False
91.9585 	EXP 	New trial (rep=6, index=3): {'reward_today': 27, 'future_reward': 30, 'delay': 21}
91.9691 	DATA 	Keypress: l
91.9816 	EXP 	fixation: autoDraw = False
91.9816 	EXP 	text: autoDraw = False
91.9816 	EXP 	text: height = 0.05
91.9816 	EXP 	text: height = 0.05
91.9816 	EXP 	text: height = 0.05
91.9816 	EXP 	text: text = 'GBP 27 today  or  GBP 30 after 21 days'
91.9816 	EXP 	fixation: autoDraw = True
92.9832 	INFO 	Keyboard events cleared
92.9825 	EXP 	text: autoDraw = True
93.0009 	EXP 	fixation: autoDraw = False
94.0438 	EXP 	New trial (rep=6, index=4): {'reward_today': 49, 'future_reward': 60, 'delay': 89}
94.0543 	DATA 	Keypress: l
94.0672 	EXP 	fixation: autoDraw = False
94.0672 	EXP 	text: autoDraw = False
94.0672 	EXP 	text: height = 0.05
94.0672 	EXP 	text: height = 0.05
94.0672 	EXP 	text: height = 0.05
94.0672 	EXP 	text: text = 'GBP 49 today  or  GBP 60 after 89 days'
94.0672 	EXP 	fixation: autoDraw = True
95.0692 	INFO 	Keyboard events cleared
95.0685 	EXP 	text: autoDraw = True
95.0865 	EXP 	fixation: autoDraw = False
95.6792 	EXP 	New trial (rep=6, index=5): {'reward_today': 78, 'future_reward': 80, 'delay': 162}
95.6898 	DATA 	Keypress: l
95.7025 	EXP 	fixation: autoDraw = False
95.7025 	EXP 	text: autoDraw = False
95.7025 	EXP 	text: height = 0.05
95.7025 	EXP 	text: height = 0.05
95.7025 	EXP 	text: height = 0.05
95.7025 	EXP 	text: text = 'GBP 78 today  or  GBP 80 after 162 days'
95.7025 	EXP 	fixation: autoDraw = True
96.7042 	INFO 	Keyboard events cleared
96.7035 	EXP 	text: autoDraw = True
96.7216 	EXP 	fixation: autoDraw = False
97.4494 	DATA 	Keypress: t
97.4811 	EXP 	New trial (rep=6, index=6): {'reward_today': 67, 'future_reward': 75, 'delay': 119}
97.5045 	EXP 	fixation: autoDraw = False
97.5045 	EXP 	text: autoDraw = False
97.5045 	EXP 	text: height = 0.05
97.5045 	EXP 	text: height = 0.05
97.5045 	EXP 	text: height = 0.05
97.5045 	EXP 	text: text = 'GBP 67 today  or  GBP 75 after 119 days'
97.5045 	EXP 	fixation: autoDraw = True
98.5229 	INFO 	Keyboard events cleared
98.5222 	EXP 	fixation: autoDraw = False
98.5222 	EXP 	text: autoDraw = True
99.9836 	EXP 	New trial (rep=7, index=0): {'reward_today': 78, 'future_reward': 80, 'delay': 162}
99.9944 	DATA 	Keypress: t
100.0070 	EXP 	fixation: autoDraw = False
100.0070 	EXP 	text: autoDraw = False
100.0070 	EXP 	text: height = 0.05
100.0070 	EXP 	text: height = 0.05
100.0070 	EXP 	text: height = 0.05
100.0070 	EXP 	text: text = 'GBP 78 today  or  GBP 80 after 162 days'
100.0070 	EXP 	fixation: autoDraw = True
101.0089 	INFO 	Keyboard events cleared
101.0082 	EXP 	text: autoDraw = True
101.0263 	EXP 	fixation: autoDraw = False
101.9525 	EXP 	New trial (rep=7, index=1): {'reward_today': 67, 'future_reward': 75, 'delay': 119}
101.9634 	DATA 	Keypress: t
101.9758 	EXP 	fixation: autoDraw = False
101.9758 	EXP 	text: autoDraw = False
101.9758 	EXP 	text: height = 0.05
101.9758 	EXP 	text: height = 0.05
101.9758 	EXP 	text: height = 0.05
101.9758 	EXP 	text: text = 'GBP 67 today  or  GBP 75 after 119 days'
101.9758 	EXP 	fixation: autoDraw = True
102.9774 	INFO 	Keyboard events cleared
102.9767 	EXP 	text: autoDraw = True
102.9951 	EXP 	fixation: autoDraw = False
103.8399 	EXP 	New trial (rep=7, index=2): {'reward_today': 40, 'future_reward': 55, 'delay': 62}
103.8503 	DATA 	Keypress: t
103.8611 	EXP 	fixation: autoDraw = False
103.8611 	EXP 	text: autoDraw = False
103.8611 	EXP 	text: height = 0.05
103.8611 	EXP 	text: height = 0.05
103.8611 	EXP 	text: height = 0.05
103.8611 	EXP 	text: text = 'GBP 40 today  or  GBP 55 after 62 days'
103.8611 	EXP 	fixation: autoDraw = True
104.8630 	INFO 	Keyboard events cleared
104.8623 	EXP 	text: autoDraw = True
104.8805 	EXP 	fixation: autoDraw = False
106.1575 	EXP 	New trial (rep=7, index=3): {'reward_today': 49, 'future_reward': 60, 'delay': 89}
106.1686 	DATA 	Keypress: l
106.1805 	EXP 	fixation: autoDraw = False
106.1805 	EXP 	text: autoDraw = False
106.1805 	EXP 	text: height = 0.05
106.1805 	EXP 	text: height = 0.05
106.1805 	EXP 	text: height = 0.05
106.1805 	EXP 	text: text = 'GBP 49 today  or  GBP 60 after 89 days'
106.1805 	EXP 	fixation: autoDraw = True
107.1824 	INFO 	Keyboard events cleared
107.1817 	EXP 	text: autoDraw = True
107.1998 	EXP 	fixation: autoDraw = False
107.9264 	EXP 	New trial (rep=7, index=4): {'reward_today': 27, 'future_reward': 30, 'delay': 21}
107.9367 	DATA 	Keypress: l
107.9492 	EXP 	fixation: autoDraw = False
107.9492 	EXP 	text: autoDraw = False
107.9492 	EXP 	text: height = 0.05
107.9492 	EXP 	text: height = 0.05
107.9492 	EXP 	text: height = 0.05
107.9492 	EXP 	text: text = 'GBP 27 today  or  GBP 30 after 21 days'
107.9492 	EXP 	fixation: autoDraw = True
108.9508 	INFO 	Keyboard events cleared
108.9501 	EXP 	text: autoDraw = True
108.9684 	EXP 	fixation: autoDraw = False
109.7280 	EXP 	New trial (rep=7, index=5): {'reward_today': 15, 'future_reward': 35, 'delay': 13}
109.7383 	DATA 	Keypress: l
109.7512 	EXP 	fixation: autoDraw = False
109.7512 	EXP 	text: autoDraw = False
109.7512 	EXP 	text: height = 0.05
109.7512 	EXP 	text: height = 0.05
109.7512 	EXP 	text: height = 0.05
109.7512 	EXP 	text: text = 'GBP 15 today  or  GBP 35 after 13 days'
109.7512 	EXP 	fixation: autoDraw = True
110.7528 	INFO 	Keyboard events cleared
110.7521 	EXP 	text: autoDraw = True
110.7702 	EXP 	fixation: autoDraw = False
113.2335 	EXP 	New trial (rep=7, index=6): {'reward_today': 11, 'future_reward': 30, 'delay': 7}
113.2441 	DATA 	Keypress: l
113.2547 	EXP 	fixation: autoDraw = False
113.2547 	EXP 	text: autoDraw = False
113.2547 	EXP 	text: height = 0.05
113.2547 	EXP 	text: height = 0.05
113.2547 	EXP 	text: height = 0.05
113.2547 	EXP 	text: text = 'GBP 11 today  or  GBP 30 after 7 days'
113.2547 	EXP 	fixation: autoDraw = True
114.2566 	INFO 	Keyboard events cleared
114.2559 	EXP 	text: autoDraw = True
114.2741 	EXP 	fixation: autoDraw = False
115.4190 	EXP 	New trial (rep=8, index=0): {'reward_today': 49, 'future_reward': 60, 'delay': 89}
115.4292 	DATA 	Keypress: l
115.4405 	EXP 	fixation: autoDraw = False
115.4405 	EXP 	text: autoDraw = False
115.4405 	EXP 	text: height = 0.05
115.4405 	EXP 	text: height = 0.05
115.4405 	EXP 	text: height = 0.05
115.4405 	EXP 	text: text = 'GBP 49 today  or  GBP 60 after 89 days'
115.4405 	EXP 	fixation: autoDraw = True
116.4424 	INFO 	Keyboard events cleared
116.4418 	EXP 	text: autoDraw = True
116.4599 	EXP 	fixation: autoDraw = False
117.8225 	DATA 	Keypress: l
117.8534 	EXP 	New trial (rep=8, index=1): {'reward_today': 67, 'future_reward': 75, 'delay': 119}
117.8766 	EXP 	fixation: autoDraw = False
117.8766 	EXP 	text: autoDraw = False
117.8766 	EXP 	text: height = 0.05
117.8766 	EXP 	text: height = 0.05
117.8766 	EXP 	text: height = 0.05
117.8766 	EXP 	text: text = 'GBP 67 today  or  GBP 75 after 119 days'
117.8766 	EXP 	fixation: autoDraw = True
118.8782 	INFO 	Keyboard events cleared
118.8775 	EXP 	text: autoDraw = True
118.8958 	EXP 	fixation: autoDraw = False
120.7398 	EXP 	New trial (rep=8, index=2): {'reward_today': 11, 'future_reward': 30, 'delay': 7}
120.7507 	DATA 	Keypress: l
120.7631 	EXP 	fixation: autoDraw = False
120.7631 	EXP 	text: autoDraw = False
120.7631 	EXP 	text: height = 0.05
120.7631 	EXP 	text: height = 0.05
120.7631 	EXP 	text: height = 0.05
120.7631 	EXP 	text: text = 'GBP 11 today  or  GBP 30 after 7 days'
120.7631 	EXP 	fixation: autoDraw = True
121.7646 	INFO 	Keyboard events cleared
121.7639 	EXP 	text: autoDraw = True
121.7822 	EXP 	fixation: autoDraw = False
122.7445 	DATA 	Keypress: l
122.7755 	EXP 	New trial (rep=8, index=3): {'reward_today': 78, 'future_reward': 80, 'delay': 162}
122.7986 	EXP 	fixation: autoDraw = False
122.7986 	EXP 	text: autoDraw = False
122.7986 	EXP 	text: height = 0.05
122.7986 	EXP 	text: height = 0.05
122.7986 	EXP 	text: height = 0.05
122.7986 	EXP 	text: text = 'GBP 78 today  or  GBP 80 after 162 days'
122.7986 	EXP 	fixation: autoDraw = True
123.8004 	INFO 	Keyboard events cleared
123.7997 	EXP 	text: autoDraw = True
123.8179 	EXP 	fixation: autoDraw = False
125.1951 	EXP 	New trial (rep=8, index=4): {'reward_today': 15, 'future_reward': 35, 'delay': 13}
125.2059 	DATA 	Keypress: t
125.2182 	EXP 	fixation: autoDraw = False
125.2182 	EXP 	text: autoDraw = False
125.2182 	EXP 	text: height = 0.05
125.2182 	EXP 	text: height = 0.05
125.2182 	EXP 	text: height = 0.05
125.2182 	EXP 	text: text = 'GBP 15 today  or  GBP 35 after 13 days'
125.2182 	EXP 	fixation: autoDraw = True
126.2197 	INFO 	Keyboard events cleared
126.2190 	EXP 	text: autoDraw = True
126.2373 	EXP 	fixation: autoDraw = False
127.1985 	EXP 	New trial (rep=8, index=5): {'reward_today': 40, 'future_reward': 55, 'delay': 62}
127.2088 	DATA 	Keypress: l
127.2205 	EXP 	fixation: autoDraw = False
127.2205 	EXP 	text: autoDraw = False
127.2205 	EXP 	text: height = 0.05
127.2205 	EXP 	text: height = 0.05
127.2205 	EXP 	text: height = 0.05
127.2205 	EXP 	text: text = 'GBP 40 today  or  GBP 55 after 62 days'
127.2205 	EXP 	fixation: autoDraw = True
128.2220 	INFO 	Keyboard events cleared
128.2212 	EXP 	text: autoDraw = True
128.2394 	EXP 	fixation: autoDraw = False
128.8149 	EXP 	New trial (rep=8, index=6): {'reward_today': 27, 'future_reward': 30, 'delay': 21}
128.8251 	DATA 	Keypress: l
128.8384 	EXP 	fixation: autoDraw = False
128.8384 	EXP 	text: autoDraw = False
128.8384 	EXP 	text: height = 0.05
128.8384 	EXP 	text: height = 0.05
128.8384 	EXP 	text: height = 0.05
128.8384 	EXP 	text: text = 'GBP 27 today  or  GBP 30 after 21 days'
128.8384 	EXP 	fixation: autoDraw = True
129.8401 	INFO 	Keyboard events cleared
129.8394 	EXP 	text: autoDraw = True
129.8578 	EXP 	fixation: autoDraw = False
130.8687 	EXP 	New trial (rep=9, index=0): {'reward_today': 67, 'future_reward': 75, 'delay': 119}
130.8793 	DATA 	Keypress: l
130.8907 	EXP 	fixation: autoDraw = False
130.8907 	EXP 	text: autoDraw = False
130.8907 	EXP 	text: height = 0.05
130.8907 	EXP 	text: height = 0.05
130.8907 	EXP 	text: height = 0.05
130.8907 	EXP 	text: text = 'GBP 67 today  or  GBP 75 after 119 days'
130.8907 	EXP 	fixation: autoDraw = True
131.8926 	INFO 	Keyboard events cleared
131.8919 	EXP 	text: autoDraw = True
131.9101 	EXP 	fixation: autoDraw = False
132.4874 	DATA 	Keypress: t
132.5044 	EXP 	New trial (rep=9, index=1): {'reward_today': 49, 'future_reward': 60, 'delay': 89}
132.5263 	EXP 	fixation: autoDraw = False
132.5263 	EXP 	text: autoDraw = False
132.5263 	EXP 	text: height = 0.05
132.5263 	EXP 	text: height = 0.05
132.5263 	EXP 	text: height = 0.05
132.5263 	EXP 	text: text = 'GBP 49 today  or  GBP 60 after 89 days'
132.5263 	EXP 	fixation: autoDraw = True
133.5278 	INFO 	Keyboard events cleared
133.5271 	EXP 	text: autoDraw = True
133.5451 	EXP 	fixation: autoDraw = False
134.2904 	EXP 	New trial (rep=9, index=2): {'reward_today': 78, 'future_reward': 80, 'delay': 162}
134.3015 	DATA 	Keypress: l
134.3112 	EXP 	fixation: autoDraw = False
134.3112 	EXP 	text: autoDraw = False
134.3112 	EXP 	text: height = 0.05
134.3112 	EXP 	text: height = 0.05
134.3112 	EXP 	text: height = 0.05
134.3112 	EXP 	text: text = 'GBP 78 today  or  GBP 80 after 162 days'
134.3112 	EXP 	fixation: autoDraw = True
135.3127 	INFO 	Keyboard events cleared
135.3120 	EXP 	text: autoDraw = True
135.3304 	EXP 	fixation: autoDraw = False
137.9752 	EXP 	New trial (rep=9, index=3): {'reward_today': 11, 'future_reward': 30, 'delay': 7}
137.9856 	DATA 	Keypress: t
137.9985 	EXP 	fixation: autoDraw = False
137.9985 	EXP 	text: autoDraw = False
137.9985 	EXP 	text: height = 0.05
137.9985 	EXP 	text: height = 0.05
137.9985 	EXP 	text: height = 0.05
137.9985 	EXP 	text: text = 'GBP 11 today  or  GBP 30 after 7 days'
137.9985 	EXP 	fixation: autoDraw = True
139.0002 	INFO 	Keyboard events cleared
138.9995 	EXP 	text: autoDraw = True
139.0179 	EXP 	fixation: autoDraw = False
140.2278 	EXP 	New trial (rep=9, index=4): {'reward_today': 27, 'future_reward': 30, 'delay': 21}
140.2384 	DATA 	Keypress: l
140.2509 	EXP 	fixation: autoDraw = False
140.2509 	EXP 	text: autoDraw = False
140.2509 	EXP 	text: height = 0.05
140.2509 	EXP 	text: height = 0.05
140.2509 	EXP 	text: height = 0.05
140.2509 	EXP 	text: text = 'GBP 27 today  or  GBP 30 after 21 days'
140.2509 	EXP 	fixation: autoDraw = True
141.2527 	INFO 	Keyboard events cleared
141.2519 	EXP 	text: autoDraw = True
141.2703 	EXP 	fixation: autoDraw = False
142.0974 	EXP 	New trial (rep=9, index=5): {'reward_today': 40, 'future_reward': 55, 'delay': 62}
142.1085 	DATA 	Keypress: l
142.1197 	EXP 	fixation: autoDraw = False
142.1197 	EXP 	text: autoDraw = False
142.1197 	EXP 	text: height = 0.05
142.1197 	EXP 	text: height = 0.05
142.1197 	EXP 	text: height = 0.05
142.1197 	EXP 	text: text = 'GBP 40 today  or  GBP 55 after 62 days'
142.1197 	EXP 	fixation: autoDraw = True
143.1071 	INFO 	Keyboard events cleared
143.1063 	EXP 	text: autoDraw = True
143.1230 	EXP 	fixation: autoDraw = False
143.8166 	EXP 	New trial (rep=9, index=6): {'reward_today': 15, 'future_reward': 35, 'delay': 13}
143.8269 	DATA 	Keypress: l
143.8382 	EXP 	fixation: autoDraw = False
143.8382 	EXP 	text: autoDraw = False
143.8382 	EXP 	text: height = 0.05
143.8382 	EXP 	text: height = 0.05
143.8382 	EXP 	text: height = 0.05
143.8382 	EXP 	text: text = 'GBP 15 today  or  GBP 35 after 13 days'
143.8382 	EXP 	fixation: autoDraw = True
144.8401 	INFO 	Keyboard events cleared
144.8394 	EXP 	text: autoDraw = True
144.8576 	EXP 	fixation: autoDraw = False
150.8243 	EXP 	New trial (rep=10, index=0): {'reward_today': 49, 'future_reward': 60, 'delay': 89}
150.8353 	DATA 	Keypress: l
150.8457 	EXP 	fixation: autoDraw = False
150.8457 	EXP 	text: autoDraw = False
150.8457 	EXP 	text: height = 0.05
150.8457 	EXP 	text: height = 0.05
150.8457 	EXP 	text: height = 0.05
150.8457 	EXP 	text: text = 'GBP 49 today  or  GBP 60 after 89 days'
150.8457 	EXP 	fixation: autoDraw = True
151.8477 	INFO 	Keyboard events cleared
151.8470 	EXP 	text: autoDraw = True
151.8651 	EXP 	fixation: autoDraw = False
152.5436 	DATA 	Keypress: l
152.5743 	EXP 	New trial (rep=10, index=1): {'reward_today': 78, 'future_reward': 80, 'delay': 162}
152.5978 	EXP 	fixation: autoDraw = False
152.5978 	EXP 	text: autoDraw = False
152.5978 	EXP 	text: height = 0.05
152.5978 	EXP 	text: height = 0.05
152.5978 	EXP 	text: height = 0.05
152.5978 	EXP 	text: text = 'GBP 78 today  or  GBP 80 after 162 days'
152.5978 	EXP 	fixation: autoDraw = True
153.5996 	INFO 	Keyboard events cleared
153.5989 	EXP 	text: autoDraw = True
153.6171 	EXP 	fixation: autoDraw = False
154.3617 	DATA 	Keypress: t
154.3924 	EXP 	New trial (rep=10, index=2): {'reward_today': 40, 'future_reward': 55, 'delay': 62}
154.4162 	EXP 	fixation: autoDraw = False
154.4162 	EXP 	text: autoDraw = False
154.4162 	EXP 	text: height = 0.05
154.4162 	EXP 	text: height = 0.05
154.4162 	EXP 	text: height = 0.05
154.4162 	EXP 	text: text = 'GBP 40 today  or  GBP 55 after 62 days'
154.4162 	EXP 	fixation: autoDraw = True
155.4187 	INFO 	Keyboard events cleared
155.4179 	EXP 	text: autoDraw = True
155.4511 	EXP 	fixation: autoDraw = False
156.0800 	EXP 	New trial (rep=10, index=3): {'reward_today': 11, 'future_reward': 30, 'delay': 7}
156.0909 	DATA 	Keypress: l
156.1016 	EXP 	fixation: autoDraw = False
156.1016 	EXP 	text: autoDraw = False
156.1016 	EXP 	text: height = 0.05
156.1016 	EXP 	text: height = 0.05
156.1016 	EXP 	text: height = 0.05
156.1016 	EXP 	text: text = 'GBP 11 today  or  GBP 30 after 7 days'
156.1016 	EXP 	fixation: autoDraw = True
157.1036 	INFO 	Keyboard events cleared
157.1029 	EXP 	text: autoDraw = True
157.1209 	EXP 	fixation: autoDraw = False
158.0324 	EXP 	New trial (rep=10, index=4): {'reward_today': 67, 'future_reward': 75, 'delay': 119}
158.0431 	DATA 	Keypress: l
158.0539 	EXP 	fixation: autoDraw = False
158.0539 	EXP 	text: autoDraw = False
158.0539 	EXP 	text: height = 0.05
158.0539 	EXP 	text: height = 0.05
158.0539 	EXP 	text: height = 0.05
158.0539 	EXP 	text: text = 'GBP 67 today  or  GBP 75 after 119 days'
158.0539 	EXP 	fixation: autoDraw = True
159.0555 	INFO 	Keyboard events cleared
159.0549 	EXP 	text: autoDraw = True
159.0730 	EXP 	fixation: autoDraw = False
159.7342 	EXP 	New trial (rep=10, index=5): {'reward_today': 15, 'future_reward': 35, 'delay': 13}
159.7445 	DATA 	Keypress: t
159.7556 	EXP 	fixation: autoDraw = False
159.7556 	EXP 	text: autoDraw = False
159.7556 	EXP 	text: height = 0.05
159.7556 	EXP 	text: height = 0.05
159.7556 	EXP 	text: height = 0.05
159.7556 	EXP 	text: text = 'GBP 15 today  or  GBP 35 after 13 days'
159.7556 	EXP 	fixation: autoDraw = True
160.7575 	INFO 	Keyboard events cleared
160.7568 	EXP 	text: autoDraw = True
160.7749 	EXP 	fixation: autoDraw = False
161.3024 	EXP 	New trial (rep=10, index=6): {'reward_today': 27, 'future_reward': 30, 'delay': 21}
161.3129 	DATA 	Keypress: l
161.3241 	EXP 	fixation: autoDraw = False
161.3241 	EXP 	text: autoDraw = False
161.3241 	EXP 	text: height = 0.05
161.3241 	EXP 	text: height = 0.05
161.3241 	EXP 	text: height = 0.05
161.3241 	EXP 	text: text = 'GBP 27 today  or  GBP 30 after 21 days'
161.3241 	EXP 	fixation: autoDraw = True
162.3261 	INFO 	Keyboard events cleared
162.3254 	EXP 	text: autoDraw = True
162.3432 	EXP 	fixation: autoDraw = False
162.9523 	EXP 	New trial (rep=11, index=0): {'reward_today': 49, 'future_reward': 60, 'delay': 89}
162.9628 	DATA 	Keypress: l
162.9758 	EXP 	fixation: autoDraw = False
162.9758 	EXP 	text: autoDraw = False
162.9758 	EXP 	text: height = 0.05
162.9758 	EXP 	text: height = 0.05
162.9758 	EXP 	text: height = 0.05
162.9758 	EXP 	text: text = 'GBP 49 today  or  GBP 60 after 89 days'
162.9758 	EXP 	fixation: autoDraw = True
163.9778 	INFO 	Keyboard events cleared
163.9771 	EXP 	text: autoDraw = True
163.9951 	EXP 	fixation: autoDraw = False
164.6056 	EXP 	New trial (rep=11, index=1): {'reward_today': 11, 'future_reward': 30, 'delay': 7}
164.6161 	DATA 	Keypress: l
164.6274 	EXP 	fixation: autoDraw = False
164.6274 	EXP 	text: autoDraw = False
164.6274 	EXP 	text: height = 0.05
164.6274 	EXP 	text: height = 0.05
164.6274 	EXP 	text: height = 0.05
164.6274 	EXP 	text: text = 'GBP 11 today  or  GBP 30 after 7 days'
164.6274 	EXP 	fixation: autoDraw = True
165.6291 	INFO 	Keyboard events cleared
165.6284 	EXP 	text: autoDraw = True
165.6468 	EXP 	fixation: autoDraw = False
166.3909 	EXP 	New trial (rep=11, index=2): {'reward_today': 27, 'future_reward': 30, 'delay': 21}
166.4013 	DATA 	Keypress: l
166.4128 	EXP 	fixation: autoDraw = False
166.4128 	EXP 	text: autoDraw = False
166.4128 	EXP 	text: height = 0.05
166.4128 	EXP 	text: height = 0.05
166.4128 	EXP 	text: height = 0.05
166.4128 	EXP 	text: text = 'GBP 27 today  or  GBP 30 after 21 days'
166.4128 	EXP 	fixation: autoDraw = True
167.4148 	INFO 	Keyboard events cleared
167.4141 	EXP 	text: autoDraw = True
167.4322 	EXP 	fixation: autoDraw = False
168.5764 	DATA 	Keypress: l
168.5939 	EXP 	New trial (rep=11, index=3): {'reward_today': 67, 'future_reward': 75, 'delay': 119}
168.6153 	EXP 	fixation: autoDraw = False
168.6153 	EXP 	text: autoDraw = False
168.6153 	EXP 	text: height = 0.05
168.6153 	EXP 	text: height = 0.05
168.6153 	EXP 	text: height = 0.05
168.6153 	EXP 	text: text = 'GBP 67 today  or  GBP 75 after 119 days'
168.6153 	EXP 	fixation: autoDraw = True
169.6173 	INFO 	Keyboard events cleared
169.6165 	EXP 	text: autoDraw = True
169.6346 	EXP 	fixation: autoDraw = False
170.1770 	EXP 	New trial (rep=11, index=4): {'reward_today': 78, 'future_reward': 80, 'delay': 162}
170.1875 	DATA 	Keypress: t
170.2003 	EXP 	fixation: autoDraw = False
170.2003 	EXP 	text: autoDraw = False
170.2003 	EXP 	text: height = 0.05
170.2003 	EXP 	text: height = 0.05
170.2003 	EXP 	text: height = 0.05
170.2003 	EXP 	text: text = 'GBP 78 today  or  GBP 80 after 162 days'
170.2003 	EXP 	fixation: autoDraw = True
171.2019 	INFO 	Keyboard events cleared
171.2012 	EXP 	text: autoDraw = True
171.2196 	EXP 	fixation: autoDraw = False
171.8794 	DATA 	Keypress: t
171.8969 	EXP 	New trial (rep=11, index=5): {'reward_today': 40, 'future_reward': 55, 'delay': 62}
171.9189 	EXP 	fixation: autoDraw = False
171.9189 	EXP 	text: autoDraw = False
171.9189 	EXP 	text: height = 0.05
171.9189 	EXP 	text: height = 0.05
171.9189 	EXP 	text: height = 0.05
171.9189 	EXP 	text: text = 'GBP 40 today  or  GBP 55 after 62 days'
171.9189 	EXP 	fixation: autoDraw = True
172.9062 	INFO 	Keyboard events cleared
172.9054 	EXP 	text: autoDraw = True
172.9368 	EXP 	fixation: autoDraw = False
173.7144 	EXP 	New trial (rep=11, index=6): {'reward_today': 15, 'future_reward': 35, 'delay': 13}
173.7249 	DATA 	Keypress: l
173.7375 	EXP 	fixation: autoDraw = False
173.7375 	EXP 	text: autoDraw = False
173.7375 	EXP 	text: height = 0.05
173.7375 	EXP 	text: height = 0.05
173.7375 	EXP 	text: height = 0.05
173.7375 	EXP 	text: text = 'GBP 15 today  or  GBP 35 after 13 days'
173.7375 	EXP 	fixation: autoDraw = True
174.7391 	INFO 	Keyboard events cleared
174.7384 	EXP 	text: autoDraw = True
174.7568 	EXP 	fixation: autoDraw = False
175.4659 	EXP 	New trial (rep=12, index=0): {'reward_today': 67, 'future_reward': 75, 'delay': 119}
175.4762 	DATA 	Keypress: l
175.4895 	EXP 	fixation: autoDraw = False
175.4895 	EXP 	text: autoDraw = False
175.4895 	EXP 	text: height = 0.05
175.4895 	EXP 	text: height = 0.05
175.4895 	EXP 	text: height = 0.05
175.4895 	EXP 	text: text = 'GBP 67 today  or  GBP 75 after 119 days'
175.4895 	EXP 	fixation: autoDraw = True
176.4912 	INFO 	Keyboard events cleared
176.4905 	EXP 	text: autoDraw = True
176.5088 	EXP 	fixation: autoDraw = False
177.2016 	EXP 	New trial (rep=12, index=1): {'reward_today': 11, 'future_reward': 30, 'delay': 7}
177.2121 	DATA 	Keypress: t
177.2249 	EXP 	fixation: autoDraw = False
177.2249 	EXP 	text: autoDraw = False
177.2249 	EXP 	text: height = 0.05
177.2249 	EXP 	text: height = 0.05
177.2249 	EXP 	text: height = 0.05
177.2249 	EXP 	text: text = 'GBP 11 today  or  GBP 30 after 7 days'
177.2249 	EXP 	fixation: autoDraw = True
178.2263 	INFO 	Keyboard events cleared
178.2256 	EXP 	text: autoDraw = True
178.2440 	EXP 	fixation: autoDraw = False
178.7803 	EXP 	New trial (rep=12, index=2): {'reward_today': 15, 'future_reward': 35, 'delay': 13}
178.7973 	DATA 	Keypress: l
178.8122 	EXP 	fixation: autoDraw = False
178.8122 	EXP 	text: autoDraw = False
178.8122 	EXP 	text: height = 0.05
178.8122 	EXP 	text: height = 0.05
178.8122 	EXP 	text: height = 0.05
178.8122 	EXP 	text: text = 'GBP 15 today  or  GBP 35 after 13 days'
178.8122 	EXP 	fixation: autoDraw = True
179.7958 	INFO 	Keyboard events cleared
179.7951 	EXP 	text: autoDraw = True
179.8131 	EXP 	fixation: autoDraw = False
180.4263 	EXP 	New trial (rep=12, index=3): {'reward_today': 27, 'future_reward': 30, 'delay': 21}
180.4400 	DATA 	Keypress: l
180.4624 	EXP 	fixation: autoDraw = False
180.4624 	EXP 	text: autoDraw = False
180.4624 	EXP 	text: height = 0.05
180.4624 	EXP 	text: height = 0.05
180.4624 	EXP 	text: height = 0.05
180.4624 	EXP 	text: text = 'GBP 27 today  or  GBP 30 after 21 days'
180.4624 	EXP 	fixation: autoDraw = True
181.4641 	INFO 	Keyboard events cleared
181.4634 	EXP 	text: autoDraw = True
181.4818 	EXP 	fixation: autoDraw = False
182.0570 	EXP 	New trial (rep=12, index=4): {'reward_today': 49, 'future_reward': 60, 'delay': 89}
182.0674 	DATA 	Keypress: l
182.0809 	EXP 	fixation: autoDraw = False
182.0809 	EXP 	text: autoDraw = False
182.0809 	EXP 	text: height = 0.05
182.0809 	EXP 	text: height = 0.05
182.0809 	EXP 	text: height = 0.05
182.0809 	EXP 	text: text = 'GBP 49 today  or  GBP 60 after 89 days'
182.0809 	EXP 	fixation: autoDraw = True
183.0684 	INFO 	Keyboard events cleared
183.0677 	EXP 	text: autoDraw = True
183.0980 	EXP 	fixation: autoDraw = False
184.2749 	EXP 	New trial (rep=12, index=5): {'reward_today': 78, 'future_reward': 80, 'delay': 162}
184.2828 	DATA 	Keypress: l
184.2995 	EXP 	fixation: autoDraw = False
184.2995 	EXP 	text: autoDraw = False
184.2995 	EXP 	text: height = 0.05
184.2995 	EXP 	text: height = 0.05
184.2995 	EXP 	text: height = 0.05
184.2995 	EXP 	text: text = 'GBP 78 today  or  GBP 80 after 162 days'
184.2995 	EXP 	fixation: autoDraw = True
185.3007 	INFO 	Keyboard events cleared
185.3000 	EXP 	text: autoDraw = True
185.3183 	EXP 	fixation: autoDraw = False
186.0461 	EXP 	New trial (rep=12, index=6): {'reward_today': 40, 'future_reward': 55, 'delay': 62}
186.0566 	DATA 	Keypress: t
186.0678 	EXP 	fixation: autoDraw = False
186.0678 	EXP 	text: autoDraw = False
186.0678 	EXP 	text: height = 0.05
186.0678 	EXP 	text: height = 0.05
186.0678 	EXP 	text: height = 0.05
186.0678 	EXP 	text: text = 'GBP 40 today  or  GBP 55 after 62 days'
186.0678 	EXP 	fixation: autoDraw = True
187.0695 	INFO 	Keyboard events cleared
187.0688 	EXP 	text: autoDraw = True
187.0870 	EXP 	fixation: autoDraw = False
188.5812 	EXP 	New trial (rep=13, index=0): {'reward_today': 15, 'future_reward': 35, 'delay': 13}
188.5916 	DATA 	Keypress: l
188.6039 	EXP 	fixation: autoDraw = False
188.6039 	EXP 	text: autoDraw = False
188.6039 	EXP 	text: height = 0.05
188.6039 	EXP 	text: height = 0.05
188.6039 	EXP 	text: height = 0.05
188.6039 	EXP 	text: text = 'GBP 15 today  or  GBP 35 after 13 days'
188.6039 	EXP 	fixation: autoDraw = True
189.6053 	INFO 	Keyboard events cleared
189.6046 	EXP 	text: autoDraw = True
189.6230 	EXP 	fixation: autoDraw = False
191.3163 	EXP 	New trial (rep=13, index=1): {'reward_today': 40, 'future_reward': 55, 'delay': 62}
191.3267 	DATA 	Keypress: l
191.3399 	EXP 	fixation: autoDraw = False
191.3399 	EXP 	text: autoDraw = False
191.3399 	EXP 	text: height = 0.05
191.3399 	EXP 	text: height = 0.05
191.3399 	EXP 	text: height = 0.05
191.3399 	EXP 	text: text = 'GBP 40 today  or  GBP 55 after 62 days'
191.3399 	EXP 	fixation: autoDraw = True
192.3418 	INFO 	Keyboard events cleared
192.3411 	EXP 	text: autoDraw = True
192.3594 	EXP 	fixation: autoDraw = False
193.0185 	EXP 	New trial (rep=13, index=2): {'reward_today': 49, 'future_reward': 60, 'delay': 89}
193.0289 	DATA 	Keypress: l
193.0419 	EXP 	fixation: autoDraw = False
193.0419 	EXP 	text: autoDraw = False
193.0419 	EXP 	text: height = 0.05
193.0419 	EXP 	text: height = 0.05
193.0419 	EXP 	text: height = 0.05
193.0419 	EXP 	text: text = 'GBP 49 today  or  GBP 60 after 89 days'
193.0419 	EXP 	fixation: autoDraw = True
194.0439 	INFO 	Keyboard events cleared
194.0432 	EXP 	text: autoDraw = True
194.0613 	EXP 	fixation: autoDraw = False
194.8223 	DATA 	Keypress: l
194.8539 	EXP 	New trial (rep=13, index=3): {'reward_today': 27, 'future_reward': 30, 'delay': 21}
194.8774 	EXP 	fixation: autoDraw = False
194.8774 	EXP 	text: autoDraw = False
194.8774 	EXP 	text: height = 0.05
194.8774 	EXP 	text: height = 0.05
194.8774 	EXP 	text: height = 0.05
194.8774 	EXP 	text: text = 'GBP 27 today  or  GBP 30 after 21 days'
194.8774 	EXP 	fixation: autoDraw = True
195.8791 	INFO 	Keyboard events cleared
195.8784 	EXP 	text: autoDraw = True
195.9119 	EXP 	fixation: autoDraw = False
196.5391 	EXP 	New trial (rep=13, index=4): {'reward_today': 11, 'future_reward': 30, 'delay': 7}
196.5493 	DATA 	Keypress: l
196.5624 	EXP 	fixation: autoDraw = False
196.5624 	EXP 	text: autoDraw = False
196.5624 	EXP 	text: height = 0.05
196.5624 	EXP 	text: height = 0.05
196.5624 	EXP 	text: height = 0.05
196.5624 	EXP 	text: text = 'GBP 11 today  or  GBP 30 after 7 days'
196.5624 	EXP 	fixation: autoDraw = True
197.5641 	INFO 	Keyboard events cleared
197.5634 	EXP 	text: autoDraw = True
197.5818 	EXP 	fixation: autoDraw = False
199.2424 	EXP 	New trial (rep=13, index=5): {'reward_today': 67, 'future_reward': 75, 'delay': 119}
199.2530 	DATA 	Keypress: l
199.2655 	EXP 	fixation: autoDraw = False
199.2655 	EXP 	text: autoDraw = False
199.2655 	EXP 	text: height = 0.05
199.2655 	EXP 	text: height = 0.05
199.2655 	EXP 	text: height = 0.05
199.2655 	EXP 	text: text = 'GBP 67 today  or  GBP 75 after 119 days'
199.2655 	EXP 	fixation: autoDraw = True
200.2674 	INFO 	Keyboard events cleared
200.2667 	EXP 	text: autoDraw = True
200.2847 	EXP 	fixation: autoDraw = False
201.6463 	EXP 	New trial (rep=13, index=6): {'reward_today': 78, 'future_reward': 80, 'delay': 162}
201.6568 	DATA 	Keypress: l
201.6680 	EXP 	fixation: autoDraw = False
201.6680 	EXP 	text: autoDraw = False
201.6680 	EXP 	text: height = 0.05
201.6680 	EXP 	text: height = 0.05
201.6680 	EXP 	text: height = 0.05
201.6680 	EXP 	text: text = 'GBP 78 today  or  GBP 80 after 162 days'
201.6680 	EXP 	fixation: autoDraw = True
202.6548 	INFO 	Keyboard events cleared
202.6542 	EXP 	text: autoDraw = True
202.6708 	EXP 	fixation: autoDraw = False
203.4473 	DATA 	Keypress: t
203.4549 	EXP 	fixation: autoDraw = False
203.4549 	EXP 	text: autoDraw = False
203.4618 	EXP 	delay_discounting_task: status = STOPPED
203.5279 	INFO 	saved data to 'C:\\Users\\ishas\\OneDrive\\Desktop\\Lab in Psych\\delay_discounting_task\\data/969262_delay_discounting_task_2024-11-21_10h33.37.455.csv'
203.5326 	INFO 	saved data to C:\Users\ishas\OneDrive\Desktop\Lab in Psych\delay_discounting_task\data/969262_delay_discounting_task_2024-11-21_10h33.37.455.psydat
203.6248 	EXP 	window1: mouseVisible = True
204.2254 	DEBUG 	Saving data for delay_discounting_task ExperimentHandler
