22.1949 	DEBUG 	Fullscreen settings ignored as running in pilot mode.
22.1978 	INFO 	Loaded monitor calibration from ['2024_08_07 22:29']
22.6679 	EXP 	Created window1 = Window(allowGUI=True, allowStencil=False, autoLog=True, backendConf=UNKNOWN, backgroundFit=<method-wrapper '__getattribute__' of attributeSetter object at 0x0000017D2806E580>, backgroundImage=<method-wrapper '__getattribute__' of attributeSetter object at 0x0000017D2806E520>, bitsMode=UNKNOWN, blendMode='avg', bpc=(8, 8, 8), color=array([0, 0, 0]), colorSpace='rgb', depthBits=8, fullscr=<method-wrapper '__getattribute__' of attributeSetter object at 0x0000017D2806E370>, gamma=None, gammaErrorPolicy='raise', infoMsg=UNKNOWN, lms=UNKNOWN, monitor=<psychopy.monitors.calibTools.Monitor object at 0x0000017D284263D0>, multiSample=False, name='window1', numSamples=2, pos=[560.0, 240.0], screen=0, size=array([800, 600]), stencilBits=0, stereo=False, title='PsychoPy', units='height', useFBO=True, useRetina=False, viewOri=0.0, viewPos=None, viewScale=None, waitBlanking=True, winType='pyglet')
22.6680 	EXP 	window1: backgroundImage = ''
22.6680 	EXP 	window1: backgroundFit = 'none'
22.6683 	EXP 	window1: mouseVisible = <method-wrapper '__getattribute__' of attributeSetter object at 0x0000017D2806E670>
22.6685 	EXP 	window1: mouseVisible = <method-wrapper '__getattribute__' of attributeSetter object at 0x0000017D2806E670>
22.6723 	EXP 	window1: mouseVisible = <method-wrapper '__getattribute__' of attributeSetter object at 0x0000017D2806E670>
22.6734 	EXP 	window1: mouseVisible = <method-wrapper '__getattribute__' of attributeSetter object at 0x0000017D2806E670>
22.6844 	DEBUG 	TextBox2 loaded 1 chars with 0 blanks and 1 valid
22.6869 	DEBUG 	TextBox2 loaded 1 chars with 0 blanks and 1 valid
22.6892 	DEBUG 	TextBox2 loaded 1 chars with 0 blanks and 1 valid
22.6919 	DEBUG 	TextBox2 loaded 1 chars with 0 blanks and 1 valid
22.6945 	DEBUG 	TextBox2 loaded 1 chars with 0 blanks and 1 valid
22.6963 	DEBUG 	TextBox2 loaded 1 chars with 0 blanks and 1 valid
22.6985 	DEBUG 	TextBox2 loaded 1 chars with 0 blanks and 1 valid
22.7010 	DEBUG 	TextBox2 loaded 1 chars with 0 blanks and 1 valid
22.7028 	DEBUG 	TextBox2 loaded 1 chars with 0 blanks and 1 valid
22.7044 	DEBUG 	TextBox2 loaded 1 chars with 0 blanks and 1 valid
22.7067 	DEBUG 	TextBox2 loaded 1 chars with 0 blanks and 1 valid
22.7090 	DEBUG 	TextBox2 loaded 1 chars with 0 blanks and 1 valid
22.7113 	DEBUG 	TextBox2 loaded 1 chars with 0 blanks and 1 valid
22.7136 	DEBUG 	TextBox2 loaded 1 chars with 0 blanks and 1 valid
22.7157 	DEBUG 	TextBox2 loaded 1 chars with 0 blanks and 1 valid
22.7180 	DEBUG 	TextBox2 loaded 1 chars with 0 blanks and 1 valid
22.7219 	DEBUG 	TextBox2 loaded 1 chars with 0 blanks and 1 valid
22.7244 	DEBUG 	TextBox2 loaded 1 chars with 0 blanks and 1 valid
22.7271 	DEBUG 	TextBox2 loaded 1 chars with 0 blanks and 1 valid
22.7295 	DEBUG 	TextBox2 loaded 1 chars with 0 blanks and 1 valid
22.7311 	DEBUG 	TextBox2 loaded 1 chars with 0 blanks and 1 valid
22.7315 	DEBUG 	Uploading Texture Font fontname to graphics card
22.7338 	DEBUG 	Upload of Texture Font fontname complete
22.7371 	EXP 	window1: mouseVisible = <method-wrapper '__getattribute__' of attributeSetter object at 0x0000017D2806E670>
22.7374 	EXP 	window1: mouseVisible = <method-wrapper '__getattribute__' of attributeSetter object at 0x0000017D2806E670>
22.7389 	EXP 	window1: mouseVisible = <method-wrapper '__getattribute__' of attributeSetter object at 0x0000017D2806E670>
22.7404 	EXP 	window1: mouseVisible = <method-wrapper '__getattribute__' of attributeSetter object at 0x0000017D2806E670>
22.7481 	DEBUG 	TextBox2 loaded 1 chars with 0 blanks and 1 valid
22.7505 	DEBUG 	TextBox2 loaded 1 chars with 0 blanks and 1 valid
22.7527 	DEBUG 	TextBox2 loaded 1 chars with 0 blanks and 1 valid
22.7531 	DEBUG 	Uploading Texture Font fontname to graphics card
22.7547 	DEBUG 	Upload of Texture Font fontname complete
22.7600 	EXP 	window1: Attempting to measure frame rate of screen (0) ...
22.7601 	EXP 	window1: recordFrameIntervals = False
22.9300 	EXP 	window1: recordFrameIntervals = True
23.1127 	EXP 	Screen (0) actual frame rate measured at 59.80Hz
23.1128 	EXP 	window1: recordFrameIntervals = False
23.1131 	EXP 	window1: mouseVisible = False
23.1139 	EXP 	window1: mouseVisible = False
23.1143 	EXP 	window1: mouseVisible = False
23.1167 	EXP 	window1: mouseVisible = False
23.1188 	EXP 	window1: mouseVisible = False
23.1316 	DEBUG 	TextBox2 loaded 1 chars with 0 blanks and 1 valid
23.1342 	DEBUG 	TextBox2 loaded 1 chars with 0 blanks and 1 valid
23.1373 	DEBUG 	TextBox2 loaded 1 chars with 0 blanks and 1 valid
23.1407 	DEBUG 	TextBox2 loaded 1 chars with 0 blanks and 1 valid
23.1441 	DEBUG 	TextBox2 loaded 1 chars with 0 blanks and 1 valid
23.1469 	DEBUG 	TextBox2 loaded 1 chars with 0 blanks and 1 valid
23.1488 	DEBUG 	TextBox2 loaded 1 chars with 0 blanks and 1 valid
23.1512 	DEBUG 	TextBox2 loaded 1 chars with 0 blanks and 1 valid
23.1536 	DEBUG 	TextBox2 loaded 1 chars with 0 blanks and 1 valid
23.1559 	DEBUG 	TextBox2 loaded 1 chars with 0 blanks and 1 valid
23.1564 	DEBUG 	Uploading Texture Font fontname to graphics card
23.1582 	DEBUG 	Upload of Texture Font fontname complete
23.1615 	EXP 	window1: mouseVisible = False
23.1617 	EXP 	window1: mouseVisible = False
23.1627 	EXP 	window1: mouseVisible = False
23.1636 	EXP 	window1: mouseVisible = False
23.2919 	WARNING 	launchHubServer: If using the iohub mouse or eyetracker devices, fullScr should be True.
29.7011 	INFO 	keyboard.Keyboard is using iohub backend.
29.7013 	INFO 	keyboard.Keyboard is using iohub backend.
29.7013 	EXP 	solo_project: status = STARTED
29.7019 	EXP 	window1: mouseVisible = False
29.8538 	EXP 	Created text_2 = TextStim(__class__=<class 'psychopy.visual.text.TextStim'>, alignHoriz=method-wrapper(...), alignText='center', alignVert=method-wrapper(...), anchorHoriz='center', anchorVert='center', antialias=True, autoDraw=False, autoLog=True, bold=False, color=array([1., 1., 1.]), colorSpace='rgb', contrast=1.0, depth=0.0, draggable=False, flipHoriz=False, flipVert=False, font='Arial', fontFiles=[], height=0.05, italic=False, languageStyle='LTR', name='text_2', opacity=1.0, ori=0.0, pos=array([0., 0.]), rgb=UNKNOWN, text=str(...), units='height', win=Window(...), wrapWidth=1)
29.8539 	EXP 	window1: mouseVisible = False
29.8578 	EXP 	Created fixation = ShapeStim(__class__=<class 'psychopy.visual.shape.ShapeStim'>, anchor=('center', 'center'), autoDraw=False, autoLog=True, closeShape=True, color=method-wrapper(...), colorSpace='rgb', contrast=None, depth=0.0, draggable=False, fillColor=array([1, 1, 1]), fillColorSpace='rgb', fillRGB=array([1, 1, 1]), interpolate=True, lineColor=array([1., 1., 1.]), lineColorSpace='rgb', lineRGB=array([1, 1, 1]), lineWidth=1.0, name='fixation', opacity=1.0, ori=0.0, pos=array([0., 0.]), size=array([0.1, 0.1]), units='height', vertices=ndarray(...), win=Window(...), windingRule=None)
29.8580 	EXP 	window1: mouseVisible = False
29.8600 	EXP 	Created text = TextStim(__class__=<class 'psychopy.visual.text.TextStim'>, alignHoriz=method-wrapper(...), alignText='center', alignVert=method-wrapper(...), anchorHoriz='center', anchorVert='center', antialias=True, autoDraw=False, autoLog=True, bold=False, color=array([1., 1., 1.]), colorSpace='rgb', contrast=1.0, depth=-1.0, draggable=False, flipHoriz=False, flipVert=False, font='Arial', fontFiles=[], height=0.05, italic=False, languageStyle='LTR', name='text', opacity=1.0, ori=0.0, pos=array([0., 0.]), rgb=UNKNOWN, text='', units='height', win=Window(...), wrapWidth=1)
29.8602 	EXP 	window1: mouseVisible = False
29.8710 	EXP 	Created text_3 = TextStim(__class__=<class 'psychopy.visual.text.TextStim'>, alignHoriz=method-wrapper(...), alignText='center', alignVert=method-wrapper(...), anchorHoriz='center', anchorVert='center', antialias=True, autoDraw=False, autoLog=True, bold=False, color=array([1., 1., 1.]), colorSpace='rgb', contrast=1.0, depth=0.0, draggable=False, flipHoriz=False, flipVert=False, font='Arial', fontFiles=[], height=0.05, italic=False, languageStyle='LTR', name='text_3', opacity=1.0, ori=0.0, pos=array([0., 0.]), rgb=UNKNOWN, text=str(...), units='height', win=Window(...), wrapWidth=1)
0.0321 	EXP 	text_2: autoDraw = True
10.0324 	DEBUG 	Read excel file with openpyxl: list_3_ccrl.xlsx
10.0364 	EXP 	Imported list_3_ccrl.xlsx as conditions, 40 conditions, 3 params
10.0376 	EXP 	Created sequence: random, trialTypes=40, nReps=1, seed=None
10.0379 	EXP 	New trial (rep=0, index=0): {'stimulus': 'nunewical', 'condition': 'ccrl', 'corr_resp': 'n'}
10.0587 	EXP 	text_2: autoDraw = False
10.0587 	EXP 	text: height = 0.05
10.0587 	EXP 	text: height = 0.05
10.0587 	EXP 	text: height = 0.05
10.0587 	EXP 	text: text = 'nunewical'
10.0587 	EXP 	fixation: autoDraw = True
10.5111 	INFO 	Keyboard events cleared
10.5104 	EXP 	text: autoDraw = True
10.5605 	EXP 	fixation: autoDraw = False
11.1955 	EXP 	New trial (rep=0, index=1): {'stimulus': 'density  ', 'condition': 'control', 'corr_resp': 'y'}
11.2020 	DATA 	Keypress: n
11.2102 	EXP 	fixation: autoDraw = False
11.2102 	EXP 	text: autoDraw = False
11.2102 	EXP 	text: height = 0.05
11.2102 	EXP 	text: height = 0.05
11.2102 	EXP 	text: height = 0.05
11.2102 	EXP 	text: text = 'density  '
11.2102 	EXP 	fixation: autoDraw = True
11.7110 	INFO 	Keyboard events cleared
11.7104 	EXP 	text: autoDraw = True
11.7439 	EXP 	fixation: autoDraw = False
13.9240 	EXP 	New trial (rep=0, index=2): {'stimulus': 'rabigly', 'condition': 'ccrl', 'corr_resp': 'n'}
13.9316 	DATA 	Keypress: n
13.9465 	EXP 	fixation: autoDraw = False
13.9465 	EXP 	text: autoDraw = False
13.9465 	EXP 	text: height = 0.05
13.9465 	EXP 	text: height = 0.05
13.9465 	EXP 	text: height = 0.05
13.9465 	EXP 	text: text = 'rabigly'
13.9465 	EXP 	fixation: autoDraw = True
14.4327 	INFO 	Keyboard events cleared
14.4323 	EXP 	text: autoDraw = True
14.4486 	EXP 	fixation: autoDraw = False
15.0754 	EXP 	New trial (rep=0, index=3): {'stimulus': 'quakity', 'condition': 'ccrl', 'corr_resp': 'n'}
15.0837 	DATA 	Keypress: n
15.0978 	EXP 	fixation: autoDraw = False
15.0978 	EXP 	text: autoDraw = False
15.0978 	EXP 	text: height = 0.05
15.0978 	EXP 	text: height = 0.05
15.0978 	EXP 	text: height = 0.05
15.0978 	EXP 	text: text = 'quakity'
15.0978 	EXP 	fixation: autoDraw = True
15.5837 	INFO 	Keyboard events cleared
15.5832 	EXP 	text: autoDraw = True
15.5990 	EXP 	fixation: autoDraw = False
16.1262 	DATA 	Keypress: n
16.1447 	EXP 	New trial (rep=0, index=4): {'stimulus': 'bewoted', 'condition': 'ccrl', 'corr_resp': 'n'}
16.1660 	EXP 	fixation: autoDraw = False
16.1660 	EXP 	text: autoDraw = False
16.1660 	EXP 	text: height = 0.05
16.1660 	EXP 	text: height = 0.05
16.1660 	EXP 	text: height = 0.05
16.1660 	EXP 	text: text = 'bewoted'
16.1660 	EXP 	fixation: autoDraw = True
16.6517 	INFO 	Keyboard events cleared
16.6513 	EXP 	text: autoDraw = True
16.6675 	EXP 	fixation: autoDraw = False
17.2745 	EXP 	New trial (rep=0, index=5): {'stimulus': 'policy  ', 'condition': 'control', 'corr_resp': 'y'}
17.2792 	DATA 	Keypress: n
17.2998 	EXP 	fixation: autoDraw = False
17.2998 	EXP 	text: autoDraw = False
17.2998 	EXP 	text: height = 0.05
17.2998 	EXP 	text: height = 0.05
17.2998 	EXP 	text: height = 0.05
17.2998 	EXP 	text: text = 'policy  '
17.2998 	EXP 	fixation: autoDraw = True
17.8008 	INFO 	Keyboard events cleared
17.8004 	EXP 	text: autoDraw = True
17.8183 	EXP 	fixation: autoDraw = False
18.4272 	EXP 	New trial (rep=0, index=6): {'stimulus': 'disluge', 'condition': 'ccrl', 'corr_resp': 'n'}
18.4345 	DATA 	Keypress: y
18.4513 	EXP 	fixation: autoDraw = False
18.4513 	EXP 	text: autoDraw = False
18.4513 	EXP 	text: height = 0.05
18.4513 	EXP 	text: height = 0.05
18.4513 	EXP 	text: height = 0.05
18.4513 	EXP 	text: text = 'disluge'
18.4513 	EXP 	fixation: autoDraw = True
18.9377 	INFO 	Keyboard events cleared
18.9371 	EXP 	text: autoDraw = True
18.9529 	EXP 	fixation: autoDraw = False
19.6792 	EXP 	New trial (rep=0, index=7): {'stimulus': 'dispute  ', 'condition': 'control', 'corr_resp': 'y'}
19.6863 	DATA 	Keypress: n
19.7032 	EXP 	fixation: autoDraw = False
19.7032 	EXP 	text: autoDraw = False
19.7032 	EXP 	text: height = 0.05
19.7032 	EXP 	text: height = 0.05
19.7032 	EXP 	text: height = 0.05
19.7032 	EXP 	text: text = 'dispute  '
19.7032 	EXP 	fixation: autoDraw = True
20.1884 	INFO 	Keyboard events cleared
20.1879 	EXP 	text: autoDraw = True
20.2202 	EXP 	fixation: autoDraw = False
20.8101 	EXP 	New trial (rep=0, index=8): {'stimulus': 'rapidly  ', 'condition': 'control', 'corr_resp': 'y'}
20.8143 	DATA 	Keypress: y
20.8218 	EXP 	fixation: autoDraw = False
20.8218 	EXP 	text: autoDraw = False
20.8218 	EXP 	text: height = 0.05
20.8218 	EXP 	text: height = 0.05
20.8218 	EXP 	text: height = 0.05
20.8218 	EXP 	text: text = 'rapidly  '
20.8218 	EXP 	fixation: autoDraw = True
21.3404 	INFO 	Keyboard events cleared
21.3396 	EXP 	fixation: autoDraw = False
21.3396 	EXP 	text: autoDraw = True
21.9154 	EXP 	New trial (rep=0, index=9): {'stimulus': 'mifikary', 'condition': 'ccrl', 'corr_resp': 'n'}
21.9216 	DATA 	Keypress: y
21.9387 	EXP 	fixation: autoDraw = False
21.9387 	EXP 	text: autoDraw = False
21.9387 	EXP 	text: height = 0.05
21.9387 	EXP 	text: height = 0.05
21.9387 	EXP 	text: height = 0.05
21.9387 	EXP 	text: text = 'mifikary'
21.9387 	EXP 	fixation: autoDraw = True
22.4562 	INFO 	Keyboard events cleared
22.4556 	EXP 	fixation: autoDraw = False
22.4556 	EXP 	text: autoDraw = True
23.1673 	EXP 	New trial (rep=0, index=10): {'stimulus': 'helicage', 'condition': 'ccrl', 'corr_resp': 'n'}
23.1728 	DATA 	Keypress: n
23.1898 	EXP 	fixation: autoDraw = False
23.1898 	EXP 	text: autoDraw = False
23.1898 	EXP 	text: height = 0.05
23.1898 	EXP 	text: height = 0.05
23.1898 	EXP 	text: height = 0.05
23.1898 	EXP 	text: text = 'helicage'
23.1898 	EXP 	fixation: autoDraw = True
23.6903 	INFO 	Keyboard events cleared
23.6899 	EXP 	text: autoDraw = True
23.7090 	EXP 	fixation: autoDraw = False
24.7870 	EXP 	New trial (rep=0, index=11): {'stimulus': 'debate  ', 'condition': 'control', 'corr_resp': 'y'}
24.7954 	DATA 	Keypress: n
24.8085 	EXP 	fixation: autoDraw = False
24.8085 	EXP 	text: autoDraw = False
24.8085 	EXP 	text: height = 0.05
24.8085 	EXP 	text: height = 0.05
24.8085 	EXP 	text: height = 0.05
24.8085 	EXP 	text: text = 'debate  '
24.8085 	EXP 	fixation: autoDraw = True
25.3093 	INFO 	Keyboard events cleared
25.3088 	EXP 	text: autoDraw = True
25.3275 	EXP 	fixation: autoDraw = False
25.7878 	EXP 	New trial (rep=0, index=12): {'stimulus': 'posity', 'condition': 'ccrl', 'corr_resp': 'n'}
25.7955 	DATA 	Keypress: y
25.8094 	EXP 	fixation: autoDraw = False
25.8094 	EXP 	text: autoDraw = False
25.8094 	EXP 	text: height = 0.05
25.8094 	EXP 	text: height = 0.05
25.8094 	EXP 	text: height = 0.05
25.8094 	EXP 	text: text = 'posity'
25.8094 	EXP 	fixation: autoDraw = True
26.2944 	INFO 	Keyboard events cleared
26.2938 	EXP 	text: autoDraw = True
26.3118 	EXP 	fixation: autoDraw = False
27.1714 	EXP 	New trial (rep=0, index=13): {'stimulus': 'provide  ', 'condition': 'control', 'corr_resp': 'y'}
27.1834 	DATA 	Keypress: n
27.1937 	EXP 	fixation: autoDraw = False
27.1937 	EXP 	text: autoDraw = False
27.1937 	EXP 	text: height = 0.05
27.1937 	EXP 	text: height = 0.05
27.1937 	EXP 	text: height = 0.05
27.1937 	EXP 	text: text = 'provide  '
27.1937 	EXP 	fixation: autoDraw = True
27.6953 	INFO 	Keyboard events cleared
27.6947 	EXP 	text: autoDraw = True
27.7123 	EXP 	fixation: autoDraw = False
28.1535 	EXP 	New trial (rep=0, index=14): {'stimulus': 'delahe', 'condition': 'ccrl', 'corr_resp': 'n'}
28.1629 	DATA 	Keypress: y
28.1789 	EXP 	fixation: autoDraw = False
28.1789 	EXP 	text: autoDraw = False
28.1789 	EXP 	text: height = 0.05
28.1789 	EXP 	text: height = 0.05
28.1789 	EXP 	text: height = 0.05
28.1789 	EXP 	text: text = 'delahe'
28.1789 	EXP 	fixation: autoDraw = True
28.6796 	INFO 	Keyboard events cleared
28.6791 	EXP 	text: autoDraw = True
28.6982 	EXP 	fixation: autoDraw = False
29.6920 	EXP 	New trial (rep=0, index=15): {'stimulus': 'retire  ', 'condition': 'control', 'corr_resp': 'y'}
29.6999 	DATA 	Keypress: n
29.7139 	EXP 	fixation: autoDraw = False
29.7139 	EXP 	text: autoDraw = False
29.7139 	EXP 	text: height = 0.05
29.7139 	EXP 	text: height = 0.05
29.7139 	EXP 	text: height = 0.05
29.7139 	EXP 	text: text = 'retire  '
29.7139 	EXP 	fixation: autoDraw = True
30.2150 	INFO 	Keyboard events cleared
30.2145 	EXP 	text: autoDraw = True
30.2325 	EXP 	fixation: autoDraw = False
30.7558 	EXP 	New trial (rep=0, index=16): {'stimulus': 'popular  ', 'condition': 'control', 'corr_resp': 'y'}
30.7606 	DATA 	Keypress: y
30.7814 	EXP 	fixation: autoDraw = False
30.7814 	EXP 	text: autoDraw = False
30.7814 	EXP 	text: height = 0.05
30.7814 	EXP 	text: height = 0.05
30.7814 	EXP 	text: height = 0.05
30.7814 	EXP 	text: text = 'popular  '
30.7814 	EXP 	fixation: autoDraw = True
31.2828 	INFO 	Keyboard events cleared
31.2820 	EXP 	text: autoDraw = True
31.3005 	EXP 	fixation: autoDraw = False
31.8238 	EXP 	New trial (rep=0, index=17): {'stimulus': 'military  ', 'condition': 'control', 'corr_resp': 'y'}
31.8300 	DATA 	Keypress: y
31.8494 	EXP 	fixation: autoDraw = False
31.8494 	EXP 	text: autoDraw = False
31.8494 	EXP 	text: height = 0.05
31.8494 	EXP 	text: height = 0.05
31.8494 	EXP 	text: height = 0.05
31.8494 	EXP 	text: text = 'military  '
31.8494 	EXP 	fixation: autoDraw = True
32.3502 	INFO 	Keyboard events cleared
32.3497 	EXP 	text: autoDraw = True
32.3834 	EXP 	fixation: autoDraw = False
32.9437 	EXP 	New trial (rep=0, index=18): {'stimulus': 'probice', 'condition': 'ccrl', 'corr_resp': 'n'}
32.9523 	DATA 	Keypress: y
32.9675 	EXP 	fixation: autoDraw = False
32.9675 	EXP 	text: autoDraw = False
32.9675 	EXP 	text: height = 0.05
32.9675 	EXP 	text: height = 0.05
32.9675 	EXP 	text: height = 0.05
32.9675 	EXP 	text: text = 'probice'
32.9675 	EXP 	fixation: autoDraw = True
33.4688 	INFO 	Keyboard events cleared
33.4683 	EXP 	fixation: autoDraw = False
33.4683 	EXP 	text: autoDraw = True
34.0595 	DATA 	Keypress: n
34.0782 	EXP 	New trial (rep=0, index=19): {'stimulus': 'removal  ', 'condition': 'control', 'corr_resp': 'y'}
34.1029 	EXP 	fixation: autoDraw = False
34.1029 	EXP 	text: autoDraw = False
34.1029 	EXP 	text: height = 0.05
34.1029 	EXP 	text: height = 0.05
34.1029 	EXP 	text: height = 0.05
34.1029 	EXP 	text: text = 'removal  '
34.1029 	EXP 	fixation: autoDraw = True
34.6026 	INFO 	Keyboard events cleared
34.6021 	EXP 	text: autoDraw = True
34.6197 	EXP 	fixation: autoDraw = False
35.0795 	EXP 	New trial (rep=0, index=20): {'stimulus': 'qualify  ', 'condition': 'control', 'corr_resp': 'y'}
35.0883 	DATA 	Keypress: y
35.1030 	EXP 	fixation: autoDraw = False
35.1030 	EXP 	text: autoDraw = False
35.1030 	EXP 	text: height = 0.05
35.1030 	EXP 	text: height = 0.05
35.1030 	EXP 	text: height = 0.05
35.1030 	EXP 	text: text = 'qualify  '
35.1030 	EXP 	fixation: autoDraw = True
35.6044 	INFO 	Keyboard events cleared
35.6039 	EXP 	fixation: autoDraw = False
35.6039 	EXP 	text: autoDraw = True
36.1820 	EXP 	New trial (rep=0, index=21): {'stimulus': 'beloved  ', 'condition': 'control', 'corr_resp': 'y'}
36.1895 	DATA 	Keypress: y
36.2040 	EXP 	fixation: autoDraw = False
36.2040 	EXP 	text: autoDraw = False
36.2040 	EXP 	text: height = 0.05
36.2040 	EXP 	text: height = 0.05
36.2040 	EXP 	text: height = 0.05
36.2040 	EXP 	text: text = 'beloved  '
36.2040 	EXP 	fixation: autoDraw = True
36.7057 	INFO 	Keyboard events cleared
36.7051 	EXP 	text: autoDraw = True
36.7235 	EXP 	fixation: autoDraw = False
37.2005 	EXP 	New trial (rep=0, index=22): {'stimulus': 'recile', 'condition': 'ccrl', 'corr_resp': 'n'}
37.2085 	DATA 	Keypress: y
37.2219 	EXP 	fixation: autoDraw = False
37.2219 	EXP 	text: autoDraw = False
37.2219 	EXP 	text: height = 0.05
37.2219 	EXP 	text: height = 0.05
37.2219 	EXP 	text: height = 0.05
37.2219 	EXP 	text: text = 'recile'
37.2219 	EXP 	fixation: autoDraw = True
37.7234 	INFO 	Keyboard events cleared
37.7228 	EXP 	text: autoDraw = True
37.7416 	EXP 	fixation: autoDraw = False
38.5683 	EXP 	New trial (rep=0, index=23): {'stimulus': 'menowy', 'condition': 'ccrl', 'corr_resp': 'n'}
38.5764 	DATA 	Keypress: n
38.5897 	EXP 	fixation: autoDraw = False
38.5897 	EXP 	text: autoDraw = False
38.5897 	EXP 	text: height = 0.05
38.5897 	EXP 	text: height = 0.05
38.5897 	EXP 	text: height = 0.05
38.5897 	EXP 	text: text = 'menowy'
38.5897 	EXP 	fixation: autoDraw = True
39.0912 	INFO 	Keyboard events cleared
39.0907 	EXP 	text: autoDraw = True
39.1085 	EXP 	fixation: autoDraw = False
39.7826 	EXP 	New trial (rep=0, index=24): {'stimulus': 'indicate  ', 'condition': 'control', 'corr_resp': 'y'}
39.7900 	DATA 	Keypress: n
39.8083 	EXP 	fixation: autoDraw = False
39.8083 	EXP 	text: autoDraw = False
39.8083 	EXP 	text: height = 0.05
39.8083 	EXP 	text: height = 0.05
39.8083 	EXP 	text: height = 0.05
39.8083 	EXP 	text: text = 'indicate  '
39.8083 	EXP 	fixation: autoDraw = True
40.2934 	INFO 	Keyboard events cleared
40.2929 	EXP 	text: autoDraw = True
40.3094 	EXP 	fixation: autoDraw = False
40.7702 	EXP 	New trial (rep=0, index=25): {'stimulus': 'memory  ', 'condition': 'control', 'corr_resp': 'y'}
40.7795 	DATA 	Keypress: y
40.7927 	EXP 	fixation: autoDraw = False
40.7927 	EXP 	text: autoDraw = False
40.7927 	EXP 	text: height = 0.05
40.7927 	EXP 	text: height = 0.05
40.7927 	EXP 	text: height = 0.05
40.7927 	EXP 	text: text = 'memory  '
40.7927 	EXP 	fixation: autoDraw = True
41.2791 	INFO 	Keyboard events cleared
41.2786 	EXP 	text: autoDraw = True
41.2937 	EXP 	fixation: autoDraw = False
41.7379 	EXP 	New trial (rep=0, index=26): {'stimulus': 'saline  ', 'condition': 'control', 'corr_resp': 'y'}
41.7452 	DATA 	Keypress: y
41.7602 	EXP 	fixation: autoDraw = False
41.7602 	EXP 	text: autoDraw = False
41.7602 	EXP 	text: height = 0.05
41.7602 	EXP 	text: height = 0.05
41.7602 	EXP 	text: height = 0.05
41.7602 	EXP 	text: text = 'saline  '
41.7602 	EXP 	fixation: autoDraw = True
42.2614 	INFO 	Keyboard events cleared
42.2608 	EXP 	text: autoDraw = True
42.2795 	EXP 	fixation: autoDraw = False
42.9378 	EXP 	New trial (rep=0, index=27): {'stimulus': 'religion  ', 'condition': 'control', 'corr_resp': 'y'}
42.9465 	DATA 	Keypress: y
42.9613 	EXP 	fixation: autoDraw = False
42.9613 	EXP 	text: autoDraw = False
42.9613 	EXP 	text: height = 0.05
42.9613 	EXP 	text: height = 0.05
42.9613 	EXP 	text: height = 0.05
42.9613 	EXP 	text: text = 'religion  '
42.9613 	EXP 	fixation: autoDraw = True
43.4639 	INFO 	Keyboard events cleared
43.4634 	EXP 	fixation: autoDraw = False
43.4634 	EXP 	text: autoDraw = True
43.8860 	EXP 	New trial (rep=0, index=28): {'stimulus': 'cocewage', 'condition': 'ccrl', 'corr_resp': 'n'}
43.8908 	DATA 	Keypress: y
43.8967 	EXP 	fixation: autoDraw = False
43.8967 	EXP 	text: autoDraw = False
43.8967 	EXP 	text: height = 0.05
43.8967 	EXP 	text: height = 0.05
43.8967 	EXP 	text: height = 0.05
43.8967 	EXP 	text: text = 'cocewage'
43.8967 	EXP 	fixation: autoDraw = True
44.4139 	INFO 	Keyboard events cleared
44.4133 	EXP 	fixation: autoDraw = False
44.4133 	EXP 	text: autoDraw = True
45.1075 	EXP 	New trial (rep=0, index=29): {'stimulus': 'insibate', 'condition': 'ccrl', 'corr_resp': 'n'}
45.1160 	DATA 	Keypress: n
45.1302 	EXP 	fixation: autoDraw = False
45.1302 	EXP 	text: autoDraw = False
45.1302 	EXP 	text: height = 0.05
45.1302 	EXP 	text: height = 0.05
45.1302 	EXP 	text: height = 0.05
45.1302 	EXP 	text: text = 'insibate'
45.1302 	EXP 	fixation: autoDraw = True
45.6334 	INFO 	Keyboard events cleared
45.6329 	EXP 	fixation: autoDraw = False
45.6329 	EXP 	text: autoDraw = True
46.2233 	EXP 	New trial (rep=0, index=30): {'stimulus': 'consider  ', 'condition': 'control', 'corr_resp': 'y'}
46.2287 	DATA 	Keypress: y
46.2484 	EXP 	fixation: autoDraw = False
46.2484 	EXP 	text: autoDraw = False
46.2484 	EXP 	text: height = 0.05
46.2484 	EXP 	text: height = 0.05
46.2484 	EXP 	text: height = 0.05
46.2484 	EXP 	text: text = 'consider  '
46.2484 	EXP 	fixation: autoDraw = True
46.7500 	INFO 	Keyboard events cleared
46.7494 	EXP 	text: autoDraw = True
46.7680 	EXP 	fixation: autoDraw = False
47.3782 	EXP 	New trial (rep=0, index=31): {'stimulus': 'denficy', 'condition': 'ccrl', 'corr_resp': 'n'}
47.3860 	DATA 	Keypress: y
47.3995 	EXP 	fixation: autoDraw = False
47.3995 	EXP 	text: autoDraw = False
47.3995 	EXP 	text: height = 0.05
47.3995 	EXP 	text: height = 0.05
47.3995 	EXP 	text: height = 0.05
47.3995 	EXP 	text: text = 'denficy'
47.3995 	EXP 	fixation: autoDraw = True
47.9004 	INFO 	Keyboard events cleared
47.8999 	EXP 	text: autoDraw = True
47.9185 	EXP 	fixation: autoDraw = False
48.6302 	EXP 	New trial (rep=0, index=32): {'stimulus': 'numerical  ', 'condition': 'control', 'corr_resp': 'y'}
48.6381 	DATA 	Keypress: y
48.6510 	EXP 	fixation: autoDraw = False
48.6510 	EXP 	text: autoDraw = False
48.6510 	EXP 	text: height = 0.05
48.6510 	EXP 	text: height = 0.05
48.6510 	EXP 	text: height = 0.05
48.6510 	EXP 	text: text = 'numerical  '
48.6510 	EXP 	fixation: autoDraw = True
49.1361 	INFO 	Keyboard events cleared
49.1357 	EXP 	text: autoDraw = True
49.1527 	EXP 	fixation: autoDraw = False
50.2292 	EXP 	New trial (rep=0, index=33): {'stimulus': 'potugar', 'condition': 'ccrl', 'corr_resp': 'n'}
50.2378 	DATA 	Keypress: y
50.2528 	EXP 	fixation: autoDraw = False
50.2528 	EXP 	text: autoDraw = False
50.2528 	EXP 	text: height = 0.05
50.2528 	EXP 	text: height = 0.05
50.2528 	EXP 	text: height = 0.05
50.2528 	EXP 	text: text = 'potugar'
50.2528 	EXP 	fixation: autoDraw = True
50.7392 	INFO 	Keyboard events cleared
50.7388 	EXP 	text: autoDraw = True
50.7547 	EXP 	fixation: autoDraw = False
51.4799 	EXP 	New trial (rep=0, index=34): {'stimulus': 'coverage  ', 'condition': 'control', 'corr_resp': 'y'}
51.4868 	DATA 	Keypress: y
51.5040 	EXP 	fixation: autoDraw = False
51.5040 	EXP 	text: autoDraw = False
51.5040 	EXP 	text: height = 0.05
51.5040 	EXP 	text: height = 0.05
51.5040 	EXP 	text: height = 0.05
51.5040 	EXP 	text: text = 'coverage  '
51.5040 	EXP 	fixation: autoDraw = True
52.0072 	INFO 	Keyboard events cleared
52.0066 	EXP 	fixation: autoDraw = False
52.0066 	EXP 	text: autoDraw = True
52.6300 	DATA 	Keypress: y
52.6449 	EXP 	New trial (rep=0, index=35): {'stimulus': 'samite', 'condition': 'ccrl', 'corr_resp': 'n'}
52.6561 	EXP 	fixation: autoDraw = False
52.6561 	EXP 	text: autoDraw = False
52.6561 	EXP 	text: height = 0.05
52.6561 	EXP 	text: height = 0.05
52.6561 	EXP 	text: height = 0.05
52.6561 	EXP 	text: text = 'samite'
52.6561 	EXP 	fixation: autoDraw = True
53.1750 	INFO 	Keyboard events cleared
53.1744 	EXP 	fixation: autoDraw = False
53.1744 	EXP 	text: autoDraw = True
54.5343 	EXP 	New trial (rep=0, index=36): {'stimulus': 'conbicer', 'condition': 'ccrl', 'corr_resp': 'n'}
54.5436 	DATA 	Keypress: n
54.5575 	EXP 	fixation: autoDraw = False
54.5575 	EXP 	text: autoDraw = False
54.5575 	EXP 	text: height = 0.05
54.5575 	EXP 	text: height = 0.05
54.5575 	EXP 	text: height = 0.05
54.5575 	EXP 	text: text = 'conbicer'
54.5575 	EXP 	fixation: autoDraw = True
55.0591 	INFO 	Keyboard events cleared
55.0584 	EXP 	text: autoDraw = True
55.0916 	EXP 	fixation: autoDraw = False
55.5862 	EXP 	New trial (rep=0, index=37): {'stimulus': 'reconal', 'condition': 'ccrl', 'corr_resp': 'n'}
55.5929 	DATA 	Keypress: n
55.6089 	EXP 	fixation: autoDraw = False
55.6089 	EXP 	text: autoDraw = False
55.6089 	EXP 	text: height = 0.05
55.6089 	EXP 	text: height = 0.05
55.6089 	EXP 	text: height = 0.05
55.6089 	EXP 	text: text = 'reconal'
55.6089 	EXP 	fixation: autoDraw = True
56.1101 	INFO 	Keyboard events cleared
56.1094 	EXP 	text: autoDraw = True
56.1284 	EXP 	fixation: autoDraw = False
56.8006 	EXP 	New trial (rep=0, index=38): {'stimulus': 'heritage  ', 'condition': 'control', 'corr_resp': 'y'}
56.8059 	DATA 	Keypress: n
56.8266 	EXP 	fixation: autoDraw = False
56.8266 	EXP 	text: autoDraw = False
56.8266 	EXP 	text: height = 0.05
56.8266 	EXP 	text: height = 0.05
56.8266 	EXP 	text: height = 0.05
56.8266 	EXP 	text: text = 'heritage  '
56.8266 	EXP 	fixation: autoDraw = True
57.3279 	INFO 	Keyboard events cleared
57.3273 	EXP 	text: autoDraw = True
57.3454 	EXP 	fixation: autoDraw = False
57.9504 	EXP 	New trial (rep=0, index=39): {'stimulus': 'repifion', 'condition': 'ccrl', 'corr_resp': 'n'}
57.9549 	DATA 	Keypress: y
57.9622 	EXP 	fixation: autoDraw = False
57.9622 	EXP 	text: autoDraw = False
57.9622 	EXP 	text: height = 0.05
57.9622 	EXP 	text: height = 0.05
57.9622 	EXP 	text: height = 0.05
57.9622 	EXP 	text: text = 'repifion'
57.9622 	EXP 	fixation: autoDraw = True
58.4630 	INFO 	Keyboard events cleared
58.4625 	EXP 	fixation: autoDraw = False
58.4625 	EXP 	text: autoDraw = True
59.2073 	DATA 	Keypress: n
59.2134 	EXP 	fixation: autoDraw = False
59.2134 	EXP 	text: autoDraw = False
59.2134 	EXP 	text_3: autoDraw = True
64.2208 	EXP 	text_3: autoDraw = False
64.2280 	EXP 	solo_project: status = STOPPED
64.2539 	INFO 	saved data to 'C:\\Users\\ishas\\OneDrive\\Desktop\\Lab in Psych\\solo project\\data/aastha_solo_project_2024-12-02_19h06.16.226.csv'
64.2558 	INFO 	saved data to C:\Users\ishas\OneDrive\Desktop\Lab in Psych\solo project\data/aastha_solo_project_2024-12-02_19h06.16.226.psydat
64.3148 	EXP 	window1: mouseVisible = True
64.7925 	DEBUG 	Saving data for solo_project ExperimentHandler
