20.9654 	DEBUG 	Fullscreen settings ignored as running in pilot mode.
20.9668 	INFO 	Loaded monitor calibration from ['2024_08_07 22:29']
21.5267 	EXP 	Created window1 = Window(allowGUI=True, allowStencil=False, autoLog=True, backendConf=UNKNOWN, backgroundFit=<method-wrapper '__getattribute__' of attributeSetter object at 0x000001BEE38DF3D0>, backgroundImage=<method-wrapper '__getattribute__' of attributeSetter object at 0x000001BEE38DF370>, bitsMode=UNKNOWN, blendMode='avg', bpc=(8, 8, 8), color=array([0, 0, 0]), colorSpace='rgb', depthBits=8, fullscr=<method-wrapper '__getattribute__' of attributeSetter object at 0x000001BEE38DF1C0>, gamma=None, gammaErrorPolicy='raise', infoMsg=UNKNOWN, lms=UNKNOWN, monitor=<psychopy.monitors.calibTools.Monitor object at 0x000001BEE3CD6220>, multiSample=False, name='window1', numSamples=2, pos=[560.0, 240.0], screen=0, size=array([800, 600]), stencilBits=0, stereo=False, title='PsychoPy', units='height', useFBO=True, useRetina=False, viewOri=0.0, viewPos=None, viewScale=None, waitBlanking=True, winType='pyglet')
21.5268 	EXP 	window1: backgroundImage = ''
21.5269 	EXP 	window1: backgroundFit = 'none'
21.5272 	EXP 	window1: mouseVisible = <method-wrapper '__getattribute__' of attributeSetter object at 0x000001BEE38DF4C0>
21.5275 	EXP 	window1: mouseVisible = <method-wrapper '__getattribute__' of attributeSetter object at 0x000001BEE38DF4C0>
21.5328 	EXP 	window1: mouseVisible = <method-wrapper '__getattribute__' of attributeSetter object at 0x000001BEE38DF4C0>
21.5342 	EXP 	window1: mouseVisible = <method-wrapper '__getattribute__' of attributeSetter object at 0x000001BEE38DF4C0>
21.5539 	DEBUG 	TextBox2 loaded 1 chars with 0 blanks and 1 valid
21.5564 	DEBUG 	TextBox2 loaded 1 chars with 0 blanks and 1 valid
21.5589 	DEBUG 	TextBox2 loaded 1 chars with 0 blanks and 1 valid
21.5615 	DEBUG 	TextBox2 loaded 1 chars with 0 blanks and 1 valid
21.5637 	DEBUG 	TextBox2 loaded 1 chars with 0 blanks and 1 valid
21.5654 	DEBUG 	TextBox2 loaded 1 chars with 0 blanks and 1 valid
21.5674 	DEBUG 	TextBox2 loaded 1 chars with 0 blanks and 1 valid
21.5698 	DEBUG 	TextBox2 loaded 1 chars with 0 blanks and 1 valid
21.5713 	DEBUG 	TextBox2 loaded 1 chars with 0 blanks and 1 valid
21.5728 	DEBUG 	TextBox2 loaded 1 chars with 0 blanks and 1 valid
21.5749 	DEBUG 	TextBox2 loaded 1 chars with 0 blanks and 1 valid
21.5769 	DEBUG 	TextBox2 loaded 1 chars with 0 blanks and 1 valid
21.5787 	DEBUG 	TextBox2 loaded 1 chars with 0 blanks and 1 valid
21.5807 	DEBUG 	TextBox2 loaded 1 chars with 0 blanks and 1 valid
21.5824 	DEBUG 	TextBox2 loaded 1 chars with 0 blanks and 1 valid
21.5846 	DEBUG 	TextBox2 loaded 1 chars with 0 blanks and 1 valid
21.5866 	DEBUG 	TextBox2 loaded 1 chars with 0 blanks and 1 valid
21.5882 	DEBUG 	TextBox2 loaded 1 chars with 0 blanks and 1 valid
21.5900 	DEBUG 	TextBox2 loaded 1 chars with 0 blanks and 1 valid
21.5923 	DEBUG 	TextBox2 loaded 1 chars with 0 blanks and 1 valid
21.5939 	DEBUG 	TextBox2 loaded 1 chars with 0 blanks and 1 valid
21.5948 	DEBUG 	Uploading Texture Font fontname to graphics card
21.5971 	DEBUG 	Upload of Texture Font fontname complete
21.6004 	EXP 	window1: mouseVisible = <method-wrapper '__getattribute__' of attributeSetter object at 0x000001BEE38DF4C0>
21.6007 	EXP 	window1: mouseVisible = <method-wrapper '__getattribute__' of attributeSetter object at 0x000001BEE38DF4C0>
21.6023 	EXP 	window1: mouseVisible = <method-wrapper '__getattribute__' of attributeSetter object at 0x000001BEE38DF4C0>
21.6040 	EXP 	window1: mouseVisible = <method-wrapper '__getattribute__' of attributeSetter object at 0x000001BEE38DF4C0>
21.6124 	DEBUG 	TextBox2 loaded 1 chars with 0 blanks and 1 valid
21.6148 	DEBUG 	TextBox2 loaded 1 chars with 0 blanks and 1 valid
21.6172 	DEBUG 	TextBox2 loaded 1 chars with 0 blanks and 1 valid
21.6178 	DEBUG 	Uploading Texture Font fontname to graphics card
21.6194 	DEBUG 	Upload of Texture Font fontname complete
21.6249 	EXP 	window1: Attempting to measure frame rate of screen (0) ...
21.6250 	EXP 	window1: recordFrameIntervals = False
21.8045 	EXP 	window1: recordFrameIntervals = True
22.0228 	EXP 	Screen (0) actual frame rate measured at 59.44Hz
22.0229 	EXP 	window1: recordFrameIntervals = False
22.0231 	EXP 	window1: mouseVisible = False
22.0238 	EXP 	window1: mouseVisible = False
22.0242 	EXP 	window1: mouseVisible = False
22.0258 	EXP 	window1: mouseVisible = False
22.0269 	EXP 	window1: mouseVisible = False
22.0374 	DEBUG 	TextBox2 loaded 1 chars with 0 blanks and 1 valid
22.0404 	DEBUG 	TextBox2 loaded 1 chars with 0 blanks and 1 valid
22.0436 	DEBUG 	TextBox2 loaded 1 chars with 0 blanks and 1 valid
22.0472 	DEBUG 	TextBox2 loaded 1 chars with 0 blanks and 1 valid
22.0513 	DEBUG 	TextBox2 loaded 1 chars with 0 blanks and 1 valid
22.0548 	DEBUG 	TextBox2 loaded 1 chars with 0 blanks and 1 valid
22.0572 	DEBUG 	TextBox2 loaded 1 chars with 0 blanks and 1 valid
22.0602 	DEBUG 	TextBox2 loaded 1 chars with 0 blanks and 1 valid
22.0636 	DEBUG 	TextBox2 loaded 1 chars with 0 blanks and 1 valid
22.0668 	DEBUG 	TextBox2 loaded 1 chars with 0 blanks and 1 valid
22.0675 	DEBUG 	Uploading Texture Font fontname to graphics card
22.0696 	DEBUG 	Upload of Texture Font fontname complete
22.0754 	EXP 	window1: mouseVisible = False
22.0757 	EXP 	window1: mouseVisible = False
22.0770 	EXP 	window1: mouseVisible = False
22.0781 	EXP 	window1: mouseVisible = False
22.2608 	WARNING 	launchHubServer: If using the iohub mouse or eyetracker devices, fullScr should be True.
28.5951 	INFO 	keyboard.Keyboard is using iohub backend.
28.5952 	INFO 	keyboard.Keyboard is using iohub backend.
28.5952 	EXP 	solo_project: status = STARTED
28.5955 	EXP 	window1: mouseVisible = False
28.7912 	EXP 	Created text_2 = TextStim(__class__=<class 'psychopy.visual.text.TextStim'>, alignHoriz=method-wrapper(...), alignText='center', alignVert=method-wrapper(...), anchorHoriz='center', anchorVert='center', antialias=True, autoDraw=False, autoLog=True, bold=False, color=array([1., 1., 1.]), colorSpace='rgb', contrast=1.0, depth=0.0, draggable=False, flipHoriz=False, flipVert=False, font='Arial', fontFiles=[], height=0.05, italic=False, languageStyle='LTR', name='text_2', opacity=1.0, ori=0.0, pos=array([0., 0.]), rgb=UNKNOWN, text=str(...), units='height', win=Window(...), wrapWidth=1)
28.7914 	EXP 	window1: mouseVisible = False
28.7970 	EXP 	Created fixation = ShapeStim(__class__=<class 'psychopy.visual.shape.ShapeStim'>, anchor=('center', 'center'), autoDraw=False, autoLog=True, closeShape=True, color=method-wrapper(...), colorSpace='rgb', contrast=None, depth=0.0, draggable=False, fillColor=array([1, 1, 1]), fillColorSpace='rgb', fillRGB=array([1, 1, 1]), interpolate=True, lineColor=array([1., 1., 1.]), lineColorSpace='rgb', lineRGB=array([1, 1, 1]), lineWidth=1.0, name='fixation', opacity=1.0, ori=0.0, pos=array([0., 0.]), size=array([0.1, 0.1]), units='height', vertices=ndarray(...), win=Window(...), windingRule=None)
28.7972 	EXP 	window1: mouseVisible = False
28.7998 	EXP 	Created text = TextStim(__class__=<class 'psychopy.visual.text.TextStim'>, alignHoriz=method-wrapper(...), alignText='center', alignVert=method-wrapper(...), anchorHoriz='center', anchorVert='center', antialias=True, autoDraw=False, autoLog=True, bold=False, color=array([1., 1., 1.]), colorSpace='rgb', contrast=1.0, depth=-1.0, draggable=False, flipHoriz=False, flipVert=False, font='Arial', fontFiles=[], height=0.05, italic=False, languageStyle='LTR', name='text', opacity=1.0, ori=0.0, pos=array([0., 0.]), rgb=UNKNOWN, text='', units='height', win=Window(...), wrapWidth=1)
28.7999 	EXP 	window1: mouseVisible = False
28.8131 	EXP 	Created text_3 = TextStim(__class__=<class 'psychopy.visual.text.TextStim'>, alignHoriz=method-wrapper(...), alignText='center', alignVert=method-wrapper(...), anchorHoriz='center', anchorVert='center', antialias=True, autoDraw=False, autoLog=True, bold=False, color=array([1., 1., 1.]), colorSpace='rgb', contrast=1.0, depth=0.0, draggable=False, flipHoriz=False, flipVert=False, font='Arial', fontFiles=[], height=0.05, italic=False, languageStyle='LTR', name='text_3', opacity=1.0, ori=0.0, pos=array([0., 0.]), rgb=UNKNOWN, text=str(...), units='height', win=Window(...), wrapWidth=1)
0.0316 	EXP 	text_2: autoDraw = True
10.0223 	DEBUG 	Read excel file with openpyxl: list_1_cctl.xlsx
10.0267 	EXP 	Imported list_1_cctl.xlsx as conditions, 40 conditions, 3 params
10.0294 	EXP 	Created sequence: random, trialTypes=40, nReps=1, seed=None
10.0298 	EXP 	New trial (rep=0, index=0): {'stimulus': 'dominant  ', 'condition': 'control', 'corr_resp': 'y'}
10.0421 	EXP 	text_2: autoDraw = False
10.0421 	EXP 	text: height = 0.05
10.0421 	EXP 	text: height = 0.05
10.0421 	EXP 	text: height = 0.05
10.0421 	EXP 	text: text = 'dominant  '
10.0421 	EXP 	fixation: autoDraw = True
10.5263 	INFO 	Keyboard events cleared
10.5258 	EXP 	text: autoDraw = True
10.5440 	EXP 	fixation: autoDraw = False
17.4973 	DATA 	Keypress: y
17.5398 	EXP 	New trial (rep=0, index=1): {'stimulus': 'senator  ', 'condition': 'control', 'corr_resp': 'y'}
17.5668 	EXP 	fixation: autoDraw = False
17.5668 	EXP 	text: autoDraw = False
17.5668 	EXP 	text: height = 0.05
17.5668 	EXP 	text: height = 0.05
17.5668 	EXP 	text: height = 0.05
17.5668 	EXP 	text: text = 'senator  '
17.5668 	EXP 	fixation: autoDraw = True
18.0679 	INFO 	Keyboard events cleared
18.0673 	EXP 	text: autoDraw = True
18.1015 	EXP 	fixation: autoDraw = False
19.1623 	EXP 	New trial (rep=0, index=2): {'stimulus': 'liretal', 'condition': 'cctl', 'corr_resp': 'n'}
19.1709 	DATA 	Keypress: y
19.1851 	EXP 	fixation: autoDraw = False
19.1851 	EXP 	text: autoDraw = False
19.1851 	EXP 	text: height = 0.05
19.1851 	EXP 	text: height = 0.05
19.1851 	EXP 	text: height = 0.05
19.1851 	EXP 	text: text = 'liretal'
19.1851 	EXP 	fixation: autoDraw = True
19.6862 	INFO 	Keyboard events cleared
19.6857 	EXP 	text: autoDraw = True
19.7037 	EXP 	fixation: autoDraw = False
21.3306 	EXP 	New trial (rep=0, index=3): {'stimulus': 'molibe', 'condition': 'cctl', 'corr_resp': 'n'}
21.3365 	DATA 	Keypress: n
21.3541 	EXP 	fixation: autoDraw = False
21.3541 	EXP 	text: autoDraw = False
21.3541 	EXP 	text: height = 0.05
21.3541 	EXP 	text: height = 0.05
21.3541 	EXP 	text: height = 0.05
21.3541 	EXP 	text: text = 'molibe'
21.3541 	EXP 	fixation: autoDraw = True
21.8407 	INFO 	Keyboard events cleared
21.8403 	EXP 	text: autoDraw = True
21.8560 	EXP 	fixation: autoDraw = False
23.3325 	EXP 	New trial (rep=0, index=4): {'stimulus': 'relative  ', 'condition': 'control', 'corr_resp': 'y'}
23.3414 	DATA 	Keypress: n
23.3559 	EXP 	fixation: autoDraw = False
23.3559 	EXP 	text: autoDraw = False
23.3559 	EXP 	text: height = 0.05
23.3559 	EXP 	text: height = 0.05
23.3559 	EXP 	text: height = 0.05
23.3559 	EXP 	text: text = 'relative  '
23.3559 	EXP 	fixation: autoDraw = True
23.8422 	INFO 	Keyboard events cleared
23.8416 	EXP 	text: autoDraw = True
23.8740 	EXP 	fixation: autoDraw = False
24.4859 	EXP 	New trial (rep=0, index=5): {'stimulus': 'manire', 'condition': 'cctl', 'corr_resp': 'n'}
24.4938 	DATA 	Keypress: y
24.5079 	EXP 	fixation: autoDraw = False
24.5079 	EXP 	text: autoDraw = False
24.5079 	EXP 	text: height = 0.05
24.5079 	EXP 	text: height = 0.05
24.5079 	EXP 	text: height = 0.05
24.5079 	EXP 	text: text = 'manire'
24.5079 	EXP 	fixation: autoDraw = True
25.0256 	INFO 	Keyboard events cleared
25.0251 	EXP 	fixation: autoDraw = False
25.0251 	EXP 	text: autoDraw = True
26.2545 	EXP 	New trial (rep=0, index=6): {'stimulus': 'stogare', 'condition': 'cctl', 'corr_resp': 'n'}
26.2622 	DATA 	Keypress: y
26.2763 	EXP 	fixation: autoDraw = False
26.2763 	EXP 	text: autoDraw = False
26.2763 	EXP 	text: height = 0.05
26.2763 	EXP 	text: height = 0.05
26.2763 	EXP 	text: height = 0.05
26.2763 	EXP 	text: text = 'stogare'
26.2763 	EXP 	fixation: autoDraw = True
26.7616 	INFO 	Keyboard events cleared
26.7611 	EXP 	text: autoDraw = True
26.7789 	EXP 	fixation: autoDraw = False
27.8392 	EXP 	New trial (rep=0, index=7): {'stimulus': 'refusal  ', 'condition': 'control', 'corr_resp': 'y'}
27.8477 	DATA 	Keypress: n
27.8612 	EXP 	fixation: autoDraw = False
27.8612 	EXP 	text: autoDraw = False
27.8612 	EXP 	text: height = 0.05
27.8612 	EXP 	text: height = 0.05
27.8612 	EXP 	text: height = 0.05
27.8612 	EXP 	text: text = 'refusal  '
27.8612 	EXP 	fixation: autoDraw = True
28.3624 	INFO 	Keyboard events cleared
28.3620 	EXP 	text: autoDraw = True
28.3809 	EXP 	fixation: autoDraw = False
29.0899 	EXP 	New trial (rep=0, index=8): {'stimulus': 'retalive', 'condition': 'cctl', 'corr_resp': 'n'}
29.0982 	DATA 	Keypress: y
29.1126 	EXP 	fixation: autoDraw = False
29.1126 	EXP 	text: autoDraw = False
29.1126 	EXP 	text: height = 0.05
29.1126 	EXP 	text: height = 0.05
29.1126 	EXP 	text: height = 0.05
29.1126 	EXP 	text: text = 'retalive'
29.1126 	EXP 	fixation: autoDraw = True
29.6149 	INFO 	Keyboard events cleared
29.6145 	EXP 	fixation: autoDraw = False
29.6145 	EXP 	text: autoDraw = True
30.7249 	EXP 	New trial (rep=0, index=9): {'stimulus': 'logical  ', 'condition': 'control', 'corr_resp': 'y'}
30.7322 	DATA 	Keypress: n
30.7481 	EXP 	fixation: autoDraw = False
30.7481 	EXP 	text: autoDraw = False
30.7481 	EXP 	text: height = 0.05
30.7481 	EXP 	text: height = 0.05
30.7481 	EXP 	text: height = 0.05
30.7481 	EXP 	text: text = 'logical  '
30.7481 	EXP 	fixation: autoDraw = True
31.2510 	INFO 	Keyboard events cleared
31.2504 	EXP 	fixation: autoDraw = False
31.2504 	EXP 	text: autoDraw = True
31.8586 	EXP 	New trial (rep=0, index=10): {'stimulus': 'optimal  ', 'condition': 'control', 'corr_resp': 'y'}
31.8671 	DATA 	Keypress: y
31.8824 	EXP 	fixation: autoDraw = False
31.8824 	EXP 	text: autoDraw = False
31.8824 	EXP 	text: height = 0.05
31.8824 	EXP 	text: height = 0.05
31.8824 	EXP 	text: height = 0.05
31.8824 	EXP 	text: text = 'optimal  '
31.8824 	EXP 	fixation: autoDraw = True
32.3855 	INFO 	Keyboard events cleared
32.3849 	EXP 	fixation: autoDraw = False
32.3849 	EXP 	text: autoDraw = True
32.9617 	EXP 	New trial (rep=0, index=11): {'stimulus': 'stragety', 'condition': 'cctl', 'corr_resp': 'n'}
32.9697 	DATA 	Keypress: y
32.9835 	EXP 	fixation: autoDraw = False
32.9835 	EXP 	text: autoDraw = False
32.9835 	EXP 	text: height = 0.05
32.9835 	EXP 	text: height = 0.05
32.9835 	EXP 	text: height = 0.05
32.9835 	EXP 	text: text = 'stragety'
32.9835 	EXP 	fixation: autoDraw = True
33.4700 	INFO 	Keyboard events cleared
33.4695 	EXP 	text: autoDraw = True
33.5004 	EXP 	fixation: autoDraw = False
34.3442 	EXP 	New trial (rep=0, index=12): {'stimulus': 'crinimal', 'condition': 'cctl', 'corr_resp': 'n'}
34.3500 	DATA 	Keypress: n
34.3684 	EXP 	fixation: autoDraw = False
34.3684 	EXP 	text: autoDraw = False
34.3684 	EXP 	text: height = 0.05
34.3684 	EXP 	text: height = 0.05
34.3684 	EXP 	text: height = 0.05
34.3684 	EXP 	text: text = 'crinimal'
34.3684 	EXP 	fixation: autoDraw = True
34.8701 	INFO 	Keyboard events cleared
34.8695 	EXP 	text: autoDraw = True
34.9024 	EXP 	fixation: autoDraw = False
35.8493 	DATA 	Keypress: y
35.8802 	EXP 	New trial (rep=0, index=13): {'stimulus': 'criminal  ', 'condition': 'control', 'corr_resp': 'y'}
35.9039 	EXP 	fixation: autoDraw = False
35.9039 	EXP 	text: autoDraw = False
35.9039 	EXP 	text: height = 0.05
35.9039 	EXP 	text: height = 0.05
35.9039 	EXP 	text: height = 0.05
35.9039 	EXP 	text: text = 'criminal  '
35.9039 	EXP 	fixation: autoDraw = True
36.4047 	INFO 	Keyboard events cleared
36.4041 	EXP 	text: autoDraw = True
36.4223 	EXP 	fixation: autoDraw = False
37.4634 	EXP 	New trial (rep=0, index=14): {'stimulus': 'velocity  ', 'condition': 'control', 'corr_resp': 'y'}
37.4704 	DATA 	Keypress: y
37.4891 	EXP 	fixation: autoDraw = False
37.4891 	EXP 	text: autoDraw = False
37.4891 	EXP 	text: height = 0.05
37.4891 	EXP 	text: height = 0.05
37.4891 	EXP 	text: height = 0.05
37.4891 	EXP 	text: text = 'velocity  '
37.4891 	EXP 	fixation: autoDraw = True
37.9747 	INFO 	Keyboard events cleared
37.9742 	EXP 	text: autoDraw = True
37.9901 	EXP 	fixation: autoDraw = False
38.9340 	EXP 	New trial (rep=0, index=15): {'stimulus': 'opmital', 'condition': 'cctl', 'corr_resp': 'n'}
38.9422 	DATA 	Keypress: y
38.9569 	EXP 	fixation: autoDraw = False
38.9569 	EXP 	text: autoDraw = False
38.9569 	EXP 	text: height = 0.05
38.9569 	EXP 	text: height = 0.05
38.9569 	EXP 	text: height = 0.05
38.9569 	EXP 	text: text = 'opmital'
38.9569 	EXP 	fixation: autoDraw = True
39.4423 	INFO 	Keyboard events cleared
39.4418 	EXP 	text: autoDraw = True
39.4596 	EXP 	fixation: autoDraw = False
40.7848 	EXP 	New trial (rep=0, index=16): {'stimulus': 'paficic', 'condition': 'cctl', 'corr_resp': 'n'}
40.7925 	DATA 	Keypress: n
40.8089 	EXP 	fixation: autoDraw = False
40.8089 	EXP 	text: autoDraw = False
40.8089 	EXP 	text: height = 0.05
40.8089 	EXP 	text: height = 0.05
40.8089 	EXP 	text: height = 0.05
40.8089 	EXP 	text: text = 'paficic'
40.8089 	EXP 	fixation: autoDraw = True
41.3102 	INFO 	Keyboard events cleared
41.3096 	EXP 	text: autoDraw = True
41.3282 	EXP 	fixation: autoDraw = False
42.5239 	EXP 	New trial (rep=0, index=17): {'stimulus': 'marine  ', 'condition': 'control', 'corr_resp': 'y'}
42.5324 	DATA 	Keypress: n
42.5443 	EXP 	fixation: autoDraw = False
42.5443 	EXP 	text: autoDraw = False
42.5443 	EXP 	text: height = 0.05
42.5443 	EXP 	text: height = 0.05
42.5443 	EXP 	text: height = 0.05
42.5443 	EXP 	text: text = 'marine  '
42.5443 	EXP 	fixation: autoDraw = True
43.0293 	INFO 	Keyboard events cleared
43.0289 	EXP 	text: autoDraw = True
43.0452 	EXP 	fixation: autoDraw = False
43.9552 	EXP 	New trial (rep=0, index=18): {'stimulus': 'clicinal', 'condition': 'cctl', 'corr_resp': 'n'}
43.9620 	DATA 	Keypress: y
43.9791 	EXP 	fixation: autoDraw = False
43.9791 	EXP 	text: autoDraw = False
43.9791 	EXP 	text: height = 0.05
43.9791 	EXP 	text: height = 0.05
43.9791 	EXP 	text: height = 0.05
43.9791 	EXP 	text: text = 'clicinal'
43.9791 	EXP 	fixation: autoDraw = True
44.4803 	INFO 	Keyboard events cleared
44.4798 	EXP 	text: autoDraw = True
44.5133 	EXP 	fixation: autoDraw = False
46.0101 	EXP 	New trial (rep=0, index=19): {'stimulus': 'fortune  ', 'condition': 'control', 'corr_resp': 'y'}
46.0190 	DATA 	Keypress: n
46.0310 	EXP 	fixation: autoDraw = False
46.0310 	EXP 	text: autoDraw = False
46.0310 	EXP 	text: height = 0.05
46.0310 	EXP 	text: height = 0.05
46.0310 	EXP 	text: height = 0.05
46.0310 	EXP 	text: text = 'fortune  '
46.0310 	EXP 	fixation: autoDraw = True
46.5327 	INFO 	Keyboard events cleared
46.5322 	EXP 	text: autoDraw = True
46.5510 	EXP 	fixation: autoDraw = False
47.1733 	EXP 	New trial (rep=0, index=20): {'stimulus': 'original  ', 'condition': 'control', 'corr_resp': 'y'}
47.1788 	DATA 	Keypress: y
47.1991 	EXP 	fixation: autoDraw = False
47.1991 	EXP 	text: autoDraw = False
47.1991 	EXP 	text: height = 0.05
47.1991 	EXP 	text: height = 0.05
47.1991 	EXP 	text: height = 0.05
47.1991 	EXP 	text: text = 'original  '
47.1991 	EXP 	fixation: autoDraw = True
47.7011 	INFO 	Keyboard events cleared
47.7005 	EXP 	text: autoDraw = True
47.7183 	EXP 	fixation: autoDraw = False
48.4426 	EXP 	New trial (rep=0, index=21): {'stimulus': 'ronamtic', 'condition': 'cctl', 'corr_resp': 'n'}
48.4494 	DATA 	Keypress: y
48.4671 	EXP 	fixation: autoDraw = False
48.4671 	EXP 	text: autoDraw = False
48.4671 	EXP 	text: height = 0.05
48.4671 	EXP 	text: height = 0.05
48.4671 	EXP 	text: height = 0.05
48.4671 	EXP 	text: text = 'ronamtic'
48.4671 	EXP 	fixation: autoDraw = True
48.9691 	INFO 	Keyboard events cleared
48.9685 	EXP 	fixation: autoDraw = False
48.9685 	EXP 	text: autoDraw = True
50.0459 	EXP 	New trial (rep=0, index=22): {'stimulus': 'donimant', 'condition': 'cctl', 'corr_resp': 'n'}
50.0543 	DATA 	Keypress: n
50.0693 	EXP 	fixation: autoDraw = False
50.0693 	EXP 	text: autoDraw = False
50.0693 	EXP 	text: height = 0.05
50.0693 	EXP 	text: height = 0.05
50.0693 	EXP 	text: height = 0.05
50.0693 	EXP 	text: text = 'donimant'
50.0693 	EXP 	fixation: autoDraw = True
50.5544 	INFO 	Keyboard events cleared
50.5539 	EXP 	text: autoDraw = True
50.5708 	EXP 	fixation: autoDraw = False
52.2815 	EXP 	New trial (rep=0, index=23): {'stimulus': 'edivent', 'condition': 'cctl', 'corr_resp': 'n'}
52.2889 	DATA 	Keypress: n
52.3048 	EXP 	fixation: autoDraw = False
52.3048 	EXP 	text: autoDraw = False
52.3048 	EXP 	text: height = 0.05
52.3048 	EXP 	text: height = 0.05
52.3048 	EXP 	text: height = 0.05
52.3048 	EXP 	text: text = 'edivent'
52.3048 	EXP 	fixation: autoDraw = True
52.8057 	INFO 	Keyboard events cleared
52.8052 	EXP 	text: autoDraw = True
52.8227 	EXP 	fixation: autoDraw = False
55.0356 	DATA 	Keypress: n
55.0524 	EXP 	New trial (rep=0, index=24): {'stimulus': 'vecolity', 'condition': 'cctl', 'corr_resp': 'n'}
55.0748 	EXP 	fixation: autoDraw = False
55.0748 	EXP 	text: autoDraw = False
55.0748 	EXP 	text: height = 0.05
55.0748 	EXP 	text: height = 0.05
55.0748 	EXP 	text: height = 0.05
55.0748 	EXP 	text: text = 'vecolity'
55.0748 	EXP 	fixation: autoDraw = True
55.5600 	INFO 	Keyboard events cleared
55.5595 	EXP 	text: autoDraw = True
55.5761 	EXP 	fixation: autoDraw = False
56.7490 	EXP 	New trial (rep=0, index=25): {'stimulus': 'strategy  ', 'condition': 'control', 'corr_resp': 'y'}
56.7543 	DATA 	Keypress: n
56.7609 	EXP 	fixation: autoDraw = False
56.7609 	EXP 	text: autoDraw = False
56.7609 	EXP 	text: height = 0.05
56.7609 	EXP 	text: height = 0.05
56.7609 	EXP 	text: height = 0.05
56.7609 	EXP 	text: text = 'strategy  '
56.7609 	EXP 	fixation: autoDraw = True
57.2618 	INFO 	Keyboard events cleared
57.2613 	EXP 	fixation: autoDraw = False
57.2613 	EXP 	text: autoDraw = True
58.0712 	EXP 	New trial (rep=0, index=26): {'stimulus': 'orinigal', 'condition': 'cctl', 'corr_resp': 'n'}
58.0808 	DATA 	Keypress: y
58.0946 	EXP 	fixation: autoDraw = False
58.0946 	EXP 	text: autoDraw = False
58.0946 	EXP 	text: height = 0.05
58.0946 	EXP 	text: height = 0.05
58.0946 	EXP 	text: height = 0.05
58.0946 	EXP 	text: text = 'orinigal'
58.0946 	EXP 	fixation: autoDraw = True
58.5810 	INFO 	Keyboard events cleared
58.5805 	EXP 	text: autoDraw = True
58.6117 	EXP 	fixation: autoDraw = False
59.4856 	EXP 	New trial (rep=0, index=27): {'stimulus': 'storage  ', 'condition': 'control', 'corr_resp': 'y'}
59.4897 	DATA 	Keypress: n
59.4985 	EXP 	fixation: autoDraw = False
59.4985 	EXP 	text: autoDraw = False
59.4985 	EXP 	text: height = 0.05
59.4985 	EXP 	text: height = 0.05
59.4985 	EXP 	text: height = 0.05
59.4985 	EXP 	text: text = 'storage  '
59.4985 	EXP 	fixation: autoDraw = True
60.0136 	INFO 	Keyboard events cleared
60.0131 	EXP 	text: autoDraw = True
60.0321 	EXP 	fixation: autoDraw = False
61.3766 	EXP 	New trial (rep=0, index=28): {'stimulus': 'romantic  ', 'condition': 'control', 'corr_resp': 'y'}
61.3855 	DATA 	Keypress: y
61.3981 	EXP 	fixation: autoDraw = False
61.3981 	EXP 	text: autoDraw = False
61.3981 	EXP 	text: height = 0.05
61.3981 	EXP 	text: height = 0.05
61.3981 	EXP 	text: height = 0.05
61.3981 	EXP 	text: text = 'romantic  '
61.3981 	EXP 	fixation: autoDraw = True
61.8830 	INFO 	Keyboard events cleared
61.8825 	EXP 	text: autoDraw = True
61.8998 	EXP 	fixation: autoDraw = False
62.6207 	EXP 	New trial (rep=0, index=29): {'stimulus': 'fornute', 'condition': 'cctl', 'corr_resp': 'n'}
62.6249 	DATA 	Keypress: y
62.6332 	EXP 	fixation: autoDraw = False
62.6332 	EXP 	text: autoDraw = False
62.6332 	EXP 	text: height = 0.05
62.6332 	EXP 	text: height = 0.05
62.6332 	EXP 	text: height = 0.05
62.6332 	EXP 	text: text = 'fornute'
62.6332 	EXP 	fixation: autoDraw = True
63.1506 	INFO 	Keyboard events cleared
63.1500 	EXP 	fixation: autoDraw = False
63.1500 	EXP 	text: autoDraw = True
63.9792 	EXP 	New trial (rep=0, index=30): {'stimulus': 'pacific  ', 'condition': 'control', 'corr_resp': 'y'}
63.9870 	DATA 	Keypress: n
64.0009 	EXP 	fixation: autoDraw = False
64.0009 	EXP 	text: autoDraw = False
64.0009 	EXP 	text: height = 0.05
64.0009 	EXP 	text: height = 0.05
64.0009 	EXP 	text: height = 0.05
64.0009 	EXP 	text: text = 'pacific  '
64.0009 	EXP 	fixation: autoDraw = True
64.5022 	INFO 	Keyboard events cleared
64.5017 	EXP 	text: autoDraw = True
64.5186 	EXP 	fixation: autoDraw = False
66.2466 	EXP 	New trial (rep=0, index=31): {'stimulus': 'remote  ', 'condition': 'control', 'corr_resp': 'y'}
66.2523 	DATA 	Keypress: y
66.2699 	EXP 	fixation: autoDraw = False
66.2699 	EXP 	text: autoDraw = False
66.2699 	EXP 	text: height = 0.05
66.2699 	EXP 	text: height = 0.05
66.2699 	EXP 	text: height = 0.05
66.2699 	EXP 	text: text = 'remote  '
66.2699 	EXP 	fixation: autoDraw = True
66.7566 	INFO 	Keyboard events cleared
66.7561 	EXP 	text: autoDraw = True
66.7722 	EXP 	fixation: autoDraw = False
68.1866 	DATA 	Keypress: y
68.2123 	EXP 	New trial (rep=0, index=32): {'stimulus': 'evident  ', 'condition': 'control', 'corr_resp': 'y'}
68.2386 	EXP 	fixation: autoDraw = False
68.2386 	EXP 	text: autoDraw = False
68.2386 	EXP 	text: height = 0.05
68.2386 	EXP 	text: height = 0.05
68.2386 	EXP 	text: height = 0.05
68.2386 	EXP 	text: text = 'evident  '
68.2386 	EXP 	fixation: autoDraw = True
68.7407 	INFO 	Keyboard events cleared
68.7402 	EXP 	text: autoDraw = True
68.7580 	EXP 	fixation: autoDraw = False
69.3844 	EXP 	New trial (rep=0, index=33): {'stimulus': 'mobile  ', 'condition': 'control', 'corr_resp': 'y'}
69.3943 	DATA 	Keypress: y
69.4065 	EXP 	fixation: autoDraw = False
69.4065 	EXP 	text: autoDraw = False
69.4065 	EXP 	text: height = 0.05
69.4065 	EXP 	text: height = 0.05
69.4065 	EXP 	text: height = 0.05
69.4065 	EXP 	text: text = 'mobile  '
69.4065 	EXP 	fixation: autoDraw = True
69.9119 	INFO 	Keyboard events cleared
69.9110 	EXP 	fixation: autoDraw = False
69.9110 	EXP 	text: autoDraw = True
70.5001 	EXP 	New trial (rep=0, index=34): {'stimulus': 'retome', 'condition': 'cctl', 'corr_resp': 'n'}
70.5087 	DATA 	Keypress: y
70.5245 	EXP 	fixation: autoDraw = False
70.5245 	EXP 	text: autoDraw = False
70.5245 	EXP 	text: height = 0.05
70.5245 	EXP 	text: height = 0.05
70.5245 	EXP 	text: height = 0.05
70.5245 	EXP 	text: text = 'retome'
70.5245 	EXP 	fixation: autoDraw = True
71.0259 	INFO 	Keyboard events cleared
71.0254 	EXP 	text: autoDraw = True
71.0429 	EXP 	fixation: autoDraw = False
72.3869 	EXP 	New trial (rep=0, index=35): {'stimulus': 'literal  ', 'condition': 'control', 'corr_resp': 'y'}
72.3955 	DATA 	Keypress: n
72.4102 	EXP 	fixation: autoDraw = False
72.4102 	EXP 	text: autoDraw = False
72.4102 	EXP 	text: height = 0.05
72.4102 	EXP 	text: height = 0.05
72.4102 	EXP 	text: height = 0.05
72.4102 	EXP 	text: text = 'literal  '
72.4102 	EXP 	fixation: autoDraw = True
72.8958 	INFO 	Keyboard events cleared
72.8952 	EXP 	text: autoDraw = True
72.9271 	EXP 	fixation: autoDraw = False
73.9717 	EXP 	New trial (rep=0, index=36): {'stimulus': 'clinical  ', 'condition': 'control', 'corr_resp': 'y'}
73.9785 	DATA 	Keypress: y
73.9948 	EXP 	fixation: autoDraw = False
73.9948 	EXP 	text: autoDraw = False
73.9948 	EXP 	text: height = 0.05
73.9948 	EXP 	text: height = 0.05
73.9948 	EXP 	text: height = 0.05
73.9948 	EXP 	text: text = 'clinical  '
73.9948 	EXP 	fixation: autoDraw = True
74.4824 	INFO 	Keyboard events cleared
74.4815 	EXP 	text: autoDraw = True
74.5119 	EXP 	fixation: autoDraw = False
75.1080 	EXP 	New trial (rep=0, index=37): {'stimulus': 'locigal', 'condition': 'cctl', 'corr_resp': 'n'}
75.1159 	DATA 	Keypress: y
75.1297 	EXP 	fixation: autoDraw = False
75.1297 	EXP 	text: autoDraw = False
75.1297 	EXP 	text: height = 0.05
75.1297 	EXP 	text: height = 0.05
75.1297 	EXP 	text: height = 0.05
75.1297 	EXP 	text: text = 'locigal'
75.1297 	EXP 	fixation: autoDraw = True
75.6328 	INFO 	Keyboard events cleared
75.6323 	EXP 	fixation: autoDraw = False
75.6323 	EXP 	text: autoDraw = True
77.0578 	EXP 	New trial (rep=0, index=38): {'stimulus': 'resufal', 'condition': 'cctl', 'corr_resp': 'n'}
77.0643 	DATA 	Keypress: n
77.0814 	EXP 	fixation: autoDraw = False
77.0814 	EXP 	text: autoDraw = False
77.0814 	EXP 	text: height = 0.05
77.0814 	EXP 	text: height = 0.05
77.0814 	EXP 	text: height = 0.05
77.0814 	EXP 	text: text = 'resufal'
77.0814 	EXP 	fixation: autoDraw = True
77.5826 	INFO 	Keyboard events cleared
77.5822 	EXP 	text: autoDraw = True
77.6012 	EXP 	fixation: autoDraw = False
78.5907 	EXP 	New trial (rep=0, index=39): {'stimulus': 'setanor', 'condition': 'cctl', 'corr_resp': 'n'}
78.5954 	DATA 	Keypress: n
78.6164 	EXP 	fixation: autoDraw = False
78.6164 	EXP 	text: autoDraw = False
78.6164 	EXP 	text: height = 0.05
78.6164 	EXP 	text: height = 0.05
78.6164 	EXP 	text: height = 0.05
78.6164 	EXP 	text: text = 'setanor'
78.6164 	EXP 	fixation: autoDraw = True
79.1023 	INFO 	Keyboard events cleared
79.1018 	EXP 	text: autoDraw = True
79.1341 	EXP 	fixation: autoDraw = False
80.6820 	DATA 	Keypress: n
80.7025 	EXP 	fixation: autoDraw = False
80.7025 	EXP 	text: autoDraw = False
80.7025 	EXP 	text_3: autoDraw = True
85.6924 	EXP 	text_3: autoDraw = False
85.6972 	EXP 	solo_project: status = STOPPED
85.7152 	INFO 	saved data to 'C:\\Users\\ishas\\OneDrive\\Desktop\\Lab in Psych\\solo project\\data/aastha_solo_project_2024-12-02_19h01.54.708.csv'
85.7169 	INFO 	saved data to C:\Users\ishas\OneDrive\Desktop\Lab in Psych\solo project\data/aastha_solo_project_2024-12-02_19h01.54.708.psydat
85.7735 	EXP 	window1: mouseVisible = True
86.3940 	DEBUG 	Saving data for solo_project ExperimentHandler
