18.9343 	DEBUG 	Fullscreen settings ignored as running in pilot mode.
18.9369 	INFO 	Loaded monitor calibration from ['2024_08_07 22:29']
19.4630 	EXP 	Created window1 = Window(allowGUI=True, allowStencil=False, autoLog=True, backendConf=UNKNOWN, backgroundFit=<method-wrapper '__getattribute__' of attributeSetter object at 0x000001D6BA63E820>, backgroundImage=<method-wrapper '__getattribute__' of attributeSetter object at 0x000001D6BA63E7C0>, bitsMode=UNKNOWN, blendMode='avg', bpc=(8, 8, 8), color=array([0, 0, 0]), colorSpace='rgb', depthBits=8, fullscr=<method-wrapper '__getattribute__' of attributeSetter object at 0x000001D6BA63E610>, gamma=None, gammaErrorPolicy='raise', infoMsg=UNKNOWN, lms=UNKNOWN, monitor=<psychopy.monitors.calibTools.Monitor object at 0x000001D6BA9A7670>, multiSample=False, name='window1', numSamples=2, pos=[560.0, 240.0], screen=0, size=array([800, 600]), stencilBits=0, stereo=False, title='PsychoPy', units='height', useFBO=True, useRetina=False, viewOri=0.0, viewPos=None, viewScale=None, waitBlanking=True, winType='pyglet')
19.4631 	EXP 	window1: backgroundImage = ''
19.4631 	EXP 	window1: backgroundFit = 'none'
19.4634 	EXP 	window1: mouseVisible = <method-wrapper '__getattribute__' of attributeSetter object at 0x000001D6BA63E940>
19.4637 	EXP 	window1: mouseVisible = <method-wrapper '__getattribute__' of attributeSetter object at 0x000001D6BA63E940>
19.4669 	EXP 	window1: mouseVisible = <method-wrapper '__getattribute__' of attributeSetter object at 0x000001D6BA63E940>
19.4677 	EXP 	window1: mouseVisible = <method-wrapper '__getattribute__' of attributeSetter object at 0x000001D6BA63E940>
19.4774 	DEBUG 	TextBox2 loaded 1 chars with 0 blanks and 1 valid
19.4795 	DEBUG 	TextBox2 loaded 1 chars with 0 blanks and 1 valid
19.4817 	DEBUG 	TextBox2 loaded 1 chars with 0 blanks and 1 valid
19.4841 	DEBUG 	TextBox2 loaded 1 chars with 0 blanks and 1 valid
19.4867 	DEBUG 	TextBox2 loaded 1 chars with 0 blanks and 1 valid
19.4884 	DEBUG 	TextBox2 loaded 1 chars with 0 blanks and 1 valid
19.4902 	DEBUG 	TextBox2 loaded 1 chars with 0 blanks and 1 valid
19.4924 	DEBUG 	TextBox2 loaded 1 chars with 0 blanks and 1 valid
19.4936 	DEBUG 	TextBox2 loaded 1 chars with 0 blanks and 1 valid
19.4951 	DEBUG 	TextBox2 loaded 1 chars with 0 blanks and 1 valid
19.4973 	DEBUG 	TextBox2 loaded 1 chars with 0 blanks and 1 valid
19.4991 	DEBUG 	TextBox2 loaded 1 chars with 0 blanks and 1 valid
19.5010 	DEBUG 	TextBox2 loaded 1 chars with 0 blanks and 1 valid
19.5031 	DEBUG 	TextBox2 loaded 1 chars with 0 blanks and 1 valid
19.5049 	DEBUG 	TextBox2 loaded 1 chars with 0 blanks and 1 valid
19.5068 	DEBUG 	TextBox2 loaded 1 chars with 0 blanks and 1 valid
19.5086 	DEBUG 	TextBox2 loaded 1 chars with 0 blanks and 1 valid
19.5098 	DEBUG 	TextBox2 loaded 1 chars with 0 blanks and 1 valid
19.5112 	DEBUG 	TextBox2 loaded 1 chars with 0 blanks and 1 valid
19.5134 	DEBUG 	TextBox2 loaded 1 chars with 0 blanks and 1 valid
19.5149 	DEBUG 	TextBox2 loaded 1 chars with 0 blanks and 1 valid
19.5153 	DEBUG 	Uploading Texture Font fontname to graphics card
19.5179 	DEBUG 	Upload of Texture Font fontname complete
19.5205 	EXP 	window1: mouseVisible = <method-wrapper '__getattribute__' of attributeSetter object at 0x000001D6BA63E940>
19.5207 	EXP 	window1: mouseVisible = <method-wrapper '__getattribute__' of attributeSetter object at 0x000001D6BA63E940>
19.5219 	EXP 	window1: mouseVisible = <method-wrapper '__getattribute__' of attributeSetter object at 0x000001D6BA63E940>
19.5230 	EXP 	window1: mouseVisible = <method-wrapper '__getattribute__' of attributeSetter object at 0x000001D6BA63E940>
19.5310 	DEBUG 	TextBox2 loaded 1 chars with 0 blanks and 1 valid
19.5338 	DEBUG 	TextBox2 loaded 1 chars with 0 blanks and 1 valid
19.5361 	DEBUG 	TextBox2 loaded 1 chars with 0 blanks and 1 valid
19.5365 	DEBUG 	Uploading Texture Font fontname to graphics card
19.5382 	DEBUG 	Upload of Texture Font fontname complete
19.5420 	EXP 	window1: Attempting to measure frame rate of screen (0) ...
19.5421 	EXP 	window1: recordFrameIntervals = False
19.7172 	EXP 	window1: recordFrameIntervals = True
19.9005 	EXP 	Screen (0) actual frame rate measured at 59.96Hz
19.9006 	EXP 	window1: recordFrameIntervals = False
19.9007 	EXP 	window1: mouseVisible = False
19.9016 	EXP 	window1: mouseVisible = False
19.9020 	EXP 	window1: mouseVisible = False
19.9041 	EXP 	window1: mouseVisible = False
19.9061 	EXP 	window1: mouseVisible = False
19.9198 	DEBUG 	TextBox2 loaded 1 chars with 0 blanks and 1 valid
19.9232 	DEBUG 	TextBox2 loaded 1 chars with 0 blanks and 1 valid
19.9283 	DEBUG 	TextBox2 loaded 1 chars with 0 blanks and 1 valid
19.9321 	DEBUG 	TextBox2 loaded 1 chars with 0 blanks and 1 valid
19.9348 	DEBUG 	TextBox2 loaded 1 chars with 0 blanks and 1 valid
19.9375 	DEBUG 	TextBox2 loaded 1 chars with 0 blanks and 1 valid
19.9392 	DEBUG 	TextBox2 loaded 1 chars with 0 blanks and 1 valid
19.9414 	DEBUG 	TextBox2 loaded 1 chars with 0 blanks and 1 valid
19.9438 	DEBUG 	TextBox2 loaded 1 chars with 0 blanks and 1 valid
19.9460 	DEBUG 	TextBox2 loaded 1 chars with 0 blanks and 1 valid
19.9467 	DEBUG 	Uploading Texture Font fontname to graphics card
19.9483 	DEBUG 	Upload of Texture Font fontname complete
19.9510 	EXP 	window1: mouseVisible = False
19.9513 	EXP 	window1: mouseVisible = False
19.9537 	EXP 	window1: mouseVisible = False
19.9563 	EXP 	window1: mouseVisible = False
20.0469 	WARNING 	launchHubServer: If using the iohub mouse or eyetracker devices, fullScr should be True.
27.5830 	INFO 	keyboard.Keyboard is using iohub backend.
27.5831 	INFO 	keyboard.Keyboard is using iohub backend.
27.5831 	EXP 	solo_project: status = STARTED
27.5835 	EXP 	window1: mouseVisible = False
27.7342 	EXP 	Created text_2 = TextStim(__class__=<class 'psychopy.visual.text.TextStim'>, alignHoriz=method-wrapper(...), alignText='center', alignVert=method-wrapper(...), anchorHoriz='center', anchorVert='center', antialias=True, autoDraw=False, autoLog=True, bold=False, color=array([1., 1., 1.]), colorSpace='rgb', contrast=1.0, depth=0.0, draggable=False, flipHoriz=False, flipVert=False, font='Arial', fontFiles=[], height=0.05, italic=False, languageStyle='LTR', name='text_2', opacity=1.0, ori=0.0, pos=array([0., 0.]), rgb=UNKNOWN, text=str(...), units='height', win=Window(...), wrapWidth=1)
27.7344 	EXP 	window1: mouseVisible = False
27.7374 	EXP 	Created fixation = ShapeStim(__class__=<class 'psychopy.visual.shape.ShapeStim'>, anchor=('center', 'center'), autoDraw=False, autoLog=True, closeShape=True, color=method-wrapper(...), colorSpace='rgb', contrast=None, depth=0.0, draggable=False, fillColor=array([1, 1, 1]), fillColorSpace='rgb', fillRGB=array([1, 1, 1]), interpolate=True, lineColor=array([1., 1., 1.]), lineColorSpace='rgb', lineRGB=array([1, 1, 1]), lineWidth=1.0, name='fixation', opacity=1.0, ori=0.0, pos=array([0., 0.]), size=array([0.1, 0.1]), units='height', vertices=ndarray(...), win=Window(...), windingRule=None)
27.7376 	EXP 	window1: mouseVisible = False
27.7393 	EXP 	Created text = TextStim(__class__=<class 'psychopy.visual.text.TextStim'>, alignHoriz=method-wrapper(...), alignText='center', alignVert=method-wrapper(...), anchorHoriz='center', anchorVert='center', antialias=True, autoDraw=False, autoLog=True, bold=False, color=array([1., 1., 1.]), colorSpace='rgb', contrast=1.0, depth=-1.0, draggable=False, flipHoriz=False, flipVert=False, font='Arial', fontFiles=[], height=0.05, italic=False, languageStyle='LTR', name='text', opacity=1.0, ori=0.0, pos=array([0., 0.]), rgb=UNKNOWN, text='', units='height', win=Window(...), wrapWidth=1)
27.7395 	EXP 	window1: mouseVisible = False
27.7479 	EXP 	Created text_3 = TextStim(__class__=<class 'psychopy.visual.text.TextStim'>, alignHoriz=method-wrapper(...), alignText='center', alignVert=method-wrapper(...), anchorHoriz='center', anchorVert='center', antialias=True, autoDraw=False, autoLog=True, bold=False, color=array([1., 1., 1.]), colorSpace='rgb', contrast=1.0, depth=0.0, draggable=False, flipHoriz=False, flipVert=False, font='Arial', fontFiles=[], height=0.05, italic=False, languageStyle='LTR', name='text_3', opacity=1.0, ori=0.0, pos=array([0., 0.]), rgb=UNKNOWN, text=str(...), units='height', win=Window(...), wrapWidth=1)
0.0426 	EXP 	text_2: autoDraw = True
10.0320 	DEBUG 	Read excel file with openpyxl: list_2_vvrl.xlsx
10.0384 	EXP 	Imported list_2_vvrl.xlsx as conditions, 40 conditions, 3 params
10.0406 	EXP 	Created sequence: random, trialTypes=40, nReps=1, seed=None
10.0411 	EXP 	New trial (rep=0, index=0): {'stimulus': 'cardinal  ', 'condition': 'control', 'corr_resp': 'y'}
10.0707 	EXP 	text_2: autoDraw = False
10.0707 	EXP 	text: height = 0.05
10.0707 	EXP 	text: height = 0.05
10.0707 	EXP 	text: height = 0.05
10.0707 	EXP 	text: text = 'cardinal  '
10.0707 	EXP 	fixation: autoDraw = True
10.5221 	INFO 	Keyboard events cleared
10.5215 	EXP 	text: autoDraw = True
10.5726 	EXP 	fixation: autoDraw = False
12.0914 	EXP 	New trial (rep=0, index=1): {'stimulus': 'sontament', 'condition': 'vvrl', 'corr_resp': 'n'}
12.1002 	DATA 	Keypress: y
12.1064 	EXP 	fixation: autoDraw = False
12.1064 	EXP 	text: autoDraw = False
12.1064 	EXP 	text: height = 0.05
12.1064 	EXP 	text: height = 0.05
12.1064 	EXP 	text: height = 0.05
12.1064 	EXP 	text: text = 'sontament'
12.1064 	EXP 	fixation: autoDraw = True
12.6074 	INFO 	Keyboard events cleared
12.6067 	EXP 	text: autoDraw = True
12.6250 	EXP 	fixation: autoDraw = False
14.3535 	EXP 	New trial (rep=0, index=2): {'stimulus': 'capecoty', 'condition': 'vvrl', 'corr_resp': 'n'}
14.3627 	DATA 	Keypress: n
14.3755 	EXP 	fixation: autoDraw = False
14.3755 	EXP 	text: autoDraw = False
14.3755 	EXP 	text: height = 0.05
14.3755 	EXP 	text: height = 0.05
14.3755 	EXP 	text: height = 0.05
14.3755 	EXP 	text: text = 'capecoty'
14.3755 	EXP 	fixation: autoDraw = True
14.8783 	INFO 	Keyboard events cleared
14.8776 	EXP 	fixation: autoDraw = False
14.8776 	EXP 	text: autoDraw = True
17.4227 	EXP 	New trial (rep=0, index=3): {'stimulus': 'regolir', 'condition': 'vvrl', 'corr_resp': 'n'}
17.4310 	DATA 	Keypress: n
17.4455 	EXP 	fixation: autoDraw = False
17.4455 	EXP 	text: autoDraw = False
17.4455 	EXP 	text: height = 0.05
17.4455 	EXP 	text: height = 0.05
17.4455 	EXP 	text: height = 0.05
17.4455 	EXP 	text: text = 'regolir'
17.4455 	EXP 	fixation: autoDraw = True
17.9469 	INFO 	Keyboard events cleared
17.9462 	EXP 	text: autoDraw = True
17.9641 	EXP 	fixation: autoDraw = False
19.4600 	EXP 	New trial (rep=0, index=4): {'stimulus': 'cifuteria', 'condition': 'vvrl', 'corr_resp': 'n'}
19.4687 	DATA 	Keypress: n
19.4811 	EXP 	fixation: autoDraw = False
19.4811 	EXP 	text: autoDraw = False
19.4811 	EXP 	text: height = 0.05
19.4811 	EXP 	text: height = 0.05
19.4811 	EXP 	text: height = 0.05
19.4811 	EXP 	text: text = 'cifuteria'
19.4811 	EXP 	fixation: autoDraw = True
19.9822 	INFO 	Keyboard events cleared
19.9816 	EXP 	text: autoDraw = True
19.9997 	EXP 	fixation: autoDraw = False
21.0609 	EXP 	New trial (rep=0, index=5): {'stimulus': 'capotel', 'condition': 'vvrl', 'corr_resp': 'n'}
21.0688 	DATA 	Keypress: n
21.0826 	EXP 	fixation: autoDraw = False
21.0826 	EXP 	text: autoDraw = False
21.0826 	EXP 	text: height = 0.05
21.0826 	EXP 	text: height = 0.05
21.0826 	EXP 	text: height = 0.05
21.0826 	EXP 	text: text = 'capotel'
21.0826 	EXP 	fixation: autoDraw = True
21.5844 	INFO 	Keyboard events cleared
21.5838 	EXP 	text: autoDraw = True
21.6017 	EXP 	fixation: autoDraw = False
23.0298 	EXP 	New trial (rep=0, index=6): {'stimulus': 'academy  ', 'condition': 'control', 'corr_resp': 'y'}
23.0389 	DATA 	Keypress: n
23.0514 	EXP 	fixation: autoDraw = False
23.0514 	EXP 	text: autoDraw = False
23.0514 	EXP 	text: height = 0.05
23.0514 	EXP 	text: height = 0.05
23.0514 	EXP 	text: height = 0.05
23.0514 	EXP 	text: text = 'academy  '
23.0514 	EXP 	fixation: autoDraw = True
23.5533 	INFO 	Keyboard events cleared
23.5527 	EXP 	text: autoDraw = True
23.5705 	EXP 	fixation: autoDraw = False
24.1629 	EXP 	New trial (rep=0, index=7): {'stimulus': 'porint', 'condition': 'vvrl', 'corr_resp': 'n'}
24.1713 	DATA 	Keypress: y
24.1864 	EXP 	fixation: autoDraw = False
24.1864 	EXP 	text: autoDraw = False
24.1864 	EXP 	text: height = 0.05
24.1864 	EXP 	text: height = 0.05
24.1864 	EXP 	text: height = 0.05
24.1864 	EXP 	text: text = 'porint'
24.1864 	EXP 	fixation: autoDraw = True
24.6877 	INFO 	Keyboard events cleared
24.6871 	EXP 	text: autoDraw = True
24.7051 	EXP 	fixation: autoDraw = False
26.0496 	EXP 	New trial (rep=0, index=8): {'stimulus': 'resident  ', 'condition': 'control', 'corr_resp': 'y'}
26.0562 	DATA 	Keypress: n
26.0716 	EXP 	fixation: autoDraw = False
26.0716 	EXP 	text: autoDraw = False
26.0716 	EXP 	text: height = 0.05
26.0716 	EXP 	text: height = 0.05
26.0716 	EXP 	text: height = 0.05
26.0716 	EXP 	text: text = 'resident  '
26.0716 	EXP 	fixation: autoDraw = True
26.5728 	INFO 	Keyboard events cleared
26.5721 	EXP 	text: autoDraw = True
26.5902 	EXP 	fixation: autoDraw = False
27.3328 	EXP 	New trial (rep=0, index=9): {'stimulus': 'operator  ', 'condition': 'control', 'corr_resp': 'y'}
27.3418 	DATA 	Keypress: y
27.3564 	EXP 	fixation: autoDraw = False
27.3564 	EXP 	text: autoDraw = False
27.3564 	EXP 	text: height = 0.05
27.3564 	EXP 	text: height = 0.05
27.3564 	EXP 	text: height = 0.05
27.3564 	EXP 	text: text = 'operator  '
27.3564 	EXP 	fixation: autoDraw = True
27.8575 	INFO 	Keyboard events cleared
27.8568 	EXP 	text: autoDraw = True
27.8749 	EXP 	fixation: autoDraw = False
28.6509 	EXP 	New trial (rep=0, index=10): {'stimulus': 'editor  ', 'condition': 'control', 'corr_resp': 'y'}
28.6592 	DATA 	Keypress: y
28.6746 	EXP 	fixation: autoDraw = False
28.6746 	EXP 	text: autoDraw = False
28.6746 	EXP 	text: height = 0.05
28.6746 	EXP 	text: height = 0.05
28.6746 	EXP 	text: height = 0.05
28.6746 	EXP 	text: text = 'editor  '
28.6746 	EXP 	fixation: autoDraw = True
29.1757 	INFO 	Keyboard events cleared
29.1751 	EXP 	text: autoDraw = True
29.1931 	EXP 	fixation: autoDraw = False
29.7706 	EXP 	New trial (rep=0, index=11): {'stimulus': 'modurite', 'condition': 'vvrl', 'corr_resp': 'n'}
29.7785 	DATA 	Keypress: y
29.7921 	EXP 	fixation: autoDraw = False
29.7921 	EXP 	text: autoDraw = False
29.7921 	EXP 	text: height = 0.05
29.7921 	EXP 	text: height = 0.05
29.7921 	EXP 	text: height = 0.05
29.7921 	EXP 	text: text = 'modurite'
29.7921 	EXP 	fixation: autoDraw = True
30.2935 	INFO 	Keyboard events cleared
30.2928 	EXP 	text: autoDraw = True
30.3109 	EXP 	fixation: autoDraw = False
31.3709 	EXP 	New trial (rep=0, index=12): {'stimulus': 'cimura', 'condition': 'vvrl', 'corr_resp': 'n'}
31.3790 	DATA 	Keypress: n
31.3941 	EXP 	fixation: autoDraw = False
31.3941 	EXP 	text: autoDraw = False
31.3941 	EXP 	text: height = 0.05
31.3941 	EXP 	text: height = 0.05
31.3941 	EXP 	text: height = 0.05
31.3941 	EXP 	text: text = 'cimura'
31.3941 	EXP 	fixation: autoDraw = True
31.8952 	INFO 	Keyboard events cleared
31.8945 	EXP 	text: autoDraw = True
31.9279 	EXP 	fixation: autoDraw = False
33.0723 	EXP 	New trial (rep=0, index=13): {'stimulus': 'benefit  ', 'condition': 'control', 'corr_resp': 'y'}
33.0810 	DATA 	Keypress: n
33.0960 	EXP 	fixation: autoDraw = False
33.0960 	EXP 	text: autoDraw = False
33.0960 	EXP 	text: height = 0.05
33.0960 	EXP 	text: height = 0.05
33.0960 	EXP 	text: height = 0.05
33.0960 	EXP 	text: text = 'benefit  '
33.0960 	EXP 	fixation: autoDraw = True
33.5971 	INFO 	Keyboard events cleared
33.5964 	EXP 	text: autoDraw = True
33.6140 	EXP 	fixation: autoDraw = False
34.2742 	EXP 	New trial (rep=0, index=14): {'stimulus': 'beside  ', 'condition': 'control', 'corr_resp': 'y'}
34.2840 	DATA 	Keypress: y
34.2971 	EXP 	fixation: autoDraw = False
34.2971 	EXP 	text: autoDraw = False
34.2971 	EXP 	text: height = 0.05
34.2971 	EXP 	text: height = 0.05
34.2971 	EXP 	text: height = 0.05
34.2971 	EXP 	text: text = 'beside  '
34.2971 	EXP 	fixation: autoDraw = True
34.7832 	INFO 	Keyboard events cleared
34.7825 	EXP 	text: autoDraw = True
34.8144 	EXP 	fixation: autoDraw = False
35.4432 	EXP 	New trial (rep=0, index=15): {'stimulus': 'moderate  ', 'condition': 'control', 'corr_resp': 'y'}
35.4515 	DATA 	Keypress: y
35.4652 	EXP 	fixation: autoDraw = False
35.4652 	EXP 	text: autoDraw = False
35.4652 	EXP 	text: height = 0.05
35.4652 	EXP 	text: height = 0.05
35.4652 	EXP 	text: height = 0.05
35.4652 	EXP 	text: text = 'moderate  '
35.4652 	EXP 	fixation: autoDraw = True
35.9664 	INFO 	Keyboard events cleared
35.9658 	EXP 	text: autoDraw = True
35.9839 	EXP 	fixation: autoDraw = False
36.7094 	EXP 	New trial (rep=0, index=16): {'stimulus': 'eluberate', 'condition': 'vvrl', 'corr_resp': 'n'}
36.7193 	DATA 	Keypress: y
36.7331 	EXP 	fixation: autoDraw = False
36.7331 	EXP 	text: autoDraw = False
36.7331 	EXP 	text: height = 0.05
36.7331 	EXP 	text: height = 0.05
36.7331 	EXP 	text: height = 0.05
36.7331 	EXP 	text: text = 'eluberate'
36.7331 	EXP 	fixation: autoDraw = True
37.2345 	INFO 	Keyboard events cleared
37.2338 	EXP 	text: autoDraw = True
37.2671 	EXP 	fixation: autoDraw = False
38.3116 	EXP 	New trial (rep=0, index=17): {'stimulus': 'animal  ', 'condition': 'control', 'corr_resp': 'y'}
38.3206 	DATA 	Keypress: n
38.3349 	EXP 	fixation: autoDraw = False
38.3349 	EXP 	text: autoDraw = False
38.3349 	EXP 	text: height = 0.05
38.3349 	EXP 	text: height = 0.05
38.3349 	EXP 	text: height = 0.05
38.3349 	EXP 	text: text = 'animal  '
38.3349 	EXP 	fixation: autoDraw = True
38.8361 	INFO 	Keyboard events cleared
38.8355 	EXP 	text: autoDraw = True
38.8535 	EXP 	fixation: autoDraw = False
39.4957 	EXP 	New trial (rep=0, index=18): {'stimulus': 'capacity  ', 'condition': 'control', 'corr_resp': 'y'}
39.5040 	DATA 	Keypress: y
39.5197 	EXP 	fixation: autoDraw = False
39.5197 	EXP 	text: autoDraw = False
39.5197 	EXP 	text: height = 0.05
39.5197 	EXP 	text: height = 0.05
39.5197 	EXP 	text: height = 0.05
39.5197 	EXP 	text: text = 'capacity  '
39.5197 	EXP 	fixation: autoDraw = True
40.0207 	INFO 	Keyboard events cleared
40.0200 	EXP 	text: autoDraw = True
40.0383 	EXP 	fixation: autoDraw = False
41.1311 	EXP 	New trial (rep=0, index=19): {'stimulus': 'opuritor', 'condition': 'vvrl', 'corr_resp': 'n'}
41.1395 	DATA 	Keypress: y
41.1546 	EXP 	fixation: autoDraw = False
41.1546 	EXP 	text: autoDraw = False
41.1546 	EXP 	text: height = 0.05
41.1546 	EXP 	text: height = 0.05
41.1546 	EXP 	text: height = 0.05
41.1546 	EXP 	text: text = 'opuritor'
41.1546 	EXP 	fixation: autoDraw = True
41.6561 	INFO 	Keyboard events cleared
41.6554 	EXP 	text: autoDraw = True
41.6735 	EXP 	fixation: autoDraw = False
42.9496 	EXP 	New trial (rep=0, index=20): {'stimulus': 'veturin', 'condition': 'vvrl', 'corr_resp': 'n'}
42.9606 	DATA 	Keypress: n
42.9725 	EXP 	fixation: autoDraw = False
42.9725 	EXP 	text: autoDraw = False
42.9725 	EXP 	text: height = 0.05
42.9725 	EXP 	text: height = 0.05
42.9725 	EXP 	text: height = 0.05
42.9725 	EXP 	text: text = 'veturin'
42.9725 	EXP 	fixation: autoDraw = True
43.4594 	INFO 	Keyboard events cleared
43.4587 	EXP 	text: autoDraw = True
43.4906 	EXP 	fixation: autoDraw = False
44.5209 	EXP 	New trial (rep=0, index=21): {'stimulus': 'veteran  ', 'condition': 'control', 'corr_resp': 'y'}
44.5307 	DATA 	Keypress: n
44.5417 	EXP 	fixation: autoDraw = False
44.5417 	EXP 	text: autoDraw = False
44.5417 	EXP 	text: height = 0.05
44.5417 	EXP 	text: height = 0.05
44.5417 	EXP 	text: height = 0.05
44.5417 	EXP 	text: text = 'veteran  '
44.5417 	EXP 	fixation: autoDraw = True
45.0429 	INFO 	Keyboard events cleared
45.0422 	EXP 	text: autoDraw = True
45.0605 	EXP 	fixation: autoDraw = False
45.9197 	EXP 	New trial (rep=0, index=22): {'stimulus': 'cerdenal', 'condition': 'vvrl', 'corr_resp': 'n'}
45.9277 	DATA 	Keypress: y
45.9431 	EXP 	fixation: autoDraw = False
45.9431 	EXP 	text: autoDraw = False
45.9431 	EXP 	text: height = 0.05
45.9431 	EXP 	text: height = 0.05
45.9431 	EXP 	text: height = 0.05
45.9431 	EXP 	text: text = 'cerdenal'
45.9431 	EXP 	fixation: autoDraw = True
46.4444 	INFO 	Keyboard events cleared
46.4437 	EXP 	text: autoDraw = True
46.4621 	EXP 	fixation: autoDraw = False
48.3584 	DATA 	Keypress: n
48.3888 	EXP 	New trial (rep=0, index=23): {'stimulus': 'liborul', 'condition': 'vvrl', 'corr_resp': 'n'}
48.4126 	EXP 	fixation: autoDraw = False
48.4126 	EXP 	text: autoDraw = False
48.4126 	EXP 	text: height = 0.05
48.4126 	EXP 	text: height = 0.05
48.4126 	EXP 	text: height = 0.05
48.4126 	EXP 	text: text = 'liborul'
48.4126 	EXP 	fixation: autoDraw = True
48.9138 	INFO 	Keyboard events cleared
48.9132 	EXP 	text: autoDraw = True
48.9313 	EXP 	fixation: autoDraw = False
49.8411 	EXP 	New trial (rep=0, index=24): {'stimulus': 'edatur', 'condition': 'vvrl', 'corr_resp': 'n'}
49.8491 	DATA 	Keypress: n
49.8641 	EXP 	fixation: autoDraw = False
49.8641 	EXP 	text: autoDraw = False
49.8641 	EXP 	text: height = 0.05
49.8641 	EXP 	text: height = 0.05
49.8641 	EXP 	text: height = 0.05
49.8641 	EXP 	text: text = 'edatur'
49.8641 	EXP 	fixation: autoDraw = True
50.3653 	INFO 	Keyboard events cleared
50.3647 	EXP 	text: autoDraw = True
50.3830 	EXP 	fixation: autoDraw = False
51.1924 	EXP 	New trial (rep=0, index=25): {'stimulus': 'regular  ', 'condition': 'control', 'corr_resp': 'y'}
51.2004 	DATA 	Keypress: n
51.2156 	EXP 	fixation: autoDraw = False
51.2156 	EXP 	text: autoDraw = False
51.2156 	EXP 	text: height = 0.05
51.2156 	EXP 	text: height = 0.05
51.2156 	EXP 	text: height = 0.05
51.2156 	EXP 	text: text = 'regular  '
51.2156 	EXP 	fixation: autoDraw = True
51.7172 	INFO 	Keyboard events cleared
51.7166 	EXP 	text: autoDraw = True
51.7346 	EXP 	fixation: autoDraw = False
52.3283 	EXP 	New trial (rep=0, index=26): {'stimulus': 'camera  ', 'condition': 'control', 'corr_resp': 'y'}
52.3363 	DATA 	Keypress: y
52.3503 	EXP 	fixation: autoDraw = False
52.3503 	EXP 	text: autoDraw = False
52.3503 	EXP 	text: height = 0.05
52.3503 	EXP 	text: height = 0.05
52.3503 	EXP 	text: height = 0.05
52.3503 	EXP 	text: text = 'camera  '
52.3503 	EXP 	fixation: autoDraw = True
52.8513 	INFO 	Keyboard events cleared
52.8507 	EXP 	text: autoDraw = True
52.8689 	EXP 	fixation: autoDraw = False
53.4795 	EXP 	New trial (rep=0, index=27): {'stimulus': 'resadunt', 'condition': 'vvrl', 'corr_resp': 'n'}
53.4875 	DATA 	Keypress: y
53.5014 	EXP 	fixation: autoDraw = False
53.5014 	EXP 	text: autoDraw = False
53.5014 	EXP 	text: height = 0.05
53.5014 	EXP 	text: height = 0.05
53.5014 	EXP 	text: height = 0.05
53.5014 	EXP 	text: text = 'resadunt'
53.5014 	EXP 	fixation: autoDraw = True
54.0034 	INFO 	Keyboard events cleared
54.0027 	EXP 	text: autoDraw = True
54.0202 	EXP 	fixation: autoDraw = False
54.8627 	EXP 	New trial (rep=0, index=28): {'stimulus': 'capital  ', 'condition': 'control', 'corr_resp': 'y'}
54.8707 	DATA 	Keypress: n
54.8863 	EXP 	fixation: autoDraw = False
54.8863 	EXP 	text: autoDraw = False
54.8863 	EXP 	text: height = 0.05
54.8863 	EXP 	text: height = 0.05
54.8863 	EXP 	text: height = 0.05
54.8863 	EXP 	text: text = 'capital  '
54.8863 	EXP 	fixation: autoDraw = True
55.3892 	INFO 	Keyboard events cleared
55.3886 	EXP 	fixation: autoDraw = False
55.3886 	EXP 	text: autoDraw = True
56.0656 	EXP 	New trial (rep=0, index=29): {'stimulus': 'elaborate  ', 'condition': 'control', 'corr_resp': 'y'}
56.0739 	DATA 	Keypress: y
56.0876 	EXP 	fixation: autoDraw = False
56.0876 	EXP 	text: autoDraw = False
56.0876 	EXP 	text: height = 0.05
56.0876 	EXP 	text: height = 0.05
56.0876 	EXP 	text: height = 0.05
56.0876 	EXP 	text: text = 'elaborate  '
56.0876 	EXP 	fixation: autoDraw = True
56.5890 	INFO 	Keyboard events cleared
56.5883 	EXP 	text: autoDraw = True
56.6066 	EXP 	fixation: autoDraw = False
57.6007 	EXP 	New trial (rep=0, index=30): {'stimulus': 'benafot', 'condition': 'vvrl', 'corr_resp': 'n'}
57.6077 	DATA 	Keypress: y
57.6225 	EXP 	fixation: autoDraw = False
57.6225 	EXP 	text: autoDraw = False
57.6225 	EXP 	text: height = 0.05
57.6225 	EXP 	text: height = 0.05
57.6225 	EXP 	text: height = 0.05
57.6225 	EXP 	text: text = 'benafot'
57.6225 	EXP 	fixation: autoDraw = True
58.1241 	INFO 	Keyboard events cleared
58.1234 	EXP 	text: autoDraw = True
58.1413 	EXP 	fixation: autoDraw = False
59.0357 	EXP 	New trial (rep=0, index=31): {'stimulus': 'grotiful', 'condition': 'vvrl', 'corr_resp': 'n'}
59.0434 	DATA 	Keypress: n
59.0578 	EXP 	fixation: autoDraw = False
59.0578 	EXP 	text: autoDraw = False
59.0578 	EXP 	text: height = 0.05
59.0578 	EXP 	text: height = 0.05
59.0578 	EXP 	text: height = 0.05
59.0578 	EXP 	text: text = 'grotiful'
59.0578 	EXP 	fixation: autoDraw = True
59.5591 	INFO 	Keyboard events cleared
59.5585 	EXP 	text: autoDraw = True
59.5766 	EXP 	fixation: autoDraw = False
60.6692 	EXP 	New trial (rep=0, index=32): {'stimulus': 'sentiment  ', 'condition': 'control', 'corr_resp': 'y'}
60.6776 	DATA 	Keypress: n
60.6929 	EXP 	fixation: autoDraw = False
60.6929 	EXP 	text: autoDraw = False
60.6929 	EXP 	text: height = 0.05
60.6929 	EXP 	text: height = 0.05
60.6929 	EXP 	text: height = 0.05
60.6929 	EXP 	text: text = 'sentiment  '
60.6929 	EXP 	fixation: autoDraw = True
61.1938 	INFO 	Keyboard events cleared
61.1932 	EXP 	text: autoDraw = True
61.2116 	EXP 	fixation: autoDraw = False
61.8899 	EXP 	New trial (rep=0, index=33): {'stimulus': 'cafeteria  ', 'condition': 'control', 'corr_resp': 'y'}
61.8982 	DATA 	Keypress: y
61.9107 	EXP 	fixation: autoDraw = False
61.9107 	EXP 	text: autoDraw = False
61.9107 	EXP 	text: height = 0.05
61.9107 	EXP 	text: height = 0.05
61.9107 	EXP 	text: height = 0.05
61.9107 	EXP 	text: text = 'cafeteria  '
61.9107 	EXP 	fixation: autoDraw = True
62.4119 	INFO 	Keyboard events cleared
62.4111 	EXP 	text: autoDraw = True
62.4294 	EXP 	fixation: autoDraw = False
63.0905 	EXP 	New trial (rep=0, index=34): {'stimulus': 'anemol', 'condition': 'vvrl', 'corr_resp': 'n'}
63.0983 	DATA 	Keypress: y
63.1125 	EXP 	fixation: autoDraw = False
63.1125 	EXP 	text: autoDraw = False
63.1125 	EXP 	text: height = 0.05
63.1125 	EXP 	text: height = 0.05
63.1125 	EXP 	text: height = 0.05
63.1125 	EXP 	text: text = 'anemol'
63.1125 	EXP 	fixation: autoDraw = True
63.6133 	INFO 	Keyboard events cleared
63.6126 	EXP 	text: autoDraw = True
63.6307 	EXP 	fixation: autoDraw = False
64.4400 	EXP 	New trial (rep=0, index=35): {'stimulus': 'parent  ', 'condition': 'control', 'corr_resp': 'y'}
64.4483 	DATA 	Keypress: n
64.4635 	EXP 	fixation: autoDraw = False
64.4635 	EXP 	text: autoDraw = False
64.4635 	EXP 	text: height = 0.05
64.4635 	EXP 	text: height = 0.05
64.4635 	EXP 	text: height = 0.05
64.4635 	EXP 	text: text = 'parent  '
64.4635 	EXP 	fixation: autoDraw = True
64.9647 	INFO 	Keyboard events cleared
64.9641 	EXP 	text: autoDraw = True
64.9824 	EXP 	fixation: autoDraw = False
65.7286 	DATA 	Keypress: y
65.7585 	EXP 	New trial (rep=0, index=36): {'stimulus': 'basude', 'condition': 'vvrl', 'corr_resp': 'n'}
65.7816 	EXP 	fixation: autoDraw = False
65.7816 	EXP 	text: autoDraw = False
65.7816 	EXP 	text: height = 0.05
65.7816 	EXP 	text: height = 0.05
65.7816 	EXP 	text: height = 0.05
65.7816 	EXP 	text: text = 'basude'
65.7816 	EXP 	fixation: autoDraw = True
66.2827 	INFO 	Keyboard events cleared
66.2820 	EXP 	text: autoDraw = True
66.3003 	EXP 	fixation: autoDraw = False
67.0602 	EXP 	New trial (rep=0, index=37): {'stimulus': 'liberal  ', 'condition': 'control', 'corr_resp': 'y'}
67.0682 	DATA 	Keypress: n
67.0829 	EXP 	fixation: autoDraw = False
67.0829 	EXP 	text: autoDraw = False
67.0829 	EXP 	text: height = 0.05
67.0829 	EXP 	text: height = 0.05
67.0829 	EXP 	text: height = 0.05
67.0829 	EXP 	text: text = 'liberal  '
67.0829 	EXP 	fixation: autoDraw = True
67.5842 	INFO 	Keyboard events cleared
67.5835 	EXP 	text: autoDraw = True
67.6017 	EXP 	fixation: autoDraw = False
69.0799 	EXP 	New trial (rep=0, index=38): {'stimulus': 'grateful  ', 'condition': 'control', 'corr_resp': 'y'}
69.0878 	DATA 	Keypress: y
69.1018 	EXP 	fixation: autoDraw = False
69.1018 	EXP 	text: autoDraw = False
69.1018 	EXP 	text: height = 0.05
69.1018 	EXP 	text: height = 0.05
69.1018 	EXP 	text: height = 0.05
69.1018 	EXP 	text: text = 'grateful  '
69.1018 	EXP 	fixation: autoDraw = True
69.6029 	INFO 	Keyboard events cleared
69.6023 	EXP 	text: autoDraw = True
69.6208 	EXP 	fixation: autoDraw = False
70.3813 	EXP 	New trial (rep=0, index=39): {'stimulus': 'acidomy', 'condition': 'vvrl', 'corr_resp': 'n'}
70.3854 	DATA 	Keypress: y
70.4026 	EXP 	fixation: autoDraw = False
70.4026 	EXP 	text: autoDraw = False
70.4026 	EXP 	text: height = 0.05
70.4026 	EXP 	text: height = 0.05
70.4026 	EXP 	text: height = 0.05
70.4026 	EXP 	text: text = 'acidomy'
70.4026 	EXP 	fixation: autoDraw = True
70.9046 	INFO 	Keyboard events cleared
70.9039 	EXP 	text: autoDraw = True
70.9220 	EXP 	fixation: autoDraw = False
71.7679 	DATA 	Keypress: n
71.7882 	EXP 	fixation: autoDraw = False
71.7882 	EXP 	text: autoDraw = False
71.7882 	EXP 	text_3: autoDraw = True
76.7953 	EXP 	text_3: autoDraw = False
76.8020 	EXP 	solo_project: status = STOPPED
76.8399 	INFO 	saved data to 'C:\\Users\\ishas\\OneDrive\\Desktop\\Lab in Psych\\solo project\\data/tanisha_solo_project_2024-12-01_18h11.54.445.csv'
76.8432 	INFO 	saved data to C:\Users\ishas\OneDrive\Desktop\Lab in Psych\solo project\data/tanisha_solo_project_2024-12-01_18h11.54.445.psydat
76.8922 	EXP 	window1: mouseVisible = True
77.3123 	DEBUG 	Saving data for solo_project ExperimentHandler
