26.4494 	DEBUG 	Fullscreen settings ignored as running in pilot mode.
26.4516 	INFO 	Loaded monitor calibration from ['2024_08_07 22:29']
26.9831 	EXP 	Created window1 = Window(allowGUI=True, allowStencil=False, autoLog=True, backendConf=UNKNOWN, backgroundFit=<method-wrapper '__getattribute__' of attributeSetter object at 0x000001DF989AECD0>, backgroundImage=<method-wrapper '__getattribute__' of attributeSetter object at 0x000001DF989AEC70>, bitsMode=UNKNOWN, blendMode='avg', bpc=(8, 8, 8), color=array([0, 0, 0]), colorSpace='rgb', depthBits=8, fullscr=<method-wrapper '__getattribute__' of attributeSetter object at 0x000001DF989AEAC0>, gamma=None, gammaErrorPolicy='raise', infoMsg=UNKNOWN, lms=UNKNOWN, monitor=<psychopy.monitors.calibTools.Monitor object at 0x000001DF98D77B20>, multiSample=False, name='window1', numSamples=2, pos=[560.0, 240.0], screen=0, size=array([800, 600]), stencilBits=0, stereo=False, title='PsychoPy', units='height', useFBO=True, useRetina=False, viewOri=0.0, viewPos=None, viewScale=None, waitBlanking=True, winType='pyglet')
26.9833 	EXP 	window1: backgroundImage = ''
26.9833 	EXP 	window1: backgroundFit = 'none'
26.9836 	EXP 	window1: mouseVisible = <method-wrapper '__getattribute__' of attributeSetter object at 0x000001DF989AEDF0>
26.9839 	EXP 	window1: mouseVisible = <method-wrapper '__getattribute__' of attributeSetter object at 0x000001DF989AEDF0>
26.9884 	EXP 	window1: mouseVisible = <method-wrapper '__getattribute__' of attributeSetter object at 0x000001DF989AEDF0>
26.9893 	EXP 	window1: mouseVisible = <method-wrapper '__getattribute__' of attributeSetter object at 0x000001DF989AEDF0>
27.0058 	DEBUG 	TextBox2 loaded 1 chars with 0 blanks and 1 valid
27.0078 	DEBUG 	TextBox2 loaded 1 chars with 0 blanks and 1 valid
27.0101 	DEBUG 	TextBox2 loaded 1 chars with 0 blanks and 1 valid
27.0123 	DEBUG 	TextBox2 loaded 1 chars with 0 blanks and 1 valid
27.0143 	DEBUG 	TextBox2 loaded 1 chars with 0 blanks and 1 valid
27.0156 	DEBUG 	TextBox2 loaded 1 chars with 0 blanks and 1 valid
27.0173 	DEBUG 	TextBox2 loaded 1 chars with 0 blanks and 1 valid
27.0194 	DEBUG 	TextBox2 loaded 1 chars with 0 blanks and 1 valid
27.0205 	DEBUG 	TextBox2 loaded 1 chars with 0 blanks and 1 valid
27.0216 	DEBUG 	TextBox2 loaded 1 chars with 0 blanks and 1 valid
27.0233 	DEBUG 	TextBox2 loaded 1 chars with 0 blanks and 1 valid
27.0253 	DEBUG 	TextBox2 loaded 1 chars with 0 blanks and 1 valid
27.0270 	DEBUG 	TextBox2 loaded 1 chars with 0 blanks and 1 valid
27.0287 	DEBUG 	TextBox2 loaded 1 chars with 0 blanks and 1 valid
27.0302 	DEBUG 	TextBox2 loaded 1 chars with 0 blanks and 1 valid
27.0319 	DEBUG 	TextBox2 loaded 1 chars with 0 blanks and 1 valid
27.0336 	DEBUG 	TextBox2 loaded 1 chars with 0 blanks and 1 valid
27.0348 	DEBUG 	TextBox2 loaded 1 chars with 0 blanks and 1 valid
27.0361 	DEBUG 	TextBox2 loaded 1 chars with 0 blanks and 1 valid
27.0381 	DEBUG 	TextBox2 loaded 1 chars with 0 blanks and 1 valid
27.0394 	DEBUG 	TextBox2 loaded 1 chars with 0 blanks and 1 valid
27.0408 	DEBUG 	Uploading Texture Font fontname to graphics card
27.0443 	DEBUG 	Upload of Texture Font fontname complete
27.0544 	EXP 	window1: mouseVisible = <method-wrapper '__getattribute__' of attributeSetter object at 0x000001DF989AEDF0>
27.0553 	EXP 	window1: mouseVisible = <method-wrapper '__getattribute__' of attributeSetter object at 0x000001DF989AEDF0>
27.0597 	EXP 	window1: mouseVisible = <method-wrapper '__getattribute__' of attributeSetter object at 0x000001DF989AEDF0>
27.0618 	EXP 	window1: mouseVisible = <method-wrapper '__getattribute__' of attributeSetter object at 0x000001DF989AEDF0>
27.0730 	DEBUG 	TextBox2 loaded 1 chars with 0 blanks and 1 valid
27.0765 	DEBUG 	TextBox2 loaded 1 chars with 0 blanks and 1 valid
27.0800 	DEBUG 	TextBox2 loaded 1 chars with 0 blanks and 1 valid
27.0807 	DEBUG 	Uploading Texture Font fontname to graphics card
27.0826 	DEBUG 	Upload of Texture Font fontname complete
27.0924 	EXP 	window1: Attempting to measure frame rate of screen (0) ...
27.0925 	EXP 	window1: recordFrameIntervals = False
27.2970 	EXP 	window1: recordFrameIntervals = True
27.4811 	EXP 	Screen (0) actual frame rate measured at 59.84Hz
27.4811 	EXP 	window1: recordFrameIntervals = False
27.4814 	EXP 	window1: mouseVisible = False
27.4821 	EXP 	window1: mouseVisible = False
27.4824 	EXP 	window1: mouseVisible = False
27.4841 	EXP 	window1: mouseVisible = False
27.4857 	EXP 	window1: mouseVisible = False
27.4949 	DEBUG 	TextBox2 loaded 1 chars with 0 blanks and 1 valid
27.4968 	DEBUG 	TextBox2 loaded 1 chars with 0 blanks and 1 valid
27.4991 	DEBUG 	TextBox2 loaded 1 chars with 0 blanks and 1 valid
27.5018 	DEBUG 	TextBox2 loaded 1 chars with 0 blanks and 1 valid
27.5042 	DEBUG 	TextBox2 loaded 1 chars with 0 blanks and 1 valid
27.5067 	DEBUG 	TextBox2 loaded 1 chars with 0 blanks and 1 valid
27.5085 	DEBUG 	TextBox2 loaded 1 chars with 0 blanks and 1 valid
27.5109 	DEBUG 	TextBox2 loaded 1 chars with 0 blanks and 1 valid
27.5134 	DEBUG 	TextBox2 loaded 1 chars with 0 blanks and 1 valid
27.5158 	DEBUG 	TextBox2 loaded 1 chars with 0 blanks and 1 valid
27.5164 	DEBUG 	Uploading Texture Font fontname to graphics card
27.5189 	DEBUG 	Upload of Texture Font fontname complete
27.5239 	EXP 	window1: mouseVisible = False
27.5242 	EXP 	window1: mouseVisible = False
27.5262 	EXP 	window1: mouseVisible = False
27.5281 	EXP 	window1: mouseVisible = False
27.6266 	WARNING 	launchHubServer: If using the iohub mouse or eyetracker devices, fullScr should be True.
33.2763 	INFO 	keyboard.Keyboard is using iohub backend.
33.2764 	INFO 	keyboard.Keyboard is using iohub backend.
33.2764 	EXP 	solo_project: status = STARTED
33.2769 	EXP 	window1: mouseVisible = False
33.4642 	EXP 	Created text_2 = TextStim(__class__=<class 'psychopy.visual.text.TextStim'>, alignHoriz=method-wrapper(...), alignText='center', alignVert=method-wrapper(...), anchorHoriz='center', anchorVert='center', antialias=True, autoDraw=False, autoLog=True, bold=False, color=array([1., 1., 1.]), colorSpace='rgb', contrast=1.0, depth=0.0, draggable=False, flipHoriz=False, flipVert=False, font='Arial', fontFiles=[], height=0.05, italic=False, languageStyle='LTR', name='text_2', opacity=1.0, ori=0.0, pos=array([0., 0.]), rgb=UNKNOWN, text=str(...), units='height', win=Window(...), wrapWidth=1)
33.4644 	EXP 	window1: mouseVisible = False
33.4682 	EXP 	Created fixation = ShapeStim(__class__=<class 'psychopy.visual.shape.ShapeStim'>, anchor=('center', 'center'), autoDraw=False, autoLog=True, closeShape=True, color=method-wrapper(...), colorSpace='rgb', contrast=None, depth=0.0, draggable=False, fillColor=array([1, 1, 1]), fillColorSpace='rgb', fillRGB=array([1, 1, 1]), interpolate=True, lineColor=array([1., 1., 1.]), lineColorSpace='rgb', lineRGB=array([1, 1, 1]), lineWidth=1.0, name='fixation', opacity=1.0, ori=0.0, pos=array([0., 0.]), size=array([0.1, 0.1]), units='height', vertices=ndarray(...), win=Window(...), windingRule=None)
33.4683 	EXP 	window1: mouseVisible = False
33.4701 	EXP 	Created text = TextStim(__class__=<class 'psychopy.visual.text.TextStim'>, alignHoriz=method-wrapper(...), alignText='center', alignVert=method-wrapper(...), anchorHoriz='center', anchorVert='center', antialias=True, autoDraw=False, autoLog=True, bold=False, color=array([1., 1., 1.]), colorSpace='rgb', contrast=1.0, depth=-1.0, draggable=False, flipHoriz=False, flipVert=False, font='Arial', fontFiles=[], height=0.05, italic=False, languageStyle='LTR', name='text', opacity=1.0, ori=0.0, pos=array([0., 0.]), rgb=UNKNOWN, text='', units='height', win=Window(...), wrapWidth=1)
33.4702 	EXP 	window1: mouseVisible = False
33.4799 	EXP 	Created text_3 = TextStim(__class__=<class 'psychopy.visual.text.TextStim'>, alignHoriz=method-wrapper(...), alignText='center', alignVert=method-wrapper(...), anchorHoriz='center', anchorVert='center', antialias=True, autoDraw=False, autoLog=True, bold=False, color=array([1., 1., 1.]), colorSpace='rgb', contrast=1.0, depth=0.0, draggable=False, flipHoriz=False, flipVert=False, font='Arial', fontFiles=[], height=0.05, italic=False, languageStyle='LTR', name='text_3', opacity=1.0, ori=0.0, pos=array([0., 0.]), rgb=UNKNOWN, text=str(...), units='height', win=Window(...), wrapWidth=1)
0.0399 	EXP 	text_2: autoDraw = True
10.0269 	DEBUG 	Read excel file with openpyxl: list_1_cctl.xlsx
10.0309 	EXP 	Imported list_1_cctl.xlsx as conditions, 40 conditions, 3 params
10.0333 	EXP 	Created sequence: random, trialTypes=40, nReps=1, seed=None
10.0336 	EXP 	New trial (rep=0, index=0): {'stimulus': 'literal  ', 'condition': 'control', 'corr_resp': 'y'}
10.0485 	EXP 	text_2: autoDraw = False
10.0485 	EXP 	text: height = 0.05
10.0485 	EXP 	text: height = 0.05
10.0485 	EXP 	text: height = 0.05
10.0485 	EXP 	text: text = 'literal  '
10.0485 	EXP 	fixation: autoDraw = True
10.5334 	INFO 	Keyboard events cleared
10.5328 	EXP 	text: autoDraw = True
10.5518 	EXP 	fixation: autoDraw = False
12.0259 	EXP 	New trial (rep=0, index=1): {'stimulus': 'orinigal', 'condition': 'cctl', 'corr_resp': 'n'}
12.0324 	DATA 	Keypress: y
12.0511 	EXP 	fixation: autoDraw = False
12.0511 	EXP 	text: autoDraw = False
12.0511 	EXP 	text: height = 0.05
12.0511 	EXP 	text: height = 0.05
12.0511 	EXP 	text: height = 0.05
12.0511 	EXP 	text: text = 'orinigal'
12.0511 	EXP 	fixation: autoDraw = True
12.5523 	INFO 	Keyboard events cleared
12.5516 	EXP 	text: autoDraw = True
12.5716 	EXP 	fixation: autoDraw = False
13.7625 	EXP 	New trial (rep=0, index=2): {'stimulus': 'optimal  ', 'condition': 'control', 'corr_resp': 'y'}
13.7707 	DATA 	Keypress: n
13.7862 	EXP 	fixation: autoDraw = False
13.7862 	EXP 	text: autoDraw = False
13.7862 	EXP 	text: height = 0.05
13.7862 	EXP 	text: height = 0.05
13.7862 	EXP 	text: height = 0.05
13.7862 	EXP 	text: text = 'optimal  '
13.7862 	EXP 	fixation: autoDraw = True
14.2877 	INFO 	Keyboard events cleared
14.2871 	EXP 	text: autoDraw = True
14.3059 	EXP 	fixation: autoDraw = False
15.2474 	EXP 	New trial (rep=0, index=3): {'stimulus': 'relative  ', 'condition': 'control', 'corr_resp': 'y'}
15.2598 	DATA 	Keypress: y
15.2704 	EXP 	fixation: autoDraw = False
15.2704 	EXP 	text: autoDraw = False
15.2704 	EXP 	text: height = 0.05
15.2704 	EXP 	text: height = 0.05
15.2704 	EXP 	text: height = 0.05
15.2704 	EXP 	text: text = 'relative  '
15.2704 	EXP 	fixation: autoDraw = True
15.7724 	INFO 	Keyboard events cleared
15.7718 	EXP 	text: autoDraw = True
15.7909 	EXP 	fixation: autoDraw = False
16.6323 	EXP 	New trial (rep=0, index=4): {'stimulus': 'clicinal', 'condition': 'cctl', 'corr_resp': 'n'}
16.6409 	DATA 	Keypress: y
16.6561 	EXP 	fixation: autoDraw = False
16.6561 	EXP 	text: autoDraw = False
16.6561 	EXP 	text: height = 0.05
16.6561 	EXP 	text: height = 0.05
16.6561 	EXP 	text: height = 0.05
16.6561 	EXP 	text: text = 'clicinal'
16.6561 	EXP 	fixation: autoDraw = True
17.1429 	INFO 	Keyboard events cleared
17.1423 	EXP 	text: autoDraw = True
17.1733 	EXP 	fixation: autoDraw = False
18.2339 	EXP 	New trial (rep=0, index=5): {'stimulus': 'molibe', 'condition': 'cctl', 'corr_resp': 'n'}
18.2426 	DATA 	Keypress: n
18.2578 	EXP 	fixation: autoDraw = False
18.2578 	EXP 	text: autoDraw = False
18.2578 	EXP 	text: height = 0.05
18.2578 	EXP 	text: height = 0.05
18.2578 	EXP 	text: height = 0.05
18.2578 	EXP 	text: text = 'molibe'
18.2578 	EXP 	fixation: autoDraw = True
18.7591 	INFO 	Keyboard events cleared
18.7585 	EXP 	text: autoDraw = True
18.7775 	EXP 	fixation: autoDraw = False
19.7715 	EXP 	New trial (rep=0, index=6): {'stimulus': 'mobile  ', 'condition': 'control', 'corr_resp': 'y'}
19.7789 	DATA 	Keypress: n
19.7930 	EXP 	fixation: autoDraw = False
19.7930 	EXP 	text: autoDraw = False
19.7930 	EXP 	text: height = 0.05
19.7930 	EXP 	text: height = 0.05
19.7930 	EXP 	text: height = 0.05
19.7930 	EXP 	text: text = 'mobile  '
19.7930 	EXP 	fixation: autoDraw = True
20.2960 	INFO 	Keyboard events cleared
20.2954 	EXP 	fixation: autoDraw = False
20.2954 	EXP 	text: autoDraw = True
21.2377 	EXP 	New trial (rep=0, index=7): {'stimulus': 'vecolity', 'condition': 'cctl', 'corr_resp': 'n'}
21.2460 	DATA 	Keypress: y
21.2612 	EXP 	fixation: autoDraw = False
21.2612 	EXP 	text: autoDraw = False
21.2612 	EXP 	text: height = 0.05
21.2612 	EXP 	text: height = 0.05
21.2612 	EXP 	text: height = 0.05
21.2612 	EXP 	text: text = 'vecolity'
21.2612 	EXP 	fixation: autoDraw = True
21.7622 	INFO 	Keyboard events cleared
21.7616 	EXP 	text: autoDraw = True
21.7809 	EXP 	fixation: autoDraw = False
22.6422 	EXP 	New trial (rep=0, index=8): {'stimulus': 'retalive', 'condition': 'cctl', 'corr_resp': 'n'}
22.6509 	DATA 	Keypress: y
22.6625 	EXP 	fixation: autoDraw = False
22.6625 	EXP 	text: autoDraw = False
22.6625 	EXP 	text: height = 0.05
22.6625 	EXP 	text: height = 0.05
22.6625 	EXP 	text: height = 0.05
22.6625 	EXP 	text: text = 'retalive'
22.6625 	EXP 	fixation: autoDraw = True
23.1661 	INFO 	Keyboard events cleared
23.1654 	EXP 	fixation: autoDraw = False
23.1654 	EXP 	text: autoDraw = True
24.8246 	EXP 	New trial (rep=0, index=9): {'stimulus': 'clinical  ', 'condition': 'control', 'corr_resp': 'y'}
24.8333 	DATA 	Keypress: y
24.8483 	EXP 	fixation: autoDraw = False
24.8483 	EXP 	text: autoDraw = False
24.8483 	EXP 	text: height = 0.05
24.8483 	EXP 	text: height = 0.05
24.8483 	EXP 	text: height = 0.05
24.8483 	EXP 	text: text = 'clinical  '
24.8483 	EXP 	fixation: autoDraw = True
25.3525 	INFO 	Keyboard events cleared
25.3519 	EXP 	fixation: autoDraw = False
25.3519 	EXP 	text: autoDraw = True
27.5639 	EXP 	New trial (rep=0, index=10): {'stimulus': 'opmital', 'condition': 'cctl', 'corr_resp': 'n'}
27.5726 	DATA 	Keypress: y
27.5848 	EXP 	fixation: autoDraw = False
27.5848 	EXP 	text: autoDraw = False
27.5848 	EXP 	text: height = 0.05
27.5848 	EXP 	text: height = 0.05
27.5848 	EXP 	text: height = 0.05
27.5848 	EXP 	text: text = 'opmital'
27.5848 	EXP 	fixation: autoDraw = True
28.0858 	INFO 	Keyboard events cleared
28.0852 	EXP 	text: autoDraw = True
28.1039 	EXP 	fixation: autoDraw = False
29.7995 	EXP 	New trial (rep=0, index=11): {'stimulus': 'edivent', 'condition': 'cctl', 'corr_resp': 'n'}
29.8073 	DATA 	Keypress: y
29.8204 	EXP 	fixation: autoDraw = False
29.8204 	EXP 	text: autoDraw = False
29.8204 	EXP 	text: height = 0.05
29.8204 	EXP 	text: height = 0.05
29.8204 	EXP 	text: height = 0.05
29.8204 	EXP 	text: text = 'edivent'
29.8204 	EXP 	fixation: autoDraw = True
30.3217 	INFO 	Keyboard events cleared
30.3210 	EXP 	text: autoDraw = True
30.3401 	EXP 	fixation: autoDraw = False
31.6322 	EXP 	New trial (rep=0, index=12): {'stimulus': 'locigal', 'condition': 'cctl', 'corr_resp': 'n'}
31.6402 	DATA 	Keypress: n
31.6561 	EXP 	fixation: autoDraw = False
31.6561 	EXP 	text: autoDraw = False
31.6561 	EXP 	text: height = 0.05
31.6561 	EXP 	text: height = 0.05
31.6561 	EXP 	text: height = 0.05
31.6561 	EXP 	text: text = 'locigal'
31.6561 	EXP 	fixation: autoDraw = True
32.1428 	INFO 	Keyboard events cleared
32.1421 	EXP 	text: autoDraw = True
32.1730 	EXP 	fixation: autoDraw = False
33.0335 	EXP 	New trial (rep=0, index=13): {'stimulus': 'evident  ', 'condition': 'control', 'corr_resp': 'y'}
33.0418 	DATA 	Keypress: n
33.0574 	EXP 	fixation: autoDraw = False
33.0574 	EXP 	text: autoDraw = False
33.0574 	EXP 	text: height = 0.05
33.0574 	EXP 	text: height = 0.05
33.0574 	EXP 	text: height = 0.05
33.0574 	EXP 	text: text = 'evident  '
33.0574 	EXP 	fixation: autoDraw = True
33.5447 	INFO 	Keyboard events cleared
33.5440 	EXP 	text: autoDraw = True
33.5747 	EXP 	fixation: autoDraw = False
34.5544 	EXP 	New trial (rep=0, index=14): {'stimulus': 'retome', 'condition': 'cctl', 'corr_resp': 'n'}
34.5631 	DATA 	Keypress: y
34.5754 	EXP 	fixation: autoDraw = False
34.5754 	EXP 	text: autoDraw = False
34.5754 	EXP 	text: height = 0.05
34.5754 	EXP 	text: height = 0.05
34.5754 	EXP 	text: height = 0.05
34.5754 	EXP 	text: text = 'retome'
34.5754 	EXP 	fixation: autoDraw = True
35.0795 	INFO 	Keyboard events cleared
35.0789 	EXP 	fixation: autoDraw = False
35.0789 	EXP 	text: autoDraw = True
36.1707 	EXP 	New trial (rep=0, index=15): {'stimulus': 'strategy  ', 'condition': 'control', 'corr_resp': 'y'}
36.1788 	DATA 	Keypress: n
36.1942 	EXP 	fixation: autoDraw = False
36.1942 	EXP 	text: autoDraw = False
36.1942 	EXP 	text: height = 0.05
36.1942 	EXP 	text: height = 0.05
36.1942 	EXP 	text: height = 0.05
36.1942 	EXP 	text: text = 'strategy  '
36.1942 	EXP 	fixation: autoDraw = True
36.6953 	INFO 	Keyboard events cleared
36.6946 	EXP 	text: autoDraw = True
36.7137 	EXP 	fixation: autoDraw = False
38.0417 	EXP 	New trial (rep=0, index=16): {'stimulus': 'refusal  ', 'condition': 'control', 'corr_resp': 'y'}
38.0503 	DATA 	Keypress: y
38.0630 	EXP 	fixation: autoDraw = False
38.0630 	EXP 	text: autoDraw = False
38.0630 	EXP 	text: height = 0.05
38.0630 	EXP 	text: height = 0.05
38.0630 	EXP 	text: height = 0.05
38.0630 	EXP 	text: text = 'refusal  '
38.0630 	EXP 	fixation: autoDraw = True
38.5501 	INFO 	Keyboard events cleared
38.5496 	EXP 	text: autoDraw = True
38.5650 	EXP 	fixation: autoDraw = False
39.3736 	EXP 	New trial (rep=0, index=17): {'stimulus': 'liretal', 'condition': 'cctl', 'corr_resp': 'n'}
39.3813 	DATA 	Keypress: y
39.3975 	EXP 	fixation: autoDraw = False
39.3975 	EXP 	text: autoDraw = False
39.3975 	EXP 	text: height = 0.05
39.3975 	EXP 	text: height = 0.05
39.3975 	EXP 	text: height = 0.05
39.3975 	EXP 	text: text = 'liretal'
39.3975 	EXP 	fixation: autoDraw = True
39.9013 	INFO 	Keyboard events cleared
39.9007 	EXP 	fixation: autoDraw = False
39.9007 	EXP 	text: autoDraw = True
41.2927 	EXP 	New trial (rep=0, index=18): {'stimulus': 'romantic  ', 'condition': 'control', 'corr_resp': 'y'}
41.3008 	DATA 	Keypress: n
41.3163 	EXP 	fixation: autoDraw = False
41.3163 	EXP 	text: autoDraw = False
41.3163 	EXP 	text: height = 0.05
41.3163 	EXP 	text: height = 0.05
41.3163 	EXP 	text: height = 0.05
41.3163 	EXP 	text: text = 'romantic  '
41.3163 	EXP 	fixation: autoDraw = True
41.8196 	INFO 	Keyboard events cleared
41.8191 	EXP 	fixation: autoDraw = False
41.8191 	EXP 	text: autoDraw = True
42.6446 	DATA 	Keypress: y
42.6631 	EXP 	New trial (rep=0, index=19): {'stimulus': 'velocity  ', 'condition': 'control', 'corr_resp': 'y'}
42.6842 	EXP 	fixation: autoDraw = False
42.6842 	EXP 	text: autoDraw = False
42.6842 	EXP 	text: height = 0.05
42.6842 	EXP 	text: height = 0.05
42.6842 	EXP 	text: height = 0.05
42.6842 	EXP 	text: text = 'velocity  '
42.6842 	EXP 	fixation: autoDraw = True
43.1717 	INFO 	Keyboard events cleared
43.1709 	EXP 	text: autoDraw = True
43.2017 	EXP 	fixation: autoDraw = False
44.2314 	EXP 	New trial (rep=0, index=20): {'stimulus': 'dominant  ', 'condition': 'control', 'corr_resp': 'y'}
44.2392 	DATA 	Keypress: y
44.2528 	EXP 	fixation: autoDraw = False
44.2528 	EXP 	text: autoDraw = False
44.2528 	EXP 	text: height = 0.05
44.2528 	EXP 	text: height = 0.05
44.2528 	EXP 	text: height = 0.05
44.2528 	EXP 	text: text = 'dominant  '
44.2528 	EXP 	fixation: autoDraw = True
44.7543 	INFO 	Keyboard events cleared
44.7537 	EXP 	text: autoDraw = True
44.7726 	EXP 	fixation: autoDraw = False
45.5139 	EXP 	New trial (rep=0, index=21): {'stimulus': 'original  ', 'condition': 'control', 'corr_resp': 'y'}
45.5224 	DATA 	Keypress: y
45.5379 	EXP 	fixation: autoDraw = False
45.5379 	EXP 	text: autoDraw = False
45.5379 	EXP 	text: height = 0.05
45.5379 	EXP 	text: height = 0.05
45.5379 	EXP 	text: height = 0.05
45.5379 	EXP 	text: text = 'original  '
45.5379 	EXP 	fixation: autoDraw = True
46.0247 	INFO 	Keyboard events cleared
46.0240 	EXP 	text: autoDraw = True
46.0548 	EXP 	fixation: autoDraw = False
47.0658 	EXP 	New trial (rep=0, index=22): {'stimulus': 'donimant', 'condition': 'cctl', 'corr_resp': 'n'}
47.0735 	DATA 	Keypress: y
47.0894 	EXP 	fixation: autoDraw = False
47.0894 	EXP 	text: autoDraw = False
47.0894 	EXP 	text: height = 0.05
47.0894 	EXP 	text: height = 0.05
47.0894 	EXP 	text: height = 0.05
47.0894 	EXP 	text: text = 'donimant'
47.0894 	EXP 	fixation: autoDraw = True
47.5930 	INFO 	Keyboard events cleared
47.5923 	EXP 	fixation: autoDraw = False
47.5923 	EXP 	text: autoDraw = True
48.4338 	EXP 	New trial (rep=0, index=23): {'stimulus': 'fortune  ', 'condition': 'control', 'corr_resp': 'y'}
48.4433 	DATA 	Keypress: n
48.4574 	EXP 	fixation: autoDraw = False
48.4574 	EXP 	text: autoDraw = False
48.4574 	EXP 	text: height = 0.05
48.4574 	EXP 	text: height = 0.05
48.4574 	EXP 	text: height = 0.05
48.4574 	EXP 	text: text = 'fortune  '
48.4574 	EXP 	fixation: autoDraw = True
48.9446 	INFO 	Keyboard events cleared
48.9441 	EXP 	text: autoDraw = True
48.9748 	EXP 	fixation: autoDraw = False
49.8359 	EXP 	New trial (rep=0, index=24): {'stimulus': 'setanor', 'condition': 'cctl', 'corr_resp': 'n'}
49.8437 	DATA 	Keypress: y
49.8592 	EXP 	fixation: autoDraw = False
49.8592 	EXP 	text: autoDraw = False
49.8592 	EXP 	text: height = 0.05
49.8592 	EXP 	text: height = 0.05
49.8592 	EXP 	text: height = 0.05
49.8592 	EXP 	text: text = 'setanor'
49.8592 	EXP 	fixation: autoDraw = True
50.3626 	INFO 	Keyboard events cleared
50.3620 	EXP 	fixation: autoDraw = False
50.3620 	EXP 	text: autoDraw = True
51.9376 	EXP 	New trial (rep=0, index=25): {'stimulus': 'pacific  ', 'condition': 'control', 'corr_resp': 'y'}
51.9457 	DATA 	Keypress: n
51.9613 	EXP 	fixation: autoDraw = False
51.9613 	EXP 	text: autoDraw = False
51.9613 	EXP 	text: height = 0.05
51.9613 	EXP 	text: height = 0.05
51.9613 	EXP 	text: height = 0.05
51.9613 	EXP 	text: text = 'pacific  '
51.9613 	EXP 	fixation: autoDraw = True
52.4625 	INFO 	Keyboard events cleared
52.4619 	EXP 	text: autoDraw = True
52.4809 	EXP 	fixation: autoDraw = False
53.3925 	EXP 	New trial (rep=0, index=26): {'stimulus': 'senator  ', 'condition': 'control', 'corr_resp': 'y'}
53.4030 	DATA 	Keypress: y
53.4126 	EXP 	fixation: autoDraw = False
53.4126 	EXP 	text: autoDraw = False
53.4126 	EXP 	text: height = 0.05
53.4126 	EXP 	text: height = 0.05
53.4126 	EXP 	text: height = 0.05
53.4126 	EXP 	text: text = 'senator  '
53.4126 	EXP 	fixation: autoDraw = True
53.8994 	INFO 	Keyboard events cleared
53.8988 	EXP 	text: autoDraw = True
53.9301 	EXP 	fixation: autoDraw = False
54.6597 	EXP 	New trial (rep=0, index=27): {'stimulus': 'crinimal', 'condition': 'cctl', 'corr_resp': 'n'}
54.6674 	DATA 	Keypress: y
54.6808 	EXP 	fixation: autoDraw = False
54.6808 	EXP 	text: autoDraw = False
54.6808 	EXP 	text: height = 0.05
54.6808 	EXP 	text: height = 0.05
54.6808 	EXP 	text: height = 0.05
54.6808 	EXP 	text: text = 'crinimal'
54.6808 	EXP 	fixation: autoDraw = True
55.1821 	INFO 	Keyboard events cleared
55.1815 	EXP 	text: autoDraw = True
55.2005 	EXP 	fixation: autoDraw = False
56.2756 	EXP 	New trial (rep=0, index=28): {'stimulus': 'storage  ', 'condition': 'control', 'corr_resp': 'y'}
56.2847 	DATA 	Keypress: n
56.2998 	EXP 	fixation: autoDraw = False
56.2998 	EXP 	text: autoDraw = False
56.2998 	EXP 	text: height = 0.05
56.2998 	EXP 	text: height = 0.05
56.2998 	EXP 	text: height = 0.05
56.2998 	EXP 	text: text = 'storage  '
56.2998 	EXP 	fixation: autoDraw = True
56.8006 	INFO 	Keyboard events cleared
56.8000 	EXP 	text: autoDraw = True
56.8190 	EXP 	fixation: autoDraw = False
57.4289 	EXP 	New trial (rep=0, index=29): {'stimulus': 'paficic', 'condition': 'cctl', 'corr_resp': 'n'}
57.4363 	DATA 	Keypress: y
57.4504 	EXP 	fixation: autoDraw = False
57.4504 	EXP 	text: autoDraw = False
57.4504 	EXP 	text: height = 0.05
57.4504 	EXP 	text: height = 0.05
57.4504 	EXP 	text: height = 0.05
57.4504 	EXP 	text: text = 'paficic'
57.4504 	EXP 	fixation: autoDraw = True
57.9518 	INFO 	Keyboard events cleared
57.9512 	EXP 	text: autoDraw = True
57.9705 	EXP 	fixation: autoDraw = False
58.9935 	EXP 	New trial (rep=0, index=30): {'stimulus': 'manire', 'condition': 'cctl', 'corr_resp': 'n'}
59.0002 	DATA 	Keypress: n
59.0193 	EXP 	fixation: autoDraw = False
59.0193 	EXP 	text: autoDraw = False
59.0193 	EXP 	text: height = 0.05
59.0193 	EXP 	text: height = 0.05
59.0193 	EXP 	text: height = 0.05
59.0193 	EXP 	text: text = 'manire'
59.0193 	EXP 	fixation: autoDraw = True
59.5052 	INFO 	Keyboard events cleared
59.5047 	EXP 	text: autoDraw = True
59.5205 	EXP 	fixation: autoDraw = False
60.7688 	DATA 	Keypress: n
60.7974 	EXP 	New trial (rep=0, index=31): {'stimulus': 'remote  ', 'condition': 'control', 'corr_resp': 'y'}
60.8210 	EXP 	fixation: autoDraw = False
60.8210 	EXP 	text: autoDraw = False
60.8210 	EXP 	text: height = 0.05
60.8210 	EXP 	text: height = 0.05
60.8210 	EXP 	text: height = 0.05
60.8210 	EXP 	text: text = 'remote  '
60.8210 	EXP 	fixation: autoDraw = True
61.3222 	INFO 	Keyboard events cleared
61.3216 	EXP 	text: autoDraw = True
61.3408 	EXP 	fixation: autoDraw = False
62.2323 	EXP 	New trial (rep=0, index=32): {'stimulus': 'criminal  ', 'condition': 'control', 'corr_resp': 'y'}
62.2406 	DATA 	Keypress: y
62.2559 	EXP 	fixation: autoDraw = False
62.2559 	EXP 	text: autoDraw = False
62.2559 	EXP 	text: height = 0.05
62.2559 	EXP 	text: height = 0.05
62.2559 	EXP 	text: height = 0.05
62.2559 	EXP 	text: text = 'criminal  '
62.2559 	EXP 	fixation: autoDraw = True
62.7429 	INFO 	Keyboard events cleared
62.7423 	EXP 	text: autoDraw = True
62.7732 	EXP 	fixation: autoDraw = False
63.7675 	EXP 	New trial (rep=0, index=33): {'stimulus': 'stragety', 'condition': 'cctl', 'corr_resp': 'n'}
63.7758 	DATA 	Keypress: y
63.7911 	EXP 	fixation: autoDraw = False
63.7911 	EXP 	text: autoDraw = False
63.7911 	EXP 	text: height = 0.05
63.7911 	EXP 	text: height = 0.05
63.7911 	EXP 	text: height = 0.05
63.7911 	EXP 	text: text = 'stragety'
63.7911 	EXP 	fixation: autoDraw = True
64.2922 	INFO 	Keyboard events cleared
64.2916 	EXP 	text: autoDraw = True
64.3106 	EXP 	fixation: autoDraw = False
65.9182 	EXP 	New trial (rep=0, index=34): {'stimulus': 'stogare', 'condition': 'cctl', 'corr_resp': 'n'}
65.9234 	DATA 	Keypress: n
65.9434 	EXP 	fixation: autoDraw = False
65.9434 	EXP 	text: autoDraw = False
65.9434 	EXP 	text: height = 0.05
65.9434 	EXP 	text: height = 0.05
65.9434 	EXP 	text: height = 0.05
65.9434 	EXP 	text: text = 'stogare'
65.9434 	EXP 	fixation: autoDraw = True
66.4453 	INFO 	Keyboard events cleared
66.4449 	EXP 	fixation: autoDraw = False
66.4449 	EXP 	text: autoDraw = True
67.5381 	EXP 	New trial (rep=0, index=35): {'stimulus': 'ronamtic', 'condition': 'cctl', 'corr_resp': 'n'}
67.5475 	DATA 	Keypress: n
67.5617 	EXP 	fixation: autoDraw = False
67.5617 	EXP 	text: autoDraw = False
67.5617 	EXP 	text: height = 0.05
67.5617 	EXP 	text: height = 0.05
67.5617 	EXP 	text: height = 0.05
67.5617 	EXP 	text: text = 'ronamtic'
67.5617 	EXP 	fixation: autoDraw = True
68.0628 	INFO 	Keyboard events cleared
68.0622 	EXP 	text: autoDraw = True
68.0813 	EXP 	fixation: autoDraw = False
68.9559 	EXP 	New trial (rep=0, index=36): {'stimulus': 'marine  ', 'condition': 'control', 'corr_resp': 'y'}
68.9636 	DATA 	Keypress: n
68.9799 	EXP 	fixation: autoDraw = False
68.9799 	EXP 	text: autoDraw = False
68.9799 	EXP 	text: height = 0.05
68.9799 	EXP 	text: height = 0.05
68.9799 	EXP 	text: height = 0.05
68.9799 	EXP 	text: text = 'marine  '
68.9799 	EXP 	fixation: autoDraw = True
69.4811 	INFO 	Keyboard events cleared
69.4805 	EXP 	text: autoDraw = True
69.4998 	EXP 	fixation: autoDraw = False
70.8611 	EXP 	New trial (rep=0, index=37): {'stimulus': 'resufal', 'condition': 'cctl', 'corr_resp': 'n'}
70.8685 	DATA 	Keypress: y
70.8819 	EXP 	fixation: autoDraw = False
70.8819 	EXP 	text: autoDraw = False
70.8819 	EXP 	text: height = 0.05
70.8819 	EXP 	text: height = 0.05
70.8819 	EXP 	text: height = 0.05
70.8819 	EXP 	text: text = 'resufal'
70.8819 	EXP 	fixation: autoDraw = True
71.3831 	INFO 	Keyboard events cleared
71.3825 	EXP 	text: autoDraw = True
71.4017 	EXP 	fixation: autoDraw = False
72.2929 	EXP 	New trial (rep=0, index=38): {'stimulus': 'fornute', 'condition': 'cctl', 'corr_resp': 'n'}
72.3006 	DATA 	Keypress: n
72.3169 	EXP 	fixation: autoDraw = False
72.3169 	EXP 	text: autoDraw = False
72.3169 	EXP 	text: height = 0.05
72.3169 	EXP 	text: height = 0.05
72.3169 	EXP 	text: height = 0.05
72.3169 	EXP 	text: text = 'fornute'
72.3169 	EXP 	fixation: autoDraw = True
72.8205 	INFO 	Keyboard events cleared
72.8199 	EXP 	fixation: autoDraw = False
72.8199 	EXP 	text: autoDraw = True
74.6290 	EXP 	New trial (rep=0, index=39): {'stimulus': 'logical  ', 'condition': 'control', 'corr_resp': 'y'}
74.6380 	DATA 	Keypress: n
74.6530 	EXP 	fixation: autoDraw = False
74.6530 	EXP 	text: autoDraw = False
74.6530 	EXP 	text: height = 0.05
74.6530 	EXP 	text: height = 0.05
74.6530 	EXP 	text: height = 0.05
74.6530 	EXP 	text: text = 'logical  '
74.6530 	EXP 	fixation: autoDraw = True
75.1394 	INFO 	Keyboard events cleared
75.1387 	EXP 	text: autoDraw = True
75.1700 	EXP 	fixation: autoDraw = False
75.9337 	DATA 	Keypress: y
75.9543 	EXP 	fixation: autoDraw = False
75.9543 	EXP 	text: autoDraw = False
75.9543 	EXP 	text_3: autoDraw = True
80.9622 	EXP 	text_3: autoDraw = False
80.9692 	EXP 	solo_project: status = STOPPED
80.9963 	INFO 	saved data to 'C:\\Users\\ishas\\OneDrive\\Desktop\\Lab in Psych\\solo project\\data/yashi_solo_project_2024-12-01_14h31.50.074.csv'
80.9983 	INFO 	saved data to C:\Users\ishas\OneDrive\Desktop\Lab in Psych\solo project\data/yashi_solo_project_2024-12-01_14h31.50.074.psydat
81.0523 	EXP 	window1: mouseVisible = True
81.8816 	DEBUG 	Saving data for solo_project ExperimentHandler
