11.1296 	DEBUG 	Fullscreen settings ignored as running in pilot mode.
11.1309 	INFO 	Loaded monitor calibration from ['2024_08_07 22:29']
12.1032 	EXP 	Created window1 = Window(allowGUI=True, allowStencil=False, autoLog=True, backendConf=UNKNOWN, backgroundFit=<method-wrapper '__getattribute__' of attributeSetter object at 0x000001D6447CA5E0>, backgroundImage=<method-wrapper '__getattribute__' of attributeSetter object at 0x000001D6447CA580>, bitsMode=UNKNOWN, blendMode='avg', bpc=(8, 8, 8), color=array([0, 0, 0]), colorSpace='rgb', depthBits=8, fullscr=<method-wrapper '__getattribute__' of attributeSetter object at 0x000001D6447CA370>, gamma=None, gammaErrorPolicy='raise', infoMsg=UNKNOWN, lms=UNKNOWN, monitor=<psychopy.monitors.calibTools.Monitor object at 0x000001D644AF24C0>, multiSample=False, name='window1', numSamples=2, pos=[240.0, 60.0], screen=0, size=array([800, 600]), stencilBits=0, stereo=False, title='PsychoPy', units='height', useFBO=True, useRetina=False, viewOri=0.0, viewPos=None, viewScale=None, waitBlanking=True, winType='pyglet')
12.1033 	EXP 	window1: backgroundImage = ''
12.1033 	EXP 	window1: backgroundFit = 'none'
12.1036 	EXP 	window1: mouseVisible = <method-wrapper '__getattribute__' of attributeSetter object at 0x000001D6447CA700>
12.1039 	EXP 	window1: mouseVisible = <method-wrapper '__getattribute__' of attributeSetter object at 0x000001D6447CA700>
12.1082 	EXP 	window1: mouseVisible = <method-wrapper '__getattribute__' of attributeSetter object at 0x000001D6447CA700>
12.1089 	EXP 	window1: mouseVisible = <method-wrapper '__getattribute__' of attributeSetter object at 0x000001D6447CA700>
12.1269 	DEBUG 	TextBox2 loaded 1 chars with 0 blanks and 1 valid
12.1287 	DEBUG 	TextBox2 loaded 1 chars with 0 blanks and 1 valid
12.1303 	DEBUG 	TextBox2 loaded 1 chars with 0 blanks and 1 valid
12.1324 	DEBUG 	TextBox2 loaded 1 chars with 0 blanks and 1 valid
12.1345 	DEBUG 	TextBox2 loaded 1 chars with 0 blanks and 1 valid
12.1361 	DEBUG 	TextBox2 loaded 1 chars with 0 blanks and 1 valid
12.1378 	DEBUG 	TextBox2 loaded 1 chars with 0 blanks and 1 valid
12.1399 	DEBUG 	TextBox2 loaded 1 chars with 0 blanks and 1 valid
12.1411 	DEBUG 	TextBox2 loaded 1 chars with 0 blanks and 1 valid
12.1424 	DEBUG 	TextBox2 loaded 1 chars with 0 blanks and 1 valid
12.1449 	DEBUG 	TextBox2 loaded 1 chars with 0 blanks and 1 valid
12.1478 	DEBUG 	TextBox2 loaded 1 chars with 0 blanks and 1 valid
12.1505 	DEBUG 	TextBox2 loaded 1 chars with 0 blanks and 1 valid
12.1529 	DEBUG 	TextBox2 loaded 1 chars with 0 blanks and 1 valid
12.1547 	DEBUG 	TextBox2 loaded 1 chars with 0 blanks and 1 valid
12.1567 	DEBUG 	TextBox2 loaded 1 chars with 0 blanks and 1 valid
12.1589 	DEBUG 	TextBox2 loaded 1 chars with 0 blanks and 1 valid
12.1605 	DEBUG 	TextBox2 loaded 1 chars with 0 blanks and 1 valid
12.1620 	DEBUG 	TextBox2 loaded 1 chars with 0 blanks and 1 valid
12.1644 	DEBUG 	TextBox2 loaded 1 chars with 0 blanks and 1 valid
12.1660 	DEBUG 	TextBox2 loaded 1 chars with 0 blanks and 1 valid
12.1671 	DEBUG 	Uploading Texture Font fontname to graphics card
12.1710 	DEBUG 	Upload of Texture Font fontname complete
12.1744 	EXP 	window1: mouseVisible = <method-wrapper '__getattribute__' of attributeSetter object at 0x000001D6447CA700>
12.1748 	EXP 	window1: mouseVisible = <method-wrapper '__getattribute__' of attributeSetter object at 0x000001D6447CA700>
12.1765 	EXP 	window1: mouseVisible = <method-wrapper '__getattribute__' of attributeSetter object at 0x000001D6447CA700>
12.1782 	EXP 	window1: mouseVisible = <method-wrapper '__getattribute__' of attributeSetter object at 0x000001D6447CA700>
12.1857 	DEBUG 	TextBox2 loaded 1 chars with 0 blanks and 1 valid
12.1884 	DEBUG 	TextBox2 loaded 1 chars with 0 blanks and 1 valid
12.1913 	DEBUG 	TextBox2 loaded 1 chars with 0 blanks and 1 valid
12.1920 	DEBUG 	Uploading Texture Font fontname to graphics card
12.1937 	DEBUG 	Upload of Texture Font fontname complete
12.2014 	EXP 	window1: Attempting to measure frame rate of screen (0) ...
12.2015 	EXP 	window1: recordFrameIntervals = False
12.3891 	EXP 	window1: recordFrameIntervals = True
12.4884 	WARNING 	t of last frame was 32.44ms (=1/30)
12.6568 	EXP 	Screen (0) actual frame rate measured at 59.59Hz
12.6568 	EXP 	window1: recordFrameIntervals = False
12.6570 	EXP 	window1: mouseVisible = False
12.6579 	EXP 	window1: mouseVisible = False
12.6583 	EXP 	window1: mouseVisible = False
12.6604 	EXP 	window1: mouseVisible = False
12.6628 	EXP 	window1: mouseVisible = False
12.6767 	DEBUG 	TextBox2 loaded 1 chars with 0 blanks and 1 valid
12.6872 	DEBUG 	TextBox2 loaded 1 chars with 0 blanks and 1 valid
12.6922 	DEBUG 	TextBox2 loaded 1 chars with 0 blanks and 1 valid
12.6979 	DEBUG 	TextBox2 loaded 1 chars with 0 blanks and 1 valid
12.7032 	DEBUG 	TextBox2 loaded 1 chars with 0 blanks and 1 valid
12.7087 	DEBUG 	TextBox2 loaded 1 chars with 0 blanks and 1 valid
12.7125 	DEBUG 	TextBox2 loaded 1 chars with 0 blanks and 1 valid
12.7175 	DEBUG 	TextBox2 loaded 1 chars with 0 blanks and 1 valid
12.7228 	DEBUG 	TextBox2 loaded 1 chars with 0 blanks and 1 valid
12.7257 	DEBUG 	TextBox2 loaded 1 chars with 0 blanks and 1 valid
12.7263 	DEBUG 	Uploading Texture Font fontname to graphics card
12.7287 	DEBUG 	Upload of Texture Font fontname complete
12.7349 	EXP 	window1: mouseVisible = False
12.7352 	EXP 	window1: mouseVisible = False
12.7365 	EXP 	window1: mouseVisible = False
12.7377 	EXP 	window1: mouseVisible = False
12.9077 	WARNING 	launchHubServer: If using the iohub mouse or eyetracker devices, fullScr should be True.
18.2915 	INFO 	keyboard.Keyboard is using iohub backend.
18.2917 	INFO 	keyboard.Keyboard is using iohub backend.
18.2917 	EXP 	adaptive_staircase_exp: status = STARTED
18.2921 	EXP 	window1: mouseVisible = False
18.3016 	EXP 	Created fixation = ShapeStim(__class__=<class 'psychopy.visual.shape.ShapeStim'>, anchor=('center', 'center'), autoDraw=False, autoLog=True, closeShape=True, color=method-wrapper(...), colorSpace='rgb', contrast=None, depth=-1.0, draggable=False, fillColor=array([1, 1, 1]), fillColorSpace='rgb', fillRGB=array([1, 1, 1]), interpolate=True, lineColor=array([1., 1., 1.]), lineColorSpace='rgb', lineRGB=array([1, 1, 1]), lineWidth=1.0, name='fixation', opacity=1.0, ori=0.0, pos=array([0., 0.]), size=array([0.1, 0.1]), units='height', vertices=ndarray(...), win=Window(...), windingRule=None)
18.3019 	EXP 	window1: mouseVisible = False
18.3134 	EXP 	Created grating = GratingStim(__class__=<class 'psychopy.visual.grating.GratingStim'>, anchor='center', autoDraw=False, autoLog=True, blendmode='avg', color=array([0.5, 0.5, 0.5]), colorSpace='rgb', contrast=0.5, depth=-2.0, draggable=False, interpolate=True, mask='gauss', maskParams=None, name='grating', opacity=1.0, ori=1.0, phase=array([0., 0.]), pos=array([0., 0.]), rgbPedestal=array([0., 0., 0.]), sf=array([8., 8.]), size=array([0.3, 0.3]), tex='sin', texRes=128.0, units='height', win=Window(...))
0.0293 	WARNING 	Increasing number of minimum required reversals to the number of step sizes, (4).
0.0482 	EXP 	grating: ori = 10.0
0.0482 	EXP 	fixation: autoDraw = True
0.6699 	INFO 	Keyboard events cleared
0.6692 	EXP 	grating: autoDraw = True
0.6692 	EXP 	grating: tex = 'sin'
0.6990 	EXP 	fixation: autoDraw = False
0.9836 	EXP 	grating: autoDraw = False
1.3844 	DATA 	Keypress: right
1.3998 	EXP 	fixation: autoDraw = False
1.3998 	EXP 	grating: autoDraw = False
1.3998 	EXP 	grating: ori = 8.0
1.3998 	EXP 	fixation: autoDraw = True
1.8856 	INFO 	Keyboard events cleared
1.8849 	EXP 	grating: autoDraw = True
1.9014 	EXP 	fixation: autoDraw = False
2.1850 	EXP 	grating: autoDraw = False
2.4273 	DATA 	Keypress: right
2.4350 	EXP 	fixation: autoDraw = False
2.4350 	EXP 	grating: autoDraw = False
2.4350 	EXP 	grating: ori = -6.0
2.4350 	EXP 	fixation: autoDraw = True
2.9389 	INFO 	Keyboard events cleared
2.9383 	EXP 	fixation: autoDraw = False
2.9383 	EXP 	grating: autoDraw = True
3.2528 	EXP 	grating: autoDraw = False
3.5265 	DATA 	Keypress: left
3.5361 	EXP 	fixation: autoDraw = False
3.5361 	EXP 	grating: autoDraw = False
3.5361 	EXP 	grating: ori = 4.0
3.5361 	EXP 	fixation: autoDraw = True
4.0375 	INFO 	Keyboard events cleared
4.0370 	EXP 	fixation: autoDraw = False
4.0370 	EXP 	grating: autoDraw = True
4.3372 	EXP 	grating: autoDraw = False
4.5462 	DATA 	Keypress: right
4.5539 	EXP 	fixation: autoDraw = False
4.5539 	EXP 	grating: autoDraw = False
4.5539 	EXP 	grating: ori = 2.0
4.5539 	EXP 	fixation: autoDraw = True
5.0560 	INFO 	Keyboard events cleared
5.0554 	EXP 	fixation: autoDraw = False
5.0554 	EXP 	grating: autoDraw = True
5.3548 	EXP 	grating: autoDraw = False
5.6301 	DATA 	Keypress: left
5.6385 	EXP 	fixation: autoDraw = False
5.6385 	EXP 	grating: autoDraw = False
5.6385 	EXP 	grating: ori = -3.0
5.6385 	EXP 	fixation: autoDraw = True
6.1399 	INFO 	Keyboard events cleared
6.1393 	EXP 	fixation: autoDraw = False
6.1393 	EXP 	grating: autoDraw = True
6.4396 	EXP 	grating: autoDraw = False
6.7186 	DATA 	Keypress: left
6.7388 	EXP 	fixation: autoDraw = False
6.7388 	EXP 	grating: autoDraw = False
6.7388 	EXP 	grating: ori = 3.0
6.7388 	EXP 	fixation: autoDraw = True
7.2244 	INFO 	Keyboard events cleared
7.2239 	EXP 	grating: autoDraw = True
7.2404 	EXP 	fixation: autoDraw = False
7.5246 	EXP 	grating: autoDraw = False
7.7706 	DATA 	Keypress: right
7.7900 	EXP 	fixation: autoDraw = False
7.7900 	EXP 	grating: autoDraw = False
7.7900 	EXP 	grating: ori = -3.0
7.7900 	EXP 	fixation: autoDraw = True
8.2911 	INFO 	Keyboard events cleared
8.2907 	EXP 	grating: autoDraw = True
8.3081 	EXP 	fixation: autoDraw = False
8.5920 	EXP 	grating: autoDraw = False
8.8179 	DATA 	Keypress: left
8.8252 	EXP 	fixation: autoDraw = False
8.8252 	EXP 	grating: autoDraw = False
8.8252 	EXP 	grating: ori = -2.0
8.8252 	EXP 	fixation: autoDraw = True
9.3267 	INFO 	Keyboard events cleared
9.3260 	EXP 	fixation: autoDraw = False
9.3260 	EXP 	grating: autoDraw = True
9.6264 	EXP 	grating: autoDraw = False
9.8526 	DATA 	Keypress: left
9.8596 	EXP 	fixation: autoDraw = False
9.8596 	EXP 	grating: autoDraw = False
9.8596 	EXP 	grating: ori = 2.0
9.8596 	EXP 	fixation: autoDraw = True
10.3776 	INFO 	Keyboard events cleared
10.3770 	EXP 	fixation: autoDraw = False
10.3770 	EXP 	grating: autoDraw = True
10.6775 	EXP 	grating: autoDraw = False
10.9906 	DATA 	Keypress: right
11.0101 	EXP 	fixation: autoDraw = False
11.0101 	EXP 	grating: autoDraw = False
11.0101 	EXP 	grating: ori = 2.0
11.0101 	EXP 	fixation: autoDraw = True
11.4958 	INFO 	Keyboard events cleared
11.4952 	EXP 	grating: autoDraw = True
11.5119 	EXP 	fixation: autoDraw = False
11.7954 	EXP 	grating: autoDraw = False
13.1225 	DATA 	Keypress: left
13.1299 	EXP 	fixation: autoDraw = False
13.1299 	EXP 	grating: autoDraw = False
13.1299 	EXP 	grating: ori = -2.5
13.1299 	EXP 	fixation: autoDraw = True
13.6315 	INFO 	Keyboard events cleared
13.6309 	EXP 	fixation: autoDraw = False
13.6309 	EXP 	grating: autoDraw = True
13.9312 	EXP 	grating: autoDraw = False
14.3611 	DATA 	Keypress: right
14.3809 	EXP 	fixation: autoDraw = False
14.3809 	EXP 	grating: autoDraw = False
14.3809 	EXP 	grating: ori = 3.0
14.3809 	EXP 	fixation: autoDraw = True
14.8655 	INFO 	Keyboard events cleared
14.8652 	EXP 	grating: autoDraw = True
14.8826 	EXP 	fixation: autoDraw = False
15.1657 	EXP 	grating: autoDraw = False
15.4784 	DATA 	Keypress: right
15.4984 	EXP 	fixation: autoDraw = False
15.4984 	EXP 	grating: autoDraw = False
15.4984 	EXP 	grating: ori = -3.0
15.4984 	EXP 	fixation: autoDraw = True
15.9836 	INFO 	Keyboard events cleared
15.9831 	EXP 	grating: autoDraw = True
16.0001 	EXP 	fixation: autoDraw = False
16.2832 	EXP 	grating: autoDraw = False
16.6094 	DATA 	Keypress: left
16.6172 	EXP 	fixation: autoDraw = False
16.6172 	EXP 	grating: autoDraw = False
16.6172 	EXP 	grating: ori = -3.0
16.6172 	EXP 	fixation: autoDraw = True
17.1186 	INFO 	Keyboard events cleared
17.1180 	EXP 	fixation: autoDraw = False
17.1180 	EXP 	grating: autoDraw = True
17.4181 	EXP 	grating: autoDraw = False
17.6955 	DATA 	Keypress: left
17.7016 	EXP 	fixation: autoDraw = False
17.7016 	EXP 	grating: autoDraw = False
17.7016 	EXP 	grating: ori = -2.5
17.7016 	EXP 	fixation: autoDraw = True
18.2030 	INFO 	Keyboard events cleared
18.2025 	EXP 	fixation: autoDraw = False
18.2025 	EXP 	grating: autoDraw = True
18.5027 	EXP 	grating: autoDraw = False
18.6970 	DATA 	Keypress: left
18.7030 	EXP 	fixation: autoDraw = False
18.7030 	EXP 	grating: autoDraw = False
18.7030 	EXP 	grating: ori = -2.5
18.7030 	EXP 	fixation: autoDraw = True
19.2041 	INFO 	Keyboard events cleared
19.2037 	EXP 	fixation: autoDraw = False
19.2037 	EXP 	grating: autoDraw = True
19.5039 	EXP 	grating: autoDraw = False
19.7478 	DATA 	Keypress: left
19.7537 	EXP 	fixation: autoDraw = False
19.7537 	EXP 	grating: autoDraw = False
19.7537 	EXP 	grating: ori = -2.5
19.7537 	EXP 	fixation: autoDraw = True
20.2553 	INFO 	Keyboard events cleared
20.2547 	EXP 	fixation: autoDraw = False
20.2547 	EXP 	grating: autoDraw = True
20.5550 	EXP 	grating: autoDraw = False
20.7135 	DATA 	Keypress: left
20.7215 	EXP 	fixation: autoDraw = False
20.7215 	EXP 	grating: autoDraw = False
20.7215 	EXP 	grating: ori = -2.0
20.7215 	EXP 	fixation: autoDraw = True
21.2232 	INFO 	Keyboard events cleared
21.2226 	EXP 	fixation: autoDraw = False
21.2226 	EXP 	grating: autoDraw = True
21.5226 	EXP 	grating: autoDraw = False
21.6999 	DATA 	Keypress: left
21.7062 	EXP 	fixation: autoDraw = False
21.7062 	EXP 	grating: autoDraw = False
21.7062 	EXP 	grating: ori = 2.0
21.7062 	EXP 	fixation: autoDraw = True
22.2076 	INFO 	Keyboard events cleared
22.2070 	EXP 	fixation: autoDraw = False
22.2070 	EXP 	grating: autoDraw = True
22.5069 	EXP 	grating: autoDraw = False
22.6996 	DATA 	Keypress: right
22.7071 	EXP 	fixation: autoDraw = False
22.7071 	EXP 	grating: autoDraw = False
22.7071 	EXP 	grating: ori = 2.0
22.7071 	EXP 	fixation: autoDraw = True
23.2090 	INFO 	Keyboard events cleared
23.2083 	EXP 	fixation: autoDraw = False
23.2083 	EXP 	grating: autoDraw = True
23.5082 	EXP 	grating: autoDraw = False
23.8033 	DATA 	Keypress: left
23.8085 	EXP 	fixation: autoDraw = False
23.8085 	EXP 	grating: autoDraw = False
23.8085 	EXP 	grating: ori = 2.5
23.8085 	EXP 	fixation: autoDraw = True
24.3099 	INFO 	Keyboard events cleared
24.3093 	EXP 	fixation: autoDraw = False
24.3093 	EXP 	grating: autoDraw = True
24.6093 	EXP 	grating: autoDraw = False
24.7858 	DATA 	Keypress: right
24.7928 	EXP 	fixation: autoDraw = False
24.7928 	EXP 	grating: autoDraw = False
24.7928 	EXP 	grating: ori = -2.5
24.7928 	EXP 	fixation: autoDraw = True
25.2941 	INFO 	Keyboard events cleared
25.2936 	EXP 	fixation: autoDraw = False
25.2936 	EXP 	grating: autoDraw = True
25.5939 	EXP 	grating: autoDraw = False
25.9389 	DATA 	Keypress: left
25.9439 	EXP 	fixation: autoDraw = False
25.9439 	EXP 	grating: autoDraw = False
25.9439 	EXP 	grating: ori = -2.5
25.9439 	EXP 	fixation: autoDraw = True
26.4454 	INFO 	Keyboard events cleared
26.4448 	EXP 	fixation: autoDraw = False
26.4448 	EXP 	grating: autoDraw = True
26.7450 	EXP 	grating: autoDraw = False
27.2227 	DATA 	Keypress: right
27.2288 	EXP 	fixation: autoDraw = False
27.2288 	EXP 	grating: autoDraw = False
27.2288 	EXP 	grating: ori = -3.0
27.2288 	EXP 	fixation: autoDraw = True
27.7305 	INFO 	Keyboard events cleared
27.7298 	EXP 	fixation: autoDraw = False
27.7298 	EXP 	grating: autoDraw = True
28.0301 	EXP 	grating: autoDraw = False
29.3266 	DATA 	Keypress: left
29.3469 	EXP 	fixation: autoDraw = False
29.3469 	EXP 	grating: autoDraw = False
29.3469 	EXP 	grating: ori = 3.0
29.3469 	EXP 	fixation: autoDraw = True
29.8329 	INFO 	Keyboard events cleared
29.8321 	EXP 	grating: autoDraw = True
29.8486 	EXP 	fixation: autoDraw = False
30.1321 	EXP 	grating: autoDraw = False
30.5124 	DATA 	Keypress: right
30.5315 	EXP 	fixation: autoDraw = False
30.5315 	EXP 	grating: autoDraw = False
30.5315 	EXP 	grating: ori = 3.0
30.5315 	EXP 	fixation: autoDraw = True
31.0170 	INFO 	Keyboard events cleared
31.0164 	EXP 	grating: autoDraw = True
31.0331 	EXP 	fixation: autoDraw = False
31.3167 	EXP 	grating: autoDraw = False
31.5811 	DATA 	Keypress: right
31.5993 	EXP 	fixation: autoDraw = False
31.5993 	EXP 	grating: autoDraw = False
31.5993 	EXP 	grating: ori = 2.5
31.5993 	EXP 	fixation: autoDraw = True
32.0849 	INFO 	Keyboard events cleared
32.0844 	EXP 	grating: autoDraw = True
32.1013 	EXP 	fixation: autoDraw = False
32.3847 	EXP 	grating: autoDraw = False
32.5297 	DATA 	Keypress: right
32.5349 	EXP 	fixation: autoDraw = False
32.5349 	EXP 	grating: autoDraw = False
32.5349 	EXP 	grating: ori = 2.5
32.5349 	EXP 	fixation: autoDraw = True
33.0359 	INFO 	Keyboard events cleared
33.0353 	EXP 	fixation: autoDraw = False
33.0353 	EXP 	grating: autoDraw = True
33.3356 	EXP 	grating: autoDraw = False
33.4614 	DATA 	Keypress: right
33.4690 	EXP 	fixation: autoDraw = False
33.4690 	EXP 	grating: autoDraw = False
33.4690 	EXP 	grating: ori = 2.5
33.4690 	EXP 	fixation: autoDraw = True
33.9701 	INFO 	Keyboard events cleared
33.9696 	EXP 	fixation: autoDraw = False
33.9696 	EXP 	grating: autoDraw = True
34.2698 	EXP 	grating: autoDraw = False
34.4157 	DATA 	Keypress: right
34.4358 	EXP 	fixation: autoDraw = False
34.4358 	EXP 	grating: autoDraw = False
34.4358 	EXP 	grating: ori = -2.0
34.4358 	EXP 	fixation: autoDraw = True
34.9218 	INFO 	Keyboard events cleared
34.9211 	EXP 	grating: autoDraw = True
34.9532 	EXP 	fixation: autoDraw = False
35.2209 	EXP 	grating: autoDraw = False
35.5196 	DATA 	Keypress: left
35.5371 	EXP 	fixation: autoDraw = False
35.5371 	EXP 	grating: autoDraw = False
35.5371 	EXP 	grating: ori = -2.0
35.5371 	EXP 	fixation: autoDraw = True
36.0386 	INFO 	Keyboard events cleared
36.0379 	EXP 	grating: autoDraw = True
36.0554 	EXP 	fixation: autoDraw = False
36.3388 	EXP 	grating: autoDraw = False
36.7820 	DATA 	Keypress: left
36.7891 	EXP 	fixation: autoDraw = False
36.7891 	EXP 	grating: autoDraw = False
36.7891 	EXP 	grating: ori = -2.0
36.7891 	EXP 	fixation: autoDraw = True
37.2904 	INFO 	Keyboard events cleared
37.2899 	EXP 	fixation: autoDraw = False
37.2899 	EXP 	grating: autoDraw = True
37.5903 	EXP 	grating: autoDraw = False
38.0668 	DATA 	Keypress: left
38.0738 	EXP 	fixation: autoDraw = False
38.0738 	EXP 	grating: autoDraw = False
38.0738 	EXP 	grating: ori = -1.5
38.0738 	EXP 	fixation: autoDraw = True
38.5758 	INFO 	Keyboard events cleared
38.5752 	EXP 	fixation: autoDraw = False
38.5752 	EXP 	grating: autoDraw = True
38.8747 	EXP 	grating: autoDraw = False
39.1541 	DATA 	Keypress: left
39.1742 	EXP 	fixation: autoDraw = False
39.1742 	EXP 	grating: autoDraw = False
39.1742 	EXP 	grating: ori = -1.5
39.1742 	EXP 	fixation: autoDraw = True
39.6603 	INFO 	Keyboard events cleared
39.6596 	EXP 	grating: autoDraw = True
39.6761 	EXP 	fixation: autoDraw = False
39.9596 	EXP 	grating: autoDraw = False
40.1394 	DATA 	Keypress: left
40.1587 	EXP 	fixation: autoDraw = False
40.1587 	EXP 	grating: autoDraw = False
40.1587 	EXP 	grating: ori = 1.5
40.1587 	EXP 	fixation: autoDraw = True
40.6602 	INFO 	Keyboard events cleared
40.6596 	EXP 	grating: autoDraw = True
40.6771 	EXP 	fixation: autoDraw = False
40.9776 	EXP 	grating: autoDraw = False
41.3704 	DATA 	Keypress: right
41.3945 	EXP 	fixation: autoDraw = False
41.3945 	EXP 	grating: autoDraw = False
41.3945 	EXP 	grating: ori = -1.0
41.3945 	EXP 	fixation: autoDraw = True
41.9117 	INFO 	Keyboard events cleared
41.9110 	EXP 	fixation: autoDraw = False
41.9110 	EXP 	grating: autoDraw = True
42.2121 	EXP 	grating: autoDraw = False
44.1093 	DATA 	Keypress: left
44.1145 	EXP 	fixation: autoDraw = False
44.1145 	EXP 	grating: autoDraw = False
44.1145 	EXP 	grating: ori = 1.0
44.1145 	EXP 	fixation: autoDraw = True
44.6157 	INFO 	Keyboard events cleared
44.6150 	EXP 	fixation: autoDraw = False
44.6150 	EXP 	grating: autoDraw = True
44.9151 	EXP 	grating: autoDraw = False
46.1799 	DATA 	Keypress: left
46.1987 	EXP 	fixation: autoDraw = False
46.1987 	EXP 	grating: autoDraw = False
46.1987 	EXP 	grating: ori = -1.5
46.1987 	EXP 	fixation: autoDraw = True
46.6844 	INFO 	Keyboard events cleared
46.6837 	EXP 	grating: autoDraw = True
46.7004 	EXP 	fixation: autoDraw = False
46.9839 	EXP 	grating: autoDraw = False
47.3793 	DATA 	Keypress: left
47.3846 	EXP 	fixation: autoDraw = False
47.3846 	EXP 	grating: autoDraw = False
47.3846 	EXP 	grating: ori = -1.5
47.3846 	EXP 	fixation: autoDraw = True
47.8857 	INFO 	Keyboard events cleared
47.8850 	EXP 	fixation: autoDraw = False
47.8850 	EXP 	grating: autoDraw = True
48.1853 	EXP 	grating: autoDraw = False
48.4990 	DATA 	Keypress: left
48.5179 	EXP 	fixation: autoDraw = False
48.5179 	EXP 	grating: autoDraw = False
48.5179 	EXP 	grating: ori = -1.5
48.5179 	EXP 	fixation: autoDraw = True
49.0200 	INFO 	Keyboard events cleared
49.0193 	EXP 	grating: autoDraw = True
49.0368 	EXP 	fixation: autoDraw = False
49.3199 	EXP 	grating: autoDraw = False
49.5007 	DATA 	Keypress: left
49.5191 	EXP 	fixation: autoDraw = False
49.5191 	EXP 	grating: autoDraw = False
49.5191 	EXP 	grating: ori = 1.0
49.5191 	EXP 	fixation: autoDraw = True
50.0042 	INFO 	Keyboard events cleared
50.0038 	EXP 	grating: autoDraw = True
50.0209 	EXP 	fixation: autoDraw = False
50.3042 	EXP 	grating: autoDraw = False
50.4309 	DATA 	Keypress: left
50.4541 	EXP 	fixation: autoDraw = False
50.4541 	EXP 	grating: autoDraw = False
50.4541 	EXP 	grating: ori = 1.5
50.4541 	EXP 	fixation: autoDraw = True
50.9560 	INFO 	Keyboard events cleared
50.9553 	EXP 	fixation: autoDraw = False
50.9553 	EXP 	grating: autoDraw = True
51.2552 	EXP 	grating: autoDraw = False
51.5165 	DATA 	Keypress: left
51.5223 	EXP 	fixation: autoDraw = False
51.5223 	EXP 	grating: autoDraw = False
51.5223 	EXP 	grating: ori = -2.0
51.5223 	EXP 	fixation: autoDraw = True
52.0243 	INFO 	Keyboard events cleared
52.0236 	EXP 	fixation: autoDraw = False
52.0236 	EXP 	grating: autoDraw = True
52.3231 	EXP 	grating: autoDraw = False
52.4683 	DATA 	Keypress: left
52.4889 	EXP 	fixation: autoDraw = False
52.4889 	EXP 	grating: autoDraw = False
52.4889 	EXP 	grating: ori = -2.0
52.4889 	EXP 	fixation: autoDraw = True
52.9745 	INFO 	Keyboard events cleared
52.9739 	EXP 	grating: autoDraw = True
52.9909 	EXP 	fixation: autoDraw = False
53.2741 	EXP 	grating: autoDraw = False
53.5475 	DATA 	Keypress: left
53.5575 	EXP 	fixation: autoDraw = False
53.5575 	EXP 	grating: autoDraw = False
53.5575 	EXP 	grating: ori = 2.0
53.5575 	EXP 	fixation: autoDraw = True
54.0769 	INFO 	Keyboard events cleared
54.0762 	EXP 	fixation: autoDraw = False
54.0762 	EXP 	grating: autoDraw = True
54.3751 	EXP 	grating: autoDraw = False
54.5852 	DATA 	Keypress: left
54.5921 	EXP 	fixation: autoDraw = False
54.5921 	EXP 	grating: autoDraw = False
54.5921 	EXP 	grating: ori = 2.5
54.5921 	EXP 	fixation: autoDraw = True
55.0933 	INFO 	Keyboard events cleared
55.0927 	EXP 	fixation: autoDraw = False
55.0927 	EXP 	grating: autoDraw = True
55.3933 	EXP 	grating: autoDraw = False
55.8700 	DATA 	Keypress: right
55.8772 	EXP 	fixation: autoDraw = False
55.8772 	EXP 	grating: autoDraw = False
55.8772 	EXP 	grating: ori = -2.5
55.8772 	EXP 	fixation: autoDraw = True
56.3786 	INFO 	Keyboard events cleared
56.3781 	EXP 	fixation: autoDraw = False
56.3781 	EXP 	grating: autoDraw = True
56.6784 	EXP 	grating: autoDraw = False
57.1063 	DATA 	Keypress: left
57.1119 	EXP 	fixation: autoDraw = False
57.1119 	EXP 	grating: autoDraw = False
57.1119 	EXP 	grating: ori = 2.5
57.1119 	EXP 	fixation: autoDraw = True
57.6129 	INFO 	Keyboard events cleared
57.6123 	EXP 	fixation: autoDraw = False
57.6123 	EXP 	grating: autoDraw = True
57.9123 	EXP 	grating: autoDraw = False
58.0708 	DATA 	Keypress: right
58.0792 	EXP 	fixation: autoDraw = False
58.0792 	EXP 	grating: autoDraw = False
58.0792 	EXP 	grating: ori = -2.0
58.0792 	EXP 	fixation: autoDraw = True
58.5806 	INFO 	Keyboard events cleared
58.5800 	EXP 	fixation: autoDraw = False
58.5800 	EXP 	grating: autoDraw = True
58.8801 	EXP 	grating: autoDraw = False
59.1217 	DATA 	Keypress: left
59.1309 	EXP 	fixation: autoDraw = False
59.1309 	EXP 	grating: autoDraw = False
59.1309 	EXP 	grating: ori = -2.0
59.1309 	EXP 	fixation: autoDraw = True
59.6318 	INFO 	Keyboard events cleared
59.6312 	EXP 	fixation: autoDraw = False
59.6312 	EXP 	grating: autoDraw = True
59.9316 	EXP 	grating: autoDraw = False
60.4104 	DATA 	Keypress: left
60.4312 	EXP 	fixation: autoDraw = False
60.4312 	EXP 	grating: autoDraw = False
60.4312 	EXP 	grating: ori = -2.0
60.4312 	EXP 	fixation: autoDraw = True
60.9163 	INFO 	Keyboard events cleared
60.9158 	EXP 	grating: autoDraw = True
60.9332 	EXP 	fixation: autoDraw = False
61.2159 	EXP 	grating: autoDraw = False
61.6252 	DATA 	Keypress: right
61.6499 	EXP 	fixation: autoDraw = False
61.6499 	EXP 	grating: autoDraw = False
61.6499 	EXP 	grating: ori = -2.5
61.6499 	EXP 	fixation: autoDraw = True
62.1512 	INFO 	Keyboard events cleared
62.1506 	EXP 	fixation: autoDraw = False
62.1506 	EXP 	grating: autoDraw = True
62.4508 	EXP 	grating: autoDraw = False
63.0628 	DATA 	Keypress: left
63.0681 	EXP 	fixation: autoDraw = False
63.0681 	EXP 	grating: autoDraw = False
63.0681 	EXP 	grating: ori = -2.5
63.0681 	EXP 	fixation: autoDraw = True
63.5693 	INFO 	Keyboard events cleared
63.5689 	EXP 	fixation: autoDraw = False
63.5689 	EXP 	grating: autoDraw = True
63.8690 	EXP 	grating: autoDraw = False
64.1496 	DATA 	Keypress: right
64.1688 	EXP 	fixation: autoDraw = False
64.1688 	EXP 	grating: autoDraw = False
64.1688 	EXP 	grating: ori = -3.0
64.1688 	EXP 	fixation: autoDraw = True
64.6536 	INFO 	Keyboard events cleared
64.6532 	EXP 	grating: autoDraw = True
64.6698 	EXP 	fixation: autoDraw = False
64.9535 	EXP 	grating: autoDraw = False
65.7339 	DATA 	Keypress: right
65.7533 	EXP 	fixation: autoDraw = False
65.7533 	EXP 	grating: autoDraw = False
65.7533 	EXP 	grating: ori = 3.5
65.7533 	EXP 	fixation: autoDraw = True
66.2389 	INFO 	Keyboard events cleared
66.2383 	EXP 	grating: autoDraw = True
66.2551 	EXP 	fixation: autoDraw = False
66.5386 	EXP 	grating: autoDraw = False
67.1522 	DATA 	Keypress: right
67.1716 	EXP 	fixation: autoDraw = False
67.1716 	EXP 	grating: autoDraw = False
67.1716 	EXP 	grating: ori = 3.5
67.1716 	EXP 	fixation: autoDraw = True
67.6577 	INFO 	Keyboard events cleared
67.6571 	EXP 	grating: autoDraw = True
67.6733 	EXP 	fixation: autoDraw = False
67.9570 	EXP 	grating: autoDraw = False
68.3701 	DATA 	Keypress: right
68.3897 	EXP 	fixation: autoDraw = False
68.3897 	EXP 	grating: autoDraw = False
68.3897 	EXP 	grating: ori = -3.5
68.3897 	EXP 	fixation: autoDraw = True
68.8752 	INFO 	Keyboard events cleared
68.8746 	EXP 	grating: autoDraw = True
68.8912 	EXP 	fixation: autoDraw = False
69.1752 	EXP 	grating: autoDraw = False
69.5189 	DATA 	Keypress: left
69.5251 	EXP 	fixation: autoDraw = False
69.5251 	EXP 	grating: autoDraw = False
69.5251 	EXP 	grating: ori = -3.0
69.5251 	EXP 	fixation: autoDraw = True
70.0266 	INFO 	Keyboard events cleared
70.0260 	EXP 	fixation: autoDraw = False
70.0260 	EXP 	grating: autoDraw = True
70.3260 	EXP 	grating: autoDraw = False
70.5688 	DATA 	Keypress: left
70.5761 	EXP 	fixation: autoDraw = False
70.5761 	EXP 	grating: autoDraw = False
70.5761 	EXP 	grating: ori = -3.0
70.5761 	EXP 	fixation: autoDraw = True
71.0776 	INFO 	Keyboard events cleared
71.0770 	EXP 	fixation: autoDraw = False
71.0770 	EXP 	grating: autoDraw = True
71.3772 	EXP 	grating: autoDraw = False
71.6882 	DATA 	Keypress: left
71.6942 	EXP 	fixation: autoDraw = False
71.6942 	EXP 	grating: autoDraw = False
71.6942 	EXP 	grating: ori = -3.0
71.6942 	EXP 	fixation: autoDraw = True
72.1952 	INFO 	Keyboard events cleared
72.1948 	EXP 	fixation: autoDraw = False
72.1948 	EXP 	grating: autoDraw = True
72.4952 	EXP 	grating: autoDraw = False
72.7909 	DATA 	Keypress: left
72.8111 	EXP 	fixation: autoDraw = False
72.8111 	EXP 	grating: autoDraw = False
72.8111 	EXP 	grating: ori = 2.5
72.8111 	EXP 	fixation: autoDraw = True
73.2966 	INFO 	Keyboard events cleared
73.2961 	EXP 	grating: autoDraw = True
73.3128 	EXP 	fixation: autoDraw = False
73.5964 	EXP 	grating: autoDraw = False
74.2576 	DATA 	Keypress: left
74.2636 	EXP 	fixation: autoDraw = False
74.2636 	EXP 	grating: autoDraw = False
74.2636 	EXP 	grating: ori = 3.0
74.2636 	EXP 	fixation: autoDraw = True
74.7650 	INFO 	Keyboard events cleared
74.7644 	EXP 	fixation: autoDraw = False
74.7644 	EXP 	grating: autoDraw = True
75.0648 	EXP 	grating: autoDraw = False
75.5436 	DATA 	Keypress: left
75.5488 	EXP 	fixation: autoDraw = False
75.5488 	EXP 	grating: autoDraw = False
75.5488 	EXP 	grating: ori = -3.5
75.5488 	EXP 	fixation: autoDraw = True
76.0496 	INFO 	Keyboard events cleared
76.0491 	EXP 	fixation: autoDraw = False
76.0491 	EXP 	grating: autoDraw = True
76.3492 	EXP 	grating: autoDraw = False
77.4247 	DATA 	Keypress: left
77.4336 	EXP 	fixation: autoDraw = False
77.4336 	EXP 	grating: autoDraw = False
77.4336 	EXP 	grating: ori = 3.5
77.4336 	EXP 	fixation: autoDraw = True
77.9350 	INFO 	Keyboard events cleared
77.9344 	EXP 	fixation: autoDraw = False
77.9344 	EXP 	grating: autoDraw = True
78.2347 	EXP 	grating: autoDraw = False
78.5791 	DATA 	Keypress: right
78.5850 	EXP 	fixation: autoDraw = False
78.5850 	EXP 	grating: autoDraw = False
78.5850 	EXP 	grating: ori = -3.5
78.5850 	EXP 	fixation: autoDraw = True
79.0863 	INFO 	Keyboard events cleared
79.0857 	EXP 	fixation: autoDraw = False
79.0857 	EXP 	grating: autoDraw = True
79.3860 	EXP 	grating: autoDraw = False
79.6793 	DATA 	Keypress: left
79.6860 	EXP 	fixation: autoDraw = False
79.6860 	EXP 	grating: autoDraw = False
79.6860 	EXP 	grating: ori = -3.0
79.6860 	EXP 	fixation: autoDraw = True
80.1879 	INFO 	Keyboard events cleared
80.1871 	EXP 	fixation: autoDraw = False
80.1871 	EXP 	grating: autoDraw = True
80.4877 	EXP 	grating: autoDraw = False
80.7996 	DATA 	Keypress: left
80.8199 	EXP 	fixation: autoDraw = False
80.8199 	EXP 	grating: autoDraw = False
80.8199 	EXP 	grating: ori = 3.0
80.8199 	EXP 	fixation: autoDraw = True
81.3057 	INFO 	Keyboard events cleared
81.3050 	EXP 	grating: autoDraw = True
81.3214 	EXP 	fixation: autoDraw = False
81.6050 	EXP 	grating: autoDraw = False
81.9345 	DATA 	Keypress: right
81.9545 	EXP 	fixation: autoDraw = False
81.9545 	EXP 	grating: autoDraw = False
81.9545 	EXP 	grating: ori = 3.0
81.9545 	EXP 	fixation: autoDraw = True
82.4399 	INFO 	Keyboard events cleared
82.4393 	EXP 	grating: autoDraw = True
82.4562 	EXP 	fixation: autoDraw = False
82.7396 	EXP 	grating: autoDraw = False
83.1186 	DATA 	Keypress: right
83.1390 	EXP 	fixation: autoDraw = False
83.1390 	EXP 	grating: autoDraw = False
83.1390 	EXP 	grating: ori = 2.5
83.1390 	EXP 	fixation: autoDraw = True
83.6409 	INFO 	Keyboard events cleared
83.6401 	EXP 	grating: autoDraw = True
83.6579 	EXP 	fixation: autoDraw = False
83.9410 	EXP 	grating: autoDraw = False
84.1701 	DATA 	Keypress: right
84.1904 	EXP 	fixation: autoDraw = False
84.1904 	EXP 	grating: autoDraw = False
84.1904 	EXP 	grating: ori = 2.5
84.1904 	EXP 	fixation: autoDraw = True
84.6765 	INFO 	Keyboard events cleared
84.6758 	EXP 	grating: autoDraw = True
84.6920 	EXP 	fixation: autoDraw = False
84.9755 	EXP 	grating: autoDraw = False
85.3048 	DATA 	Keypress: right
85.3248 	EXP 	fixation: autoDraw = False
85.3248 	EXP 	grating: autoDraw = False
85.3248 	EXP 	grating: ori = -2.5
85.3248 	EXP 	fixation: autoDraw = True
85.8106 	INFO 	Keyboard events cleared
85.8100 	EXP 	grating: autoDraw = True
85.8266 	EXP 	fixation: autoDraw = False
86.1101 	EXP 	grating: autoDraw = False
86.3396 	DATA 	Keypress: left
86.3592 	EXP 	fixation: autoDraw = False
86.3592 	EXP 	grating: autoDraw = False
86.3592 	EXP 	grating: ori = -2.0
86.3592 	EXP 	fixation: autoDraw = True
86.8455 	INFO 	Keyboard events cleared
86.8448 	EXP 	grating: autoDraw = True
86.8611 	EXP 	fixation: autoDraw = False
87.1464 	EXP 	grating: autoDraw = False
87.3863 	DATA 	Keypress: left
87.3947 	EXP 	fixation: autoDraw = False
87.3947 	EXP 	grating: autoDraw = False
87.3947 	EXP 	grating: ori = -2.0
87.3947 	EXP 	fixation: autoDraw = True
87.8961 	INFO 	Keyboard events cleared
87.8955 	EXP 	fixation: autoDraw = False
87.8955 	EXP 	grating: autoDraw = True
88.1957 	EXP 	grating: autoDraw = False
88.5566 	DATA 	Keypress: left
88.5625 	EXP 	fixation: autoDraw = False
88.5625 	EXP 	grating: autoDraw = False
88.5625 	EXP 	grating: ori = -2.0
88.5625 	EXP 	fixation: autoDraw = True
89.0638 	INFO 	Keyboard events cleared
89.0633 	EXP 	fixation: autoDraw = False
89.0633 	EXP 	grating: autoDraw = True
89.3641 	EXP 	grating: autoDraw = False
89.5238 	DATA 	Keypress: left
89.5302 	EXP 	fixation: autoDraw = False
89.5302 	EXP 	grating: autoDraw = False
89.5302 	EXP 	grating: ori = -1.5
89.5302 	EXP 	fixation: autoDraw = True
90.0316 	INFO 	Keyboard events cleared
90.0310 	EXP 	fixation: autoDraw = False
90.0310 	EXP 	grating: autoDraw = True
90.3311 	EXP 	grating: autoDraw = False
90.4937 	DATA 	Keypress: left
90.5138 	EXP 	fixation: autoDraw = False
90.5138 	EXP 	grating: autoDraw = False
90.5138 	EXP 	grating: ori = 1.5
90.5138 	EXP 	fixation: autoDraw = True
90.9991 	INFO 	Keyboard events cleared
90.9985 	EXP 	grating: autoDraw = True
91.0160 	EXP 	fixation: autoDraw = False
91.2989 	EXP 	grating: autoDraw = False
91.6292 	DATA 	Keypress: right
91.6484 	EXP 	fixation: autoDraw = False
91.6484 	EXP 	grating: autoDraw = False
91.6484 	EXP 	grating: ori = 1.5
91.6484 	EXP 	fixation: autoDraw = True
92.1340 	INFO 	Keyboard events cleared
92.1333 	EXP 	grating: autoDraw = True
92.1499 	EXP 	fixation: autoDraw = False
92.4335 	EXP 	grating: autoDraw = False
92.7264 	DATA 	Keypress: right
92.7337 	EXP 	fixation: autoDraw = False
92.7337 	EXP 	grating: autoDraw = False
92.7337 	EXP 	grating: ori = 1.0
92.7337 	EXP 	fixation: autoDraw = True
93.2353 	INFO 	Keyboard events cleared
93.2347 	EXP 	fixation: autoDraw = False
93.2347 	EXP 	grating: autoDraw = True
93.5352 	EXP 	grating: autoDraw = False
93.8150 	DATA 	Keypress: right
93.8342 	EXP 	fixation: autoDraw = False
93.8342 	EXP 	grating: autoDraw = False
93.8342 	EXP 	grating: ori = 1.0
93.8342 	EXP 	fixation: autoDraw = True
94.3196 	INFO 	Keyboard events cleared
94.3190 	EXP 	grating: autoDraw = True
94.3363 	EXP 	fixation: autoDraw = False
94.6192 	EXP 	grating: autoDraw = False
95.1005 	DATA 	Keypress: right
95.1192 	EXP 	fixation: autoDraw = False
95.1192 	EXP 	grating: autoDraw = False
95.1192 	EXP 	grating: ori = 1.0
95.1192 	EXP 	fixation: autoDraw = True
95.6042 	INFO 	Keyboard events cleared
95.6037 	EXP 	grating: autoDraw = True
95.6207 	EXP 	fixation: autoDraw = False
95.9040 	EXP 	grating: autoDraw = False
96.1652 	DATA 	Keypress: right
96.1710 	EXP 	fixation: autoDraw = False
96.1710 	EXP 	grating: autoDraw = False
96.1710 	EXP 	grating: ori = 0.5
96.1710 	EXP 	fixation: autoDraw = True
96.6723 	INFO 	Keyboard events cleared
96.6717 	EXP 	fixation: autoDraw = False
96.6717 	EXP 	grating: autoDraw = True
96.9719 	EXP 	grating: autoDraw = False
97.1647 	DATA 	Keypress: right
97.1717 	EXP 	fixation: autoDraw = False
97.1717 	EXP 	grating: autoDraw = False
97.1717 	EXP 	grating: ori = 0.5
97.1717 	EXP 	fixation: autoDraw = True
97.6734 	INFO 	Keyboard events cleared
97.6728 	EXP 	fixation: autoDraw = False
97.6728 	EXP 	grating: autoDraw = True
97.9730 	EXP 	grating: autoDraw = False
98.2150 	DATA 	Keypress: right
98.2231 	EXP 	fixation: autoDraw = False
98.2231 	EXP 	grating: autoDraw = False
98.2231 	EXP 	grating: ori = -0.5
98.2231 	EXP 	fixation: autoDraw = True
98.7249 	INFO 	Keyboard events cleared
98.7243 	EXP 	fixation: autoDraw = False
98.7243 	EXP 	grating: autoDraw = True
99.0241 	EXP 	grating: autoDraw = False
99.2207 	DATA 	Keypress: right
99.2403 	EXP 	fixation: autoDraw = False
99.2403 	EXP 	grating: autoDraw = False
99.2403 	EXP 	grating: ori = -1.0
99.2403 	EXP 	fixation: autoDraw = True
99.7255 	INFO 	Keyboard events cleared
99.7250 	EXP 	grating: autoDraw = True
99.7417 	EXP 	fixation: autoDraw = False
100.0253 	EXP 	grating: autoDraw = False
100.2170 	DATA 	Keypress: right
100.2255 	EXP 	fixation: autoDraw = False
100.2255 	EXP 	grating: autoDraw = False
100.2255 	EXP 	grating: ori = 1.5
100.2255 	EXP 	fixation: autoDraw = True
100.7267 	INFO 	Keyboard events cleared
100.7261 	EXP 	fixation: autoDraw = False
100.7261 	EXP 	grating: autoDraw = True
101.0262 	EXP 	grating: autoDraw = False
101.1859 	DATA 	Keypress: right
101.1929 	EXP 	fixation: autoDraw = False
101.1929 	EXP 	grating: autoDraw = False
101.1929 	EXP 	grating: ori = 1.5
101.1929 	EXP 	fixation: autoDraw = True
101.6943 	INFO 	Keyboard events cleared
101.6938 	EXP 	fixation: autoDraw = False
101.6938 	EXP 	grating: autoDraw = True
101.9941 	EXP 	grating: autoDraw = False
102.3020 	DATA 	Keypress: right
102.3108 	EXP 	fixation: autoDraw = False
102.3108 	EXP 	grating: autoDraw = False
102.3108 	EXP 	grating: ori = -1.5
102.3108 	EXP 	fixation: autoDraw = True
102.8121 	INFO 	Keyboard events cleared
102.8117 	EXP 	fixation: autoDraw = False
102.8117 	EXP 	grating: autoDraw = True
103.1123 	EXP 	grating: autoDraw = False
103.8574 	DATA 	Keypress: left
103.8626 	EXP 	fixation: autoDraw = False
103.8626 	EXP 	grating: autoDraw = False
103.8626 	EXP 	grating: ori = 1.0
103.8626 	EXP 	fixation: autoDraw = True
104.3641 	INFO 	Keyboard events cleared
104.3634 	EXP 	fixation: autoDraw = False
104.3634 	EXP 	grating: autoDraw = True
104.6636 	EXP 	grating: autoDraw = False
106.2617 	DATA 	Keypress: left
106.2811 	EXP 	fixation: autoDraw = False
106.2811 	EXP 	grating: autoDraw = False
106.2811 	EXP 	grating: ori = -1.5
106.2811 	EXP 	fixation: autoDraw = True
106.7665 	INFO 	Keyboard events cleared
106.7660 	EXP 	grating: autoDraw = True
106.7828 	EXP 	fixation: autoDraw = False
107.0662 	EXP 	grating: autoDraw = False
107.3926 	DATA 	Keypress: left
107.3998 	EXP 	fixation: autoDraw = False
107.3998 	EXP 	grating: autoDraw = False
107.3998 	EXP 	grating: ori = -1.5
107.3998 	EXP 	fixation: autoDraw = True
107.9014 	INFO 	Keyboard events cleared
107.9007 	EXP 	fixation: autoDraw = False
107.9007 	EXP 	grating: autoDraw = True
108.2008 	EXP 	grating: autoDraw = False
108.7317 	DATA 	Keypress: left
108.7510 	EXP 	fixation: autoDraw = False
108.7510 	EXP 	grating: autoDraw = False
108.7510 	EXP 	grating: ori = 1.5
108.7510 	EXP 	fixation: autoDraw = True
109.2361 	INFO 	Keyboard events cleared
109.2356 	EXP 	grating: autoDraw = True
109.2522 	EXP 	fixation: autoDraw = False
109.5357 	EXP 	grating: autoDraw = False
109.8608 	DATA 	Keypress: left
109.8692 	EXP 	fixation: autoDraw = False
109.8692 	EXP 	grating: autoDraw = False
109.8692 	EXP 	grating: ori = 2.0
109.8692 	EXP 	fixation: autoDraw = True
110.3708 	INFO 	Keyboard events cleared
110.3701 	EXP 	fixation: autoDraw = False
110.3701 	EXP 	grating: autoDraw = True
110.6704 	EXP 	grating: autoDraw = False
110.9671 	DATA 	Keypress: left
110.9862 	EXP 	fixation: autoDraw = False
110.9862 	EXP 	grating: autoDraw = False
110.9862 	EXP 	grating: ori = 2.5
110.9862 	EXP 	fixation: autoDraw = True
111.4717 	INFO 	Keyboard events cleared
111.4711 	EXP 	grating: autoDraw = True
111.4878 	EXP 	fixation: autoDraw = False
111.7715 	EXP 	grating: autoDraw = False
112.0629 	DATA 	Keypress: left
112.0718 	EXP 	fixation: autoDraw = False
112.0718 	EXP 	grating: autoDraw = False
112.0718 	EXP 	grating: ori = 3.0
112.0718 	EXP 	fixation: autoDraw = True
112.5736 	INFO 	Keyboard events cleared
112.5730 	EXP 	fixation: autoDraw = False
112.5730 	EXP 	grating: autoDraw = True
112.8727 	EXP 	grating: autoDraw = False
113.0866 	DATA 	Keypress: left
113.1051 	EXP 	fixation: autoDraw = False
113.1051 	EXP 	grating: autoDraw = False
113.1051 	EXP 	grating: ori = -3.5
113.1051 	EXP 	fixation: autoDraw = True
113.5912 	INFO 	Keyboard events cleared
113.5905 	EXP 	grating: autoDraw = True
113.6070 	EXP 	fixation: autoDraw = False
113.8903 	EXP 	grating: autoDraw = False
114.9136 	DATA 	Keypress: left
114.9249 	EXP 	fixation: autoDraw = False
114.9249 	EXP 	grating: autoDraw = False
114.9249 	EXP 	grating: ori = -3.5
114.9249 	EXP 	fixation: autoDraw = True
115.4262 	INFO 	Keyboard events cleared
115.4256 	EXP 	fixation: autoDraw = False
115.4256 	EXP 	grating: autoDraw = True
115.7256 	EXP 	grating: autoDraw = False
116.0371 	DATA 	Keypress: left
116.0429 	EXP 	fixation: autoDraw = False
116.0429 	EXP 	grating: autoDraw = False
116.0429 	EXP 	grating: ori = 3.5
116.0429 	EXP 	fixation: autoDraw = True
116.5442 	INFO 	Keyboard events cleared
116.5436 	EXP 	fixation: autoDraw = False
116.5436 	EXP 	grating: autoDraw = True
116.8440 	EXP 	grating: autoDraw = False
117.0697 	DATA 	Keypress: right
117.0770 	EXP 	fixation: autoDraw = False
117.0770 	EXP 	grating: autoDraw = False
117.0770 	EXP 	grating: ori = 3.0
117.0770 	EXP 	fixation: autoDraw = True
117.5787 	INFO 	Keyboard events cleared
117.5780 	EXP 	fixation: autoDraw = False
117.5780 	EXP 	grating: autoDraw = True
117.8781 	EXP 	grating: autoDraw = False
118.1043 	DATA 	Keypress: right
118.1116 	EXP 	fixation: autoDraw = False
118.1116 	EXP 	grating: autoDraw = False
118.1116 	EXP 	grating: ori = 3.0
118.1116 	EXP 	fixation: autoDraw = True
118.6130 	INFO 	Keyboard events cleared
118.6124 	EXP 	fixation: autoDraw = False
118.6124 	EXP 	grating: autoDraw = True
118.9126 	EXP 	grating: autoDraw = False
119.1522 	DATA 	Keypress: right
119.1626 	EXP 	fixation: autoDraw = False
119.1626 	EXP 	grating: autoDraw = False
119.1670 	EXP 	adaptive_staircase_exp: status = STOPPED
119.2008 	INFO 	saved data to 'C:\\Users\\ishas\\OneDrive\\Desktop\\Lab in Psych\\adaptive_staircase_exp\\data/158437_adaptive_staircase_exp_2024-09-11_12h38.44.557.csv'
119.2025 	INFO 	saved data to C:\Users\ishas\OneDrive\Desktop\Lab in Psych\adaptive_staircase_exp\data/158437_adaptive_staircase_exp_2024-09-11_12h38.44.557.psydat
119.2643 	EXP 	window1: mouseVisible = True
119.6703 	DEBUG 	Saving data for adaptive_staircase_exp ExperimentHandler
